{"meta": {"format": 3, "version": "7.13.4", "timestamp": "2026-03-18T13:18:51.915237", "branch_coverage": false, "show_contexts": false}, "files": {"src\\hodoku\\__init__.py": {"executed_lines": [1, 2, 3, 5], "summary": {"covered_lines": 4, "num_statements": 4, "percent_covered": 100.0, "percent_covered_display": "100", "missing_lines": 0, "excluded_lines": 0, "percent_statements_covered": 100.0, "percent_statements_covered_display": "100"}, "missing_lines": [], "excluded_lines": [], "functions": {"": {"executed_lines": [1, 2, 3, 5], "summary": {"covered_lines": 4, "num_statements": 4, "percent_covered": 100.0, "percent_covered_display": "100", "missing_lines": 0, "excluded_lines": 0, "percent_statements_covered": 100.0, "percent_statements_covered_display": "100"}, "missing_lines": [], "excluded_lines": [], "start_line": 1}}, "classes": {"": {"executed_lines": [1, 2, 3, 5], "summary": {"covered_lines": 4, "num_statements": 4, "percent_covered": 100.0, "percent_covered_display": "100", "missing_lines": 0, "excluded_lines": 0, "percent_statements_covered": 100.0, "percent_statements_covered_display": "100"}, "missing_lines": [], "excluded_lines": [], "start_line": 1}}}, "src\\hodoku\\api.py": {"executed_lines": [3, 5, 6, 8, 9, 10, 11, 12, 13, 14, 15, 17, 20, 27, 28, 29, 30, 31, 38, 39, 41, 42, 44, 45, 48, 49, 50, 51, 52, 53, 54, 55, 58, 61, 62, 63, 64, 65, 66, 67, 70, 71, 72, 73, 76, 79, 80, 82, 84, 85, 86, 94, 96, 97, 98, 99, 100, 101, 102, 103, 104, 105, 108, 110, 111, 112, 114, 116, 117, 118, 119, 121, 123, 124, 125, 126, 127, 128, 131, 138, 140, 141, 142, 144, 156, 159, 160, 161, 165, 166, 169, 176, 177, 182, 187, 194], "summary": {"covered_lines": 96, "num_statements": 121, "percent_covered": 79.33884297520662, "percent_covered_display": "79", "missing_lines": 25, "excluded_lines": 0, "percent_statements_covered": 79.33884297520662, "percent_statements_covered_display": "79"}, "missing_lines": [32, 33, 34, 35, 36, 37, 106, 157, 162, 163, 171, 178, 183, 184, 185, 189, 200, 201, 202, 203, 204, 205, 206, 207, 209], "excluded_lines": [], "functions": {"_validate_puzzle": {"executed_lines": [27, 28, 29, 30, 31, 38, 39, 41, 42, 44, 45, 48, 49, 50, 51, 52, 53, 54, 55, 58], "summary": {"covered_lines": 20, "num_statements": 26, "percent_covered": 76.92307692307692, "percent_covered_display": "77", "missing_lines": 6, "excluded_lines": 0, "percent_statements_covered": 76.92307692307692, "percent_statements_covered_display": "77"}, "missing_lines": [32, 33, 34, 35, 36, 37], "excluded_lines": [], "start_line": 20}, "Solver.__init__": {"executed_lines": [80], "summary": {"covered_lines": 1, "num_statements": 1, "percent_covered": 100.0, "percent_covered_display": "100", "missing_lines": 0, "excluded_lines": 0, "percent_statements_covered": 100.0, "percent_statements_covered_display": "100"}, "missing_lines": [], "excluded_lines": [], "start_line": 79}, "Solver.solve": {"executed_lines": [84, 85, 86], "summary": {"covered_lines": 3, "num_statements": 3, "percent_covered": 100.0, "percent_covered_display": "100", "missing_lines": 0, "excluded_lines": 0, "percent_statements_covered": 100.0, "percent_statements_covered_display": "100"}, "missing_lines": [], "excluded_lines": [], "start_line": 82}, "Solver.get_hint": {"executed_lines": [96, 97, 98, 99, 100, 101, 102, 103, 104, 105], "summary": {"covered_lines": 10, "num_statements": 11, "percent_covered": 90.9090909090909, "percent_covered_display": "91", "missing_lines": 1, "excluded_lines": 0, "percent_statements_covered": 90.9090909090909, "percent_statements_covered_display": "91"}, "missing_lines": [106], "excluded_lines": [], "start_line": 94}, "Solver.rate": {"executed_lines": [110, 111, 112], "summary": {"covered_lines": 3, "num_statements": 3, "percent_covered": 100.0, "percent_covered_display": "100", "missing_lines": 0, "excluded_lines": 0, "percent_statements_covered": 100.0, "percent_statements_covered_display": "100"}, "missing_lines": [], "excluded_lines": [], "start_line": 108}, "Solver.find_all_steps": {"executed_lines": [116, 117, 118, 119], "summary": {"covered_lines": 4, "num_statements": 4, "percent_covered": 100.0, "percent_covered_display": "100", "missing_lines": 0, "excluded_lines": 0, "percent_statements_covered": 100.0, "percent_statements_covered_display": "100"}, "missing_lines": [], "excluded_lines": [], "start_line": 114}, "Solver._find_all_on_grid": {"executed_lines": [123, 124, 125, 126, 127, 128], "summary": {"covered_lines": 6, "num_statements": 6, "percent_covered": 100.0, "percent_covered_display": "100", "missing_lines": 0, "excluded_lines": 0, "percent_statements_covered": 100.0, "percent_statements_covered_display": "100"}, "missing_lines": [], "excluded_lines": [], "start_line": 121}, "Generator.__init__": {"executed_lines": [141, 142], "summary": {"covered_lines": 2, "num_statements": 2, "percent_covered": 100.0, "percent_covered_display": "100", "missing_lines": 0, "excluded_lines": 0, "percent_statements_covered": 100.0, "percent_statements_covered_display": "100"}, "missing_lines": [], "excluded_lines": [], "start_line": 140}, "Generator.generate": {"executed_lines": [156, 159, 160, 161, 165, 166, 169, 176, 177, 182, 187], "summary": {"covered_lines": 11, "num_statements": 20, "percent_covered": 55.0, "percent_covered_display": "55", "missing_lines": 9, "excluded_lines": 0, "percent_statements_covered": 55.0, "percent_statements_covered_display": "55"}, "missing_lines": [157, 162, 163, 171, 178, 183, 184, 185, 189], "excluded_lines": [], "start_line": 144}, "Generator.validate": {"executed_lines": [], "summary": {"covered_lines": 0, "num_statements": 9, "percent_covered": 0.0, "percent_covered_display": "0", "missing_lines": 9, "excluded_lines": 0, "percent_statements_covered": 0.0, "percent_statements_covered_display": "0"}, "missing_lines": [200, 201, 202, 203, 204, 205, 206, 207, 209], "excluded_lines": [], "start_line": 194}, "": {"executed_lines": [3, 5, 6, 8, 9, 10, 11, 12, 13, 14, 15, 17, 20, 61, 62, 63, 64, 65, 66, 67, 70, 71, 72, 73, 76, 79, 82, 94, 108, 114, 121, 131, 138, 140, 144, 194], "summary": {"covered_lines": 36, "num_statements": 36, "percent_covered": 100.0, "percent_covered_display": "100", "missing_lines": 0, "excluded_lines": 0, "percent_statements_covered": 100.0, "percent_statements_covered_display": "100"}, "missing_lines": [], "excluded_lines": [], "start_line": 1}}, "classes": {"SolveResult": {"executed_lines": [], "summary": {"covered_lines": 0, "num_statements": 0, "percent_covered": 100.0, "percent_covered_display": "100", "missing_lines": 0, "excluded_lines": 0, "percent_statements_covered": 100.0, "percent_statements_covered_display": "100"}, "missing_lines": [], "excluded_lines": [], "start_line": 62}, "RatingResult": {"executed_lines": [], "summary": {"covered_lines": 0, "num_statements": 0, "percent_covered": 100.0, "percent_covered_display": "100", "missing_lines": 0, "excluded_lines": 0, "percent_statements_covered": 100.0, "percent_statements_covered_display": "100"}, "missing_lines": [], "excluded_lines": [], "start_line": 71}, "Solver": {"executed_lines": [80, 84, 85, 86, 96, 97, 98, 99, 100, 101, 102, 103, 104, 105, 110, 111, 112, 116, 117, 118, 119, 123, 124, 125, 126, 127, 128], "summary": {"covered_lines": 27, "num_statements": 28, "percent_covered": 96.42857142857143, "percent_covered_display": "96", "missing_lines": 1, "excluded_lines": 0, "percent_statements_covered": 96.42857142857143, "percent_statements_covered_display": "96"}, "missing_lines": [106], "excluded_lines": [], "start_line": 76}, "Generator": {"executed_lines": [141, 142, 156, 159, 160, 161, 165, 166, 169, 176, 177, 182, 187], "summary": {"covered_lines": 13, "num_statements": 31, "percent_covered": 41.935483870967744, "percent_covered_display": "42", "missing_lines": 18, "excluded_lines": 0, "percent_statements_covered": 41.935483870967744, "percent_statements_covered_display": "42"}, "missing_lines": [157, 162, 163, 171, 178, 183, 184, 185, 189, 200, 201, 202, 203, 204, 205, 206, 207, 209], "excluded_lines": [], "start_line": 131}, "": {"executed_lines": [3, 5, 6, 8, 9, 10, 11, 12, 13, 14, 15, 17, 20, 27, 28, 29, 30, 31, 38, 39, 41, 42, 44, 45, 48, 49, 50, 51, 52, 53, 54, 55, 58, 61, 62, 63, 64, 65, 66, 67, 70, 71, 72, 73, 76, 79, 82, 94, 108, 114, 121, 131, 138, 140, 144, 194], "summary": {"covered_lines": 56, "num_statements": 62, "percent_covered": 90.3225806451613, "percent_covered_display": "90", "missing_lines": 6, "excluded_lines": 0, "percent_statements_covered": 90.3225806451613, "percent_statements_covered_display": "90"}, "missing_lines": [32, 33, 34, 35, 36, 37], "excluded_lines": [], "start_line": 1}}}, "src\\hodoku\\core\\__init__.py": {"executed_lines": [], "summary": {"covered_lines": 0, "num_statements": 0, "percent_covered": 100.0, "percent_covered_display": "100", "missing_lines": 0, "excluded_lines": 0, "percent_statements_covered": 100.0, "percent_statements_covered_display": "100"}, "missing_lines": [], "excluded_lines": [], "functions": {"": {"executed_lines": [], "summary": {"covered_lines": 0, "num_statements": 0, "percent_covered": 100.0, "percent_covered_display": "100", "missing_lines": 0, "excluded_lines": 0, "percent_statements_covered": 100.0, "percent_statements_covered_display": "100"}, "missing_lines": [], "excluded_lines": [], "start_line": 1}}, "classes": {"": {"executed_lines": [], "summary": {"covered_lines": 0, "num_statements": 0, "percent_covered": 100.0, "percent_covered_display": "100", "missing_lines": 0, "excluded_lines": 0, "percent_statements_covered": 100.0, "percent_statements_covered_display": "100"}, "missing_lines": [], "excluded_lines": [], "start_line": 1}}}, "src\\hodoku\\core\\cell_set.py": {"executed_lines": [3, 5, 7, 10, 16, 18, 19, 23, 24, 26, 27, 29, 32, 35, 40, 41, 43, 44, 46, 47, 51, 54, 57, 62, 63, 65, 66, 68, 69, 71, 73, 74, 75, 76, 78, 84, 89, 90, 91, 92, 93, 94, 96, 97, 99, 100, 101, 104, 107, 111, 112], "summary": {"covered_lines": 51, "num_statements": 65, "percent_covered": 78.46153846153847, "percent_covered_display": "78", "missing_lines": 14, "excluded_lines": 0, "percent_statements_covered": 78.46153846153847, "percent_statements_covered_display": "78"}, "missing_lines": [30, 33, 36, 52, 55, 58, 80, 81, 82, 85, 102, 105, 108, 109], "excluded_lines": [], "functions": {"CellSet.__init__": {"executed_lines": [19], "summary": {"covered_lines": 1, "num_statements": 1, "percent_covered": 100.0, "percent_covered_display": "100", "missing_lines": 0, "excluded_lines": 0, "percent_statements_covered": 100.0, "percent_statements_covered_display": "100"}, "missing_lines": [], "excluded_lines": [], "start_line": 18}, "CellSet.add": {"executed_lines": [24], "summary": {"covered_lines": 1, "num_statements": 1, "percent_covered": 100.0, "percent_covered_display": "100", "missing_lines": 0, "excluded_lines": 0, "percent_statements_covered": 100.0, "percent_statements_covered_display": "100"}, "missing_lines": [], "excluded_lines": [], "start_line": 23}, "CellSet.remove": {"executed_lines": [27], "summary": {"covered_lines": 1, "num_statements": 1, "percent_covered": 100.0, "percent_covered_display": "100", "missing_lines": 0, "excluded_lines": 0, "percent_statements_covered": 100.0, "percent_statements_covered_display": "100"}, "missing_lines": [], "excluded_lines": [], "start_line": 26}, "CellSet.clear": {"executed_lines": [], "summary": {"covered_lines": 0, "num_statements": 1, "percent_covered": 0.0, "percent_covered_display": "0", "missing_lines": 1, "excluded_lines": 0, "percent_statements_covered": 0.0, "percent_statements_covered_display": "0"}, "missing_lines": [30], "excluded_lines": [], "start_line": 29}, "CellSet.set_all": {"executed_lines": [], "summary": {"covered_lines": 0, "num_statements": 1, "percent_covered": 0.0, "percent_covered_display": "0", "missing_lines": 1, "excluded_lines": 0, "percent_statements_covered": 0.0, "percent_statements_covered_display": "0"}, "missing_lines": [33], "excluded_lines": [], "start_line": 32}, "CellSet.set": {"executed_lines": [], "summary": {"covered_lines": 0, "num_statements": 1, "percent_covered": 0.0, "percent_covered_display": "0", "missing_lines": 1, "excluded_lines": 0, "percent_statements_covered": 0.0, "percent_statements_covered_display": "0"}, "missing_lines": [36], "excluded_lines": [], "start_line": 35}, "CellSet.and_": {"executed_lines": [41], "summary": {"covered_lines": 1, "num_statements": 1, "percent_covered": 100.0, "percent_covered_display": "100", "missing_lines": 0, "excluded_lines": 0, "percent_statements_covered": 100.0, "percent_statements_covered_display": "100"}, "missing_lines": [], "excluded_lines": [], "start_line": 40}, "CellSet.or_": {"executed_lines": [44], "summary": {"covered_lines": 1, "num_statements": 1, "percent_covered": 100.0, "percent_covered_display": "100", "missing_lines": 0, "excluded_lines": 0, "percent_statements_covered": 100.0, "percent_statements_covered_display": "100"}, "missing_lines": [], "excluded_lines": [], "start_line": 43}, "CellSet.and_not": {"executed_lines": [47], "summary": {"covered_lines": 1, "num_statements": 1, "percent_covered": 100.0, "percent_covered_display": "100", "missing_lines": 0, "excluded_lines": 0, "percent_statements_covered": 100.0, "percent_statements_covered_display": "100"}, "missing_lines": [], "excluded_lines": [], "start_line": 46}, "CellSet.intersection": {"executed_lines": [], "summary": {"covered_lines": 0, "num_statements": 1, "percent_covered": 0.0, "percent_covered_display": "0", "missing_lines": 1, "excluded_lines": 0, "percent_statements_covered": 0.0, "percent_statements_covered_display": "0"}, "missing_lines": [52], "excluded_lines": [], "start_line": 51}, "CellSet.union": {"executed_lines": [], "summary": {"covered_lines": 0, "num_statements": 1, "percent_covered": 0.0, "percent_covered_display": "0", "missing_lines": 1, "excluded_lines": 0, "percent_statements_covered": 0.0, "percent_statements_covered_display": "0"}, "missing_lines": [55], "excluded_lines": [], "start_line": 54}, "CellSet.difference": {"executed_lines": [], "summary": {"covered_lines": 0, "num_statements": 1, "percent_covered": 0.0, "percent_covered_display": "0", "missing_lines": 1, "excluded_lines": 0, "percent_statements_covered": 0.0, "percent_statements_covered_display": "0"}, "missing_lines": [58], "excluded_lines": [], "start_line": 57}, "CellSet.contains": {"executed_lines": [63], "summary": {"covered_lines": 1, "num_statements": 1, "percent_covered": 100.0, "percent_covered_display": "100", "missing_lines": 0, "excluded_lines": 0, "percent_statements_covered": 100.0, "percent_statements_covered_display": "100"}, "missing_lines": [], "excluded_lines": [], "start_line": 62}, "CellSet.is_empty": {"executed_lines": [66], "summary": {"covered_lines": 1, "num_statements": 1, "percent_covered": 100.0, "percent_covered_display": "100", "missing_lines": 0, "excluded_lines": 0, "percent_statements_covered": 100.0, "percent_statements_covered_display": "100"}, "missing_lines": [], "excluded_lines": [], "start_line": 65}, "CellSet.size": {"executed_lines": [69], "summary": {"covered_lines": 1, "num_statements": 1, "percent_covered": 100.0, "percent_covered_display": "100", "missing_lines": 0, "excluded_lines": 0, "percent_statements_covered": 100.0, "percent_statements_covered_display": "100"}, "missing_lines": [], "excluded_lines": [], "start_line": 68}, "CellSet.get": {"executed_lines": [73, 74, 75, 76], "summary": {"covered_lines": 4, "num_statements": 4, "percent_covered": 100.0, "percent_covered_display": "100", "missing_lines": 0, "excluded_lines": 0, "percent_statements_covered": 100.0, "percent_statements_covered_display": "100"}, "missing_lines": [], "excluded_lines": [], "start_line": 71}, "CellSet.first": {"executed_lines": [], "summary": {"covered_lines": 0, "num_statements": 3, "percent_covered": 0.0, "percent_covered_display": "0", "missing_lines": 3, "excluded_lines": 0, "percent_statements_covered": 0.0, "percent_statements_covered_display": "0"}, "missing_lines": [80, 81, 82], "excluded_lines": [], "start_line": 78}, "CellSet.equals": {"executed_lines": [], "summary": {"covered_lines": 0, "num_statements": 1, "percent_covered": 0.0, "percent_covered_display": "0", "missing_lines": 1, "excluded_lines": 0, "percent_statements_covered": 0.0, "percent_statements_covered_display": "0"}, "missing_lines": [85], "excluded_lines": [], "start_line": 84}, "CellSet.__iter__": {"executed_lines": [90, 91, 92, 93, 94], "summary": {"covered_lines": 5, "num_statements": 5, "percent_covered": 100.0, "percent_covered_display": "100", "missing_lines": 0, "excluded_lines": 0, "percent_statements_covered": 100.0, "percent_statements_covered_display": "100"}, "missing_lines": [], "excluded_lines": [], "start_line": 89}, "CellSet.__len__": {"executed_lines": [97], "summary": {"covered_lines": 1, "num_statements": 1, "percent_covered": 100.0, "percent_covered_display": "100", "missing_lines": 0, "excluded_lines": 0, "percent_statements_covered": 100.0, "percent_statements_covered_display": "100"}, "missing_lines": [], "excluded_lines": [], "start_line": 96}, "CellSet.__eq__": {"executed_lines": [100, 101], "summary": {"covered_lines": 2, "num_statements": 3, "percent_covered": 66.66666666666667, "percent_covered_display": "67", "missing_lines": 1, "excluded_lines": 0, "percent_statements_covered": 66.66666666666667, "percent_statements_covered_display": "67"}, "missing_lines": [102], "excluded_lines": [], "start_line": 99}, "CellSet.__hash__": {"executed_lines": [], "summary": {"covered_lines": 0, "num_statements": 1, "percent_covered": 0.0, "percent_covered_display": "0", "missing_lines": 1, "excluded_lines": 0, "percent_statements_covered": 0.0, "percent_statements_covered_display": "0"}, "missing_lines": [105], "excluded_lines": [], "start_line": 104}, "CellSet.__repr__": {"executed_lines": [], "summary": {"covered_lines": 0, "num_statements": 2, "percent_covered": 0.0, "percent_covered_display": "0", "missing_lines": 2, "excluded_lines": 0, "percent_statements_covered": 0.0, "percent_statements_covered_display": "0"}, "missing_lines": [108, 109], "excluded_lines": [], "start_line": 107}, "CellSet.clone": {"executed_lines": [112], "summary": {"covered_lines": 1, "num_statements": 1, "percent_covered": 100.0, "percent_covered_display": "100", "missing_lines": 0, "excluded_lines": 0, "percent_statements_covered": 100.0, "percent_statements_covered_display": "100"}, "missing_lines": [], "excluded_lines": [], "start_line": 111}, "": {"executed_lines": [3, 5, 7, 10, 16, 18, 23, 26, 29, 32, 35, 40, 43, 46, 51, 54, 57, 62, 65, 68, 71, 78, 84, 89, 96, 99, 104, 107, 111], "summary": {"covered_lines": 29, "num_statements": 29, "percent_covered": 100.0, "percent_covered_display": "100", "missing_lines": 0, "excluded_lines": 0, "percent_statements_covered": 100.0, "percent_statements_covered_display": "100"}, "missing_lines": [], "excluded_lines": [], "start_line": 1}}, "classes": {"CellSet": {"executed_lines": [19, 24, 27, 41, 44, 47, 63, 66, 69, 73, 74, 75, 76, 90, 91, 92, 93, 94, 97, 100, 101, 112], "summary": {"covered_lines": 22, "num_statements": 36, "percent_covered": 61.111111111111114, "percent_covered_display": "61", "missing_lines": 14, "excluded_lines": 0, "percent_statements_covered": 61.111111111111114, "percent_statements_covered_display": "61"}, "missing_lines": [30, 33, 36, 52, 55, 58, 80, 81, 82, 85, 102, 105, 108, 109], "excluded_lines": [], "start_line": 10}, "": {"executed_lines": [3, 5, 7, 10, 16, 18, 23, 26, 29, 32, 35, 40, 43, 46, 51, 54, 57, 62, 65, 68, 71, 78, 84, 89, 96, 99, 104, 107, 111], "summary": {"covered_lines": 29, "num_statements": 29, "percent_covered": 100.0, "percent_covered_display": "100", "missing_lines": 0, "excluded_lines": 0, "percent_statements_covered": 100.0, "percent_statements_covered_display": "100"}, "missing_lines": [], "excluded_lines": [], "start_line": 1}}}, "src\\hodoku\\core\\grid.py": {"executed_lines": [9, 11, 17, 18, 21, 24, 27, 36, 40, 41, 42, 43, 44, 45, 46, 47, 50, 53, 59, 60, 61, 62, 63, 64, 65, 66, 67, 68, 69, 70, 71, 72, 73, 74, 77, 80, 83, 86, 89, 92, 93, 100, 103, 114, 116, 118, 121, 122, 123, 125, 129, 130, 131, 132, 134, 137, 139, 145, 153, 154, 155, 156, 157, 161, 162, 163, 164, 165, 166, 167, 168, 169, 170, 171, 173, 175, 177, 178, 184, 186, 187, 188, 189, 190, 191, 192, 193, 197, 198, 199, 200, 201, 202, 203, 205, 212, 213, 214, 217, 218, 219, 220, 221, 222, 225, 226, 227, 228, 229, 230, 231, 232, 233, 234, 235, 236, 238, 240, 246, 247, 249, 258, 259, 261, 262, 264, 267, 270, 271, 273, 274, 280, 281, 282, 283, 284, 285, 286, 287, 288, 289, 291, 293, 294, 295, 296, 297, 298, 299, 301], "summary": {"covered_lines": 150, "num_statements": 162, "percent_covered": 92.5925925925926, "percent_covered_display": "93", "missing_lines": 12, "excluded_lines": 0, "percent_statements_covered": 92.5925925925926, "percent_statements_covered_display": "93"}, "missing_lines": [158, 159, 160, 251, 252, 253, 254, 255, 256, 265, 268, 302], "excluded_lines": [], "functions": {"_build_constraints": {"executed_lines": [41, 42, 43, 44, 45, 46, 47], "summary": {"covered_lines": 7, "num_statements": 7, "percent_covered": 100.0, "percent_covered_display": "100", "missing_lines": 0, "excluded_lines": 0, "percent_statements_covered": 100.0, "percent_statements_covered_display": "100"}, "missing_lines": [], "excluded_lines": [], "start_line": 40}, "_build_buddies": {"executed_lines": [60, 61, 62, 63, 64, 65, 66, 67, 68, 69, 70, 71, 72, 73, 74], "summary": {"covered_lines": 15, "num_statements": 15, "percent_covered": 100.0, "percent_covered_display": "100", "missing_lines": 0, "excluded_lines": 0, "percent_statements_covered": 100.0, "percent_statements_covered_display": "100"}, "missing_lines": [], "excluded_lines": [], "start_line": 59}, "Grid.__init__": {"executed_lines": [116, 118, 121, 122, 123, 125, 129, 130, 131, 132, 134, 137, 139], "summary": {"covered_lines": 13, "num_statements": 13, "percent_covered": 100.0, "percent_covered_display": "100", "missing_lines": 0, "excluded_lines": 0, "percent_statements_covered": 100.0, "percent_statements_covered_display": "100"}, "missing_lines": [], "excluded_lines": [], "start_line": 114}, "Grid.set_sudoku": {"executed_lines": [153, 154, 155, 156, 157, 161, 162, 163, 164, 165, 166, 167, 168, 169, 170, 171], "summary": {"covered_lines": 16, "num_statements": 19, "percent_covered": 84.21052631578948, "percent_covered_display": "84", "missing_lines": 3, "excluded_lines": 0, "percent_statements_covered": 84.21052631578948, "percent_statements_covered_display": "84"}, "missing_lines": [158, 159, 160], "excluded_lines": [], "start_line": 145}, "Grid.is_fixed": {"executed_lines": [175], "summary": {"covered_lines": 1, "num_statements": 1, "percent_covered": 100.0, "percent_covered_display": "100", "missing_lines": 0, "excluded_lines": 0, "percent_statements_covered": 100.0, "percent_statements_covered_display": "100"}, "missing_lines": [], "excluded_lines": [], "start_line": 173}, "Grid.get_sudoku_string": {"executed_lines": [178], "summary": {"covered_lines": 1, "num_statements": 1, "percent_covered": 100.0, "percent_covered_display": "100", "missing_lines": 0, "excluded_lines": 0, "percent_statements_covered": 100.0, "percent_statements_covered_display": "100"}, "missing_lines": [], "excluded_lines": [], "start_line": 177}, "Grid._del_cand": {"executed_lines": [186, 187, 188, 189, 190, 191, 192, 193, 197, 198, 199, 200, 201, 202, 203], "summary": {"covered_lines": 15, "num_statements": 15, "percent_covered": 100.0, "percent_covered_display": "100", "missing_lines": 0, "excluded_lines": 0, "percent_statements_covered": 100.0, "percent_statements_covered_display": "100"}, "missing_lines": [], "excluded_lines": [], "start_line": 184}, "Grid.set_cell": {"executed_lines": [212, 213, 214, 217, 218, 219, 220, 221, 222, 225, 226, 227, 228, 229, 230, 231, 232, 233, 234, 235, 236], "summary": {"covered_lines": 21, "num_statements": 21, "percent_covered": 100.0, "percent_covered_display": "100", "missing_lines": 0, "excluded_lines": 0, "percent_statements_covered": 100.0, "percent_statements_covered_display": "100"}, "missing_lines": [], "excluded_lines": [], "start_line": 205}, "Grid.del_candidate": {"executed_lines": [240], "summary": {"covered_lines": 1, "num_statements": 1, "percent_covered": 100.0, "percent_covered_display": "100", "missing_lines": 0, "excluded_lines": 0, "percent_statements_covered": 100.0, "percent_statements_covered_display": "100"}, "missing_lines": [], "excluded_lines": [], "start_line": 238}, "Grid.get_value": {"executed_lines": [247], "summary": {"covered_lines": 1, "num_statements": 1, "percent_covered": 100.0, "percent_covered_display": "100", "missing_lines": 0, "excluded_lines": 0, "percent_statements_covered": 100.0, "percent_statements_covered_display": "100"}, "missing_lines": [], "excluded_lines": [], "start_line": 246}, "Grid.get_candidates": {"executed_lines": [], "summary": {"covered_lines": 0, "num_statements": 6, "percent_covered": 0.0, "percent_covered_display": "0", "missing_lines": 6, "excluded_lines": 0, "percent_statements_covered": 0.0, "percent_statements_covered_display": "0"}, "missing_lines": [251, 252, 253, 254, 255, 256], "excluded_lines": [], "start_line": 249}, "Grid.is_solved": {"executed_lines": [259], "summary": {"covered_lines": 1, "num_statements": 1, "percent_covered": 100.0, "percent_covered_display": "100", "missing_lines": 0, "excluded_lines": 0, "percent_statements_covered": 100.0, "percent_statements_covered_display": "100"}, "missing_lines": [], "excluded_lines": [], "start_line": 258}, "Grid.unsolved_count": {"executed_lines": [262], "summary": {"covered_lines": 1, "num_statements": 1, "percent_covered": 100.0, "percent_covered_display": "100", "missing_lines": 0, "excluded_lines": 0, "percent_statements_covered": 100.0, "percent_statements_covered_display": "100"}, "missing_lines": [], "excluded_lines": [], "start_line": 261}, "Grid.unsolved_candidates_count": {"executed_lines": [], "summary": {"covered_lines": 0, "num_statements": 1, "percent_covered": 0.0, "percent_covered_display": "0", "missing_lines": 1, "excluded_lines": 0, "percent_statements_covered": 0.0, "percent_statements_covered_display": "0"}, "missing_lines": [265], "excluded_lines": [], "start_line": 264}, "Grid.get_solution": {"executed_lines": [], "summary": {"covered_lines": 0, "num_statements": 1, "percent_covered": 0.0, "percent_covered_display": "0", "missing_lines": 1, "excluded_lines": 0, "percent_statements_covered": 0.0, "percent_statements_covered_display": "0"}, "missing_lines": [268], "excluded_lines": [], "start_line": 267}, "Grid.set_solution": {"executed_lines": [271], "summary": {"covered_lines": 1, "num_statements": 1, "percent_covered": 100.0, "percent_covered_display": "100", "missing_lines": 0, "excluded_lines": 0, "percent_statements_covered": 100.0, "percent_statements_covered_display": "100"}, "missing_lines": [], "excluded_lines": [], "start_line": 270}, "Grid.is_solution_set": {"executed_lines": [274], "summary": {"covered_lines": 1, "num_statements": 1, "percent_covered": 100.0, "percent_covered_display": "100", "missing_lines": 0, "excluded_lines": 0, "percent_statements_covered": 100.0, "percent_statements_covered_display": "100"}, "missing_lines": [], "excluded_lines": [], "start_line": 273}, "Grid.clone": {"executed_lines": [281, 282, 283, 284, 285, 286, 287, 288, 289], "summary": {"covered_lines": 9, "num_statements": 9, "percent_covered": 100.0, "percent_covered_display": "100", "missing_lines": 0, "excluded_lines": 0, "percent_statements_covered": 100.0, "percent_statements_covered_display": "100"}, "missing_lines": [], "excluded_lines": [], "start_line": 280}, "Grid.set": {"executed_lines": [293, 294, 295, 296, 297, 298, 299], "summary": {"covered_lines": 7, "num_statements": 7, "percent_covered": 100.0, "percent_covered_display": "100", "missing_lines": 0, "excluded_lines": 0, "percent_statements_covered": 100.0, "percent_statements_covered_display": "100"}, "missing_lines": [], "excluded_lines": [], "start_line": 291}, "Grid.__repr__": {"executed_lines": [], "summary": {"covered_lines": 0, "num_statements": 1, "percent_covered": 0.0, "percent_covered_display": "0", "missing_lines": 1, "excluded_lines": 0, "percent_statements_covered": 0.0, "percent_statements_covered_display": "0"}, "missing_lines": [302], "excluded_lines": [], "start_line": 301}, "": {"executed_lines": [9, 11, 17, 18, 21, 24, 27, 36, 40, 50, 53, 59, 77, 80, 83, 86, 89, 92, 93, 100, 103, 114, 145, 173, 177, 184, 205, 238, 246, 249, 258, 261, 264, 267, 270, 273, 280, 291, 301], "summary": {"covered_lines": 39, "num_statements": 39, "percent_covered": 100.0, "percent_covered_display": "100", "missing_lines": 0, "excluded_lines": 0, "percent_statements_covered": 100.0, "percent_statements_covered_display": "100"}, "missing_lines": [], "excluded_lines": [], "start_line": 1}}, "classes": {"Grid": {"executed_lines": [116, 118, 121, 122, 123, 125, 129, 130, 131, 132, 134, 137, 139, 153, 154, 155, 156, 157, 161, 162, 163, 164, 165, 166, 167, 168, 169, 170, 171, 175, 178, 186, 187, 188, 189, 190, 191, 192, 193, 197, 198, 199, 200, 201, 202, 203, 212, 213, 214, 217, 218, 219, 220, 221, 222, 225, 226, 227, 228, 229, 230, 231, 232, 233, 234, 235, 236, 240, 247, 259, 262, 271, 274, 281, 282, 283, 284, 285, 286, 287, 288, 289, 293, 294, 295, 296, 297, 298, 299], "summary": {"covered_lines": 89, "num_statements": 101, "percent_covered": 88.11881188118812, "percent_covered_display": "88", "missing_lines": 12, "excluded_lines": 0, "percent_statements_covered": 88.11881188118812, "percent_statements_covered_display": "88"}, "missing_lines": [158, 159, 160, 251, 252, 253, 254, 255, 256, 265, 268, 302], "excluded_lines": [], "start_line": 100}, "": {"executed_lines": [9, 11, 17, 18, 21, 24, 27, 36, 40, 41, 42, 43, 44, 45, 46, 47, 50, 53, 59, 60, 61, 62, 63, 64, 65, 66, 67, 68, 69, 70, 71, 72, 73, 74, 77, 80, 83, 86, 89, 92, 93, 100, 103, 114, 145, 173, 177, 184, 205, 238, 246, 249, 258, 261, 264, 267, 270, 273, 280, 291, 301], "summary": {"covered_lines": 61, "num_statements": 61, "percent_covered": 100.0, "percent_covered_display": "100", "missing_lines": 0, "excluded_lines": 0, "percent_statements_covered": 100.0, "percent_statements_covered_display": "100"}, "missing_lines": [], "excluded_lines": [], "start_line": 1}}}, "src\\hodoku\\core\\scoring.py": {"executed_lines": [11, 13, 15, 17, 18, 19, 22, 23, 24, 25, 26, 27, 28, 29, 30, 39, 53, 173, 179, 185, 210], "summary": {"covered_lines": 21, "num_statements": 21, "percent_covered": 100.0, "percent_covered_display": "100", "missing_lines": 0, "excluded_lines": 0, "percent_statements_covered": 100.0, "percent_statements_covered_display": "100"}, "missing_lines": [], "excluded_lines": [], "functions": {"": {"executed_lines": [11, 13, 15, 17, 18, 19, 22, 23, 24, 25, 26, 27, 28, 29, 30, 39, 53, 173, 179, 185, 210], "summary": {"covered_lines": 21, "num_statements": 21, "percent_covered": 100.0, "percent_covered_display": "100", "missing_lines": 0, "excluded_lines": 0, "percent_statements_covered": 100.0, "percent_statements_covered_display": "100"}, "missing_lines": [], "excluded_lines": [], "start_line": 1}}, "classes": {"StepConfig": {"executed_lines": [], "summary": {"covered_lines": 0, "num_statements": 0, "percent_covered": 100.0, "percent_covered_display": "100", "missing_lines": 0, "excluded_lines": 0, "percent_statements_covered": 100.0, "percent_statements_covered_display": "100"}, "missing_lines": [], "excluded_lines": [], "start_line": 23}, "": {"executed_lines": [11, 13, 15, 17, 18, 19, 22, 23, 24, 25, 26, 27, 28, 29, 30, 39, 53, 173, 179, 185, 210], "summary": {"covered_lines": 21, "num_statements": 21, "percent_covered": 100.0, "percent_covered_display": "100", "missing_lines": 0, "excluded_lines": 0, "percent_statements_covered": 100.0, "percent_statements_covered_display": "100"}, "missing_lines": [], "excluded_lines": [], "start_line": 1}}}, "src\\hodoku\\core\\solution_step.py": {"executed_lines": [1, 3, 5, 8, 9, 12, 13, 15, 16, 18, 19, 22, 23, 25, 26, 29, 30, 34, 37, 38, 39, 42, 43, 44, 45, 46, 47, 50, 51, 52, 55, 56, 59, 60, 63, 64, 65, 67, 68, 70, 71, 73, 74, 76, 77, 79, 81, 82, 83, 84, 85, 86, 87, 88, 89, 90, 92, 94, 95, 96, 97, 98, 100, 102, 103, 104, 105, 107, 121, 122, 123, 124, 126, 132, 133, 134, 136, 137, 138, 139, 143, 144, 145, 146, 147, 149], "summary": {"covered_lines": 86, "num_statements": 87, "percent_covered": 98.85057471264368, "percent_covered_display": "99", "missing_lines": 1, "excluded_lines": 0, "percent_statements_covered": 98.85057471264368, "percent_statements_covered_display": "99"}, "missing_lines": [150], "excluded_lines": [], "functions": {"_cell_name": {"executed_lines": [9], "summary": {"covered_lines": 1, "num_statements": 1, "percent_covered": 100.0, "percent_covered_display": "100", "missing_lines": 0, "excluded_lines": 0, "percent_statements_covered": 100.0, "percent_statements_covered_display": "100"}, "missing_lines": [], "excluded_lines": [], "start_line": 8}, "Candidate.__str__": {"executed_lines": [19], "summary": {"covered_lines": 1, "num_statements": 1, "percent_covered": 100.0, "percent_covered_display": "100", "missing_lines": 0, "excluded_lines": 0, "percent_statements_covered": 100.0, "percent_statements_covered_display": "100"}, "missing_lines": [], "excluded_lines": [], "start_line": 18}, "SolutionStep.add_index": {"executed_lines": [68], "summary": {"covered_lines": 1, "num_statements": 1, "percent_covered": 100.0, "percent_covered_display": "100", "missing_lines": 0, "excluded_lines": 0, "percent_statements_covered": 100.0, "percent_statements_covered_display": "100"}, "missing_lines": [], "excluded_lines": [], "start_line": 67}, "SolutionStep.add_value": {"executed_lines": [71], "summary": {"covered_lines": 1, "num_statements": 1, "percent_covered": 100.0, "percent_covered_display": "100", "missing_lines": 0, "excluded_lines": 0, "percent_statements_covered": 100.0, "percent_statements_covered_display": "100"}, "missing_lines": [], "excluded_lines": [], "start_line": 70}, "SolutionStep.add_candidate_to_delete": {"executed_lines": [74], "summary": {"covered_lines": 1, "num_statements": 1, "percent_covered": 100.0, "percent_covered_display": "100", "missing_lines": 0, "excluded_lines": 0, "percent_statements_covered": 100.0, "percent_statements_covered_display": "100"}, "missing_lines": [], "excluded_lines": [], "start_line": 73}, "SolutionStep.add_als": {"executed_lines": [77], "summary": {"covered_lines": 1, "num_statements": 1, "percent_covered": 100.0, "percent_covered_display": "100", "missing_lines": 0, "excluded_lines": 0, "percent_statements_covered": 100.0, "percent_statements_covered_display": "100"}, "missing_lines": [], "excluded_lines": [], "start_line": 76}, "SolutionStep.reset": {"executed_lines": [81, 82, 83, 84, 85, 86, 87, 88, 89, 90], "summary": {"covered_lines": 10, "num_statements": 10, "percent_covered": 100.0, "percent_covered_display": "100", "missing_lines": 0, "excluded_lines": 0, "percent_statements_covered": 100.0, "percent_statements_covered_display": "100"}, "missing_lines": [], "excluded_lines": [], "start_line": 79}, "SolutionStep.is_net": {"executed_lines": [94, 95, 96, 97, 98], "summary": {"covered_lines": 5, "num_statements": 5, "percent_covered": 100.0, "percent_covered_display": "100", "missing_lines": 0, "excluded_lines": 0, "percent_statements_covered": 100.0, "percent_statements_covered_display": "100"}, "missing_lines": [], "excluded_lines": [], "start_line": 92}, "SolutionStep.get_chain_length": {"executed_lines": [102, 103, 104, 105], "summary": {"covered_lines": 4, "num_statements": 4, "percent_covered": 100.0, "percent_covered_display": "100", "missing_lines": 0, "excluded_lines": 0, "percent_statements_covered": 100.0, "percent_statements_covered_display": "100"}, "missing_lines": [], "excluded_lines": [], "start_line": 100}, "SolutionStep.get_candidate_string": {"executed_lines": [121, 122, 123, 124], "summary": {"covered_lines": 4, "num_statements": 4, "percent_covered": 100.0, "percent_covered_display": "100", "missing_lines": 0, "excluded_lines": 0, "percent_statements_covered": 100.0, "percent_statements_covered_display": "100"}, "missing_lines": [], "excluded_lines": [], "start_line": 107}, "SolutionStep.get_single_candidate_string": {"executed_lines": [132, 133, 134], "summary": {"covered_lines": 3, "num_statements": 3, "percent_covered": 100.0, "percent_covered_display": "100", "missing_lines": 0, "excluded_lines": 0, "percent_statements_covered": 100.0, "percent_statements_covered_display": "100"}, "missing_lines": [], "excluded_lines": [], "start_line": 126}, "SolutionStep.__str__": {"executed_lines": [137, 138, 139, 143, 144, 145, 146, 147], "summary": {"covered_lines": 8, "num_statements": 8, "percent_covered": 100.0, "percent_covered_display": "100", "missing_lines": 0, "excluded_lines": 0, "percent_statements_covered": 100.0, "percent_statements_covered_display": "100"}, "missing_lines": [], "excluded_lines": [], "start_line": 136}, "SolutionStep.__repr__": {"executed_lines": [], "summary": {"covered_lines": 0, "num_statements": 1, "percent_covered": 0.0, "percent_covered_display": "0", "missing_lines": 1, "excluded_lines": 0, "percent_statements_covered": 0.0, "percent_statements_covered_display": "0"}, "missing_lines": [150], "excluded_lines": [], "start_line": 149}, "": {"executed_lines": [1, 3, 5, 8, 12, 13, 15, 16, 18, 22, 23, 25, 26, 29, 30, 34, 37, 38, 39, 42, 43, 44, 45, 46, 47, 50, 51, 52, 55, 56, 59, 60, 63, 64, 65, 67, 70, 73, 76, 79, 92, 100, 107, 126, 136, 149], "summary": {"covered_lines": 46, "num_statements": 46, "percent_covered": 100.0, "percent_covered_display": "100", "missing_lines": 0, "excluded_lines": 0, "percent_statements_covered": 100.0, "percent_statements_covered_display": "100"}, "missing_lines": [], "excluded_lines": [], "start_line": 1}}, "classes": {"Candidate": {"executed_lines": [19], "summary": {"covered_lines": 1, "num_statements": 1, "percent_covered": 100.0, "percent_covered_display": "100", "missing_lines": 0, "excluded_lines": 0, "percent_statements_covered": 100.0, "percent_statements_covered_display": "100"}, "missing_lines": [], "excluded_lines": [], "start_line": 13}, "Entity": {"executed_lines": [], "summary": {"covered_lines": 0, "num_statements": 0, "percent_covered": 100.0, "percent_covered_display": "100", "missing_lines": 0, "excluded_lines": 0, "percent_statements_covered": 100.0, "percent_statements_covered_display": "100"}, "missing_lines": [], "excluded_lines": [], "start_line": 23}, "SolutionStep": {"executed_lines": [68, 71, 74, 77, 81, 82, 83, 84, 85, 86, 87, 88, 89, 90, 94, 95, 96, 97, 98, 102, 103, 104, 105, 121, 122, 123, 124, 132, 133, 134, 137, 138, 139, 143, 144, 145, 146, 147], "summary": {"covered_lines": 38, "num_statements": 39, "percent_covered": 97.43589743589743, "percent_covered_display": "97", "missing_lines": 1, "excluded_lines": 0, "percent_statements_covered": 97.43589743589743, "percent_statements_covered_display": "97"}, "missing_lines": [150], "excluded_lines": [], "start_line": 30}, "": {"executed_lines": [1, 3, 5, 8, 9, 12, 13, 15, 16, 18, 22, 23, 25, 26, 29, 30, 34, 37, 38, 39, 42, 43, 44, 45, 46, 47, 50, 51, 52, 55, 56, 59, 60, 63, 64, 65, 67, 70, 73, 76, 79, 92, 100, 107, 126, 136, 149], "summary": {"covered_lines": 47, "num_statements": 47, "percent_covered": 100.0, "percent_covered_display": "100", "missing_lines": 0, "excluded_lines": 0, "percent_statements_covered": 100.0, "percent_statements_covered_display": "100"}, "missing_lines": [], "excluded_lines": [], "start_line": 1}}}, "src\\hodoku\\core\\types.py": {"executed_lines": [1, 4, 5, 6, 7, 8, 9, 10, 13, 14, 15, 16, 17, 18, 19, 20, 21, 22, 23, 24, 25, 26, 27, 28, 29, 30, 31, 34, 36, 37, 38, 40, 41, 42, 43, 45, 46, 47, 48, 49, 50, 52, 53, 54, 55, 56, 57, 59, 60, 61, 62, 63, 64, 65, 66, 67, 68, 69, 70, 72, 73, 74, 75, 76, 77, 78, 79, 80, 81, 82, 83, 85, 86, 87, 88, 89, 90, 91, 92, 93, 94, 95, 96, 98, 99, 101, 102, 103, 104, 105, 106, 108, 109, 110, 111, 113, 114, 115, 116, 117, 118, 119, 120, 121, 122, 124, 125, 126, 128, 129, 130, 131, 132, 133, 134, 135, 136, 138, 139, 140, 141, 142, 144, 145, 146, 147, 149, 150, 151, 153, 154, 156], "summary": {"covered_lines": 132, "num_statements": 133, "percent_covered": 99.24812030075188, "percent_covered_display": "99", "missing_lines": 1, "excluded_lines": 0, "percent_statements_covered": 99.24812030075188, "percent_statements_covered_display": "99"}, "missing_lines": [157], "excluded_lines": [], "functions": {"SolutionType.is_single": {"executed_lines": [], "summary": {"covered_lines": 0, "num_statements": 1, "percent_covered": 0.0, "percent_covered_display": "0", "missing_lines": 1, "excluded_lines": 0, "percent_statements_covered": 0.0, "percent_statements_covered_display": "0"}, "missing_lines": [157], "excluded_lines": [], "start_line": 156}, "": {"executed_lines": [1, 4, 5, 6, 7, 8, 9, 10, 13, 14, 15, 16, 17, 18, 19, 20, 21, 22, 23, 24, 25, 26, 27, 28, 29, 30, 31, 34, 36, 37, 38, 40, 41, 42, 43, 45, 46, 47, 48, 49, 50, 52, 53, 54, 55, 56, 57, 59, 60, 61, 62, 63, 64, 65, 66, 67, 68, 69, 70, 72, 73, 74, 75, 76, 77, 78, 79, 80, 81, 82, 83, 85, 86, 87, 88, 89, 90, 91, 92, 93, 94, 95, 96, 98, 99, 101, 102, 103, 104, 105, 106, 108, 109, 110, 111, 113, 114, 115, 116, 117, 118, 119, 120, 121, 122, 124, 125, 126, 128, 129, 130, 131, 132, 133, 134, 135, 136, 138, 139, 140, 141, 142, 144, 145, 146, 147, 149, 150, 151, 153, 154, 156], "summary": {"covered_lines": 132, "num_statements": 132, "percent_covered": 100.0, "percent_covered_display": "100", "missing_lines": 0, "excluded_lines": 0, "percent_statements_covered": 100.0, "percent_statements_covered_display": "100"}, "missing_lines": [], "excluded_lines": [], "start_line": 1}}, "classes": {"DifficultyType": {"executed_lines": [], "summary": {"covered_lines": 0, "num_statements": 0, "percent_covered": 100.0, "percent_covered_display": "100", "missing_lines": 0, "excluded_lines": 0, "percent_statements_covered": 100.0, "percent_statements_covered_display": "100"}, "missing_lines": [], "excluded_lines": [], "start_line": 4}, "SolutionCategory": {"executed_lines": [], "summary": {"covered_lines": 0, "num_statements": 0, "percent_covered": 100.0, "percent_covered_display": "100", "missing_lines": 0, "excluded_lines": 0, "percent_statements_covered": 100.0, "percent_statements_covered_display": "100"}, "missing_lines": [], "excluded_lines": [], "start_line": 13}, "SolutionType": {"executed_lines": [], "summary": {"covered_lines": 0, "num_statements": 1, "percent_covered": 0.0, "percent_covered_display": "0", "missing_lines": 1, "excluded_lines": 0, "percent_statements_covered": 0.0, "percent_statements_covered_display": "0"}, "missing_lines": [157], "excluded_lines": [], "start_line": 34}, "": {"executed_lines": [1, 4, 5, 6, 7, 8, 9, 10, 13, 14, 15, 16, 17, 18, 19, 20, 21, 22, 23, 24, 25, 26, 27, 28, 29, 30, 31, 34, 36, 37, 38, 40, 41, 42, 43, 45, 46, 47, 48, 49, 50, 52, 53, 54, 55, 56, 57, 59, 60, 61, 62, 63, 64, 65, 66, 67, 68, 69, 70, 72, 73, 74, 75, 76, 77, 78, 79, 80, 81, 82, 83, 85, 86, 87, 88, 89, 90, 91, 92, 93, 94, 95, 96, 98, 99, 101, 102, 103, 104, 105, 106, 108, 109, 110, 111, 113, 114, 115, 116, 117, 118, 119, 120, 121, 122, 124, 125, 126, 128, 129, 130, 131, 132, 133, 134, 135, 136, 138, 139, 140, 141, 142, 144, 145, 146, 147, 149, 150, 151, 153, 154, 156], "summary": {"covered_lines": 132, "num_statements": 132, "percent_covered": 100.0, "percent_covered_display": "100", "missing_lines": 0, "excluded_lines": 0, "percent_statements_covered": 100.0, "percent_statements_covered_display": "100"}, "missing_lines": [], "excluded_lines": [], "start_line": 1}}}, "src\\hodoku\\generator\\__init__.py": {"executed_lines": [1, 2, 4], "summary": {"covered_lines": 3, "num_statements": 3, "percent_covered": 100.0, "percent_covered_display": "100", "missing_lines": 0, "excluded_lines": 0, "percent_statements_covered": 100.0, "percent_statements_covered_display": "100"}, "missing_lines": [], "excluded_lines": [], "functions": {"": {"executed_lines": [1, 2, 4], "summary": {"covered_lines": 3, "num_statements": 3, "percent_covered": 100.0, "percent_covered_display": "100", "missing_lines": 0, "excluded_lines": 0, "percent_statements_covered": 100.0, "percent_statements_covered_display": "100"}, "missing_lines": [], "excluded_lines": [], "start_line": 1}}, "classes": {"": {"executed_lines": [1, 2, 4], "summary": {"covered_lines": 3, "num_statements": 3, "percent_covered": 100.0, "percent_covered_display": "100", "missing_lines": 0, "excluded_lines": 0, "percent_statements_covered": 100.0, "percent_statements_covered_display": "100"}, "missing_lines": [], "excluded_lines": [], "start_line": 1}}}, "src\\hodoku\\generator\\generator.py": {"executed_lines": [14, 16, 18, 31, 32, 38, 39, 45, 55, 58, 60, 61, 62, 63, 64, 71, 77, 78, 79, 81, 82, 83, 85, 87, 88, 89, 90, 91, 92, 93, 98, 99, 101, 103, 106, 115, 118, 119, 127, 128, 129, 130, 131, 132, 133, 136, 137, 138, 139, 140, 141, 142, 143, 144, 145, 146, 147, 148, 149, 151, 154, 160, 161, 162, 163, 164, 165, 168, 174, 175, 176, 178, 180, 181, 182, 183, 186, 187, 188, 189, 191, 192, 194, 201, 204, 205, 206, 207, 208, 209, 210, 211, 217, 223, 224, 225, 226, 227, 229, 234, 235, 236, 237, 239, 241, 243, 245, 247, 249, 255, 268, 270, 271, 272, 274, 275, 276, 277, 278, 279, 280, 283, 285, 290, 291, 293, 300, 301, 302, 305, 306, 307, 308, 309, 310, 311, 312, 313, 316, 317, 318, 319, 321, 322, 324, 325, 328, 329, 330, 331, 332, 333, 334, 336, 337, 338, 341, 344, 345, 346, 349, 350, 351, 352, 353, 356, 359, 360, 362, 364, 369, 370, 372, 377, 383, 384, 385, 386, 388, 389, 390, 392, 394, 396, 397, 398, 399, 400, 401, 402, 404, 410, 411, 413, 417, 418, 421, 422, 423, 424, 425, 428, 430, 432, 433, 434, 435, 436, 438, 444, 445, 447, 448, 449, 451, 452, 458, 460, 461, 462, 463, 464, 466, 468, 475, 476, 477, 478, 480, 481, 482, 483, 484, 488, 490, 497, 504, 505, 506, 507, 510, 511, 512, 513, 514, 516, 517, 518, 519, 520, 521, 524, 526, 530, 536, 542, 545, 547, 564, 569, 570, 573, 576, 578, 579, 580, 582, 583, 584, 585, 587, 588, 589, 590, 591, 594, 595, 596, 597, 598, 599, 600, 601, 602, 603, 605, 606, 608, 609, 611, 612, 615, 618, 619, 621, 622, 623, 624, 625, 626, 627, 630, 631, 634, 636, 641, 642, 644, 645, 652, 659, 660, 661, 664, 665, 668, 669, 671, 672, 673, 674, 675, 676, 677, 678, 679, 682, 683, 684, 685, 687, 688, 689, 690, 691, 692, 693], "summary": {"covered_lines": 337, "num_statements": 372, "percent_covered": 90.59139784946237, "percent_covered_display": "91", "missing_lines": 35, "excluded_lines": 0, "percent_statements_covered": 90.59139784946237, "percent_statements_covered_display": "91"}, "missing_lines": [33, 116, 281, 354, 355, 357, 367, 373, 375, 406, 414, 469, 470, 471, 472, 473, 485, 486, 498, 499, 500, 501, 502, 527, 528, 543, 549, 550, 551, 552, 560, 561, 562, 574, 639], "excluded_lines": [], "functions": {"_StackEntry.__init__": {"executed_lines": [61, 62, 63, 64], "summary": {"covered_lines": 4, "num_statements": 4, "percent_covered": 100.0, "percent_covered_display": "100", "missing_lines": 0, "excluded_lines": 0, "percent_statements_covered": 100.0, "percent_statements_covered_display": "100"}, "missing_lines": [], "excluded_lines": [], "start_line": 60}, "_del_cand_valid": {"executed_lines": [77, 78, 79, 81, 82, 83, 85, 87, 88, 89, 90, 91, 92, 93, 98, 99, 101, 103], "summary": {"covered_lines": 18, "num_statements": 18, "percent_covered": 100.0, "percent_covered_display": "100", "missing_lines": 0, "excluded_lines": 0, "percent_statements_covered": 100.0, "percent_statements_covered_display": "100"}, "missing_lines": [], "excluded_lines": [], "start_line": 71}, "_set_cell_valid": {"executed_lines": [115, 118, 119, 127, 128, 129, 130, 131, 132, 133, 136, 137, 138, 139, 140, 141, 142, 143, 144, 145, 146, 147, 148, 149, 151], "summary": {"covered_lines": 25, "num_statements": 26, "percent_covered": 96.15384615384616, "percent_covered_display": "96", "missing_lines": 1, "excluded_lines": 0, "percent_statements_covered": 96.15384615384616, "percent_statements_covered_display": "96"}, "missing_lines": [116], "excluded_lines": [], "start_line": 106}, "_copy_state": {"executed_lines": [160, 161, 162, 163, 164, 165], "summary": {"covered_lines": 6, "num_statements": 6, "percent_covered": 100.0, "percent_covered_display": "100", "missing_lines": 0, "excluded_lines": 0, "percent_statements_covered": 100.0, "percent_statements_covered_display": "100"}, "missing_lines": [], "excluded_lines": [], "start_line": 154}, "_set_all_exposed_singles": {"executed_lines": [174, 175, 176, 178, 180, 181, 182, 183, 186, 187, 188, 189, 191, 192, 194], "summary": {"covered_lines": 15, "num_statements": 15, "percent_covered": 100.0, "percent_covered_display": "100", "missing_lines": 0, "excluded_lines": 0, "percent_statements_covered": 100.0, "percent_statements_covered_display": "100"}, "missing_lines": [], "excluded_lines": [], "start_line": 168}, "SudokuGenerator.__init__": {"executed_lines": [205, 206, 207, 208, 209, 210, 211], "summary": {"covered_lines": 7, "num_statements": 7, "percent_covered": 100.0, "percent_covered_display": "100", "missing_lines": 0, "excluded_lines": 0, "percent_statements_covered": 100.0, "percent_statements_covered_display": "100"}, "missing_lines": [], "excluded_lines": [], "start_line": 204}, "SudokuGenerator.valid_solution": {"executed_lines": [223, 224, 225, 226, 227], "summary": {"covered_lines": 5, "num_statements": 5, "percent_covered": 100.0, "percent_covered_display": "100", "missing_lines": 0, "excluded_lines": 0, "percent_statements_covered": 100.0, "percent_statements_covered_display": "100"}, "missing_lines": [], "excluded_lines": [], "start_line": 217}, "SudokuGenerator.get_number_of_solutions": {"executed_lines": [234, 235, 236, 237], "summary": {"covered_lines": 4, "num_statements": 4, "percent_covered": 100.0, "percent_covered_display": "100", "missing_lines": 0, "excluded_lines": 0, "percent_statements_covered": 100.0, "percent_statements_covered_display": "100"}, "missing_lines": [], "excluded_lines": [], "start_line": 229}, "SudokuGenerator.get_solution": {"executed_lines": [241], "summary": {"covered_lines": 1, "num_statements": 1, "percent_covered": 100.0, "percent_covered_display": "100", "missing_lines": 0, "excluded_lines": 0, "percent_statements_covered": 100.0, "percent_statements_covered_display": "100"}, "missing_lines": [], "excluded_lines": [], "start_line": 239}, "SudokuGenerator.get_solution_count": {"executed_lines": [245], "summary": {"covered_lines": 1, "num_statements": 1, "percent_covered": 100.0, "percent_covered_display": "100", "missing_lines": 0, "excluded_lines": 0, "percent_statements_covered": 100.0, "percent_statements_covered_display": "100"}, "missing_lines": [], "excluded_lines": [], "start_line": 243}, "SudokuGenerator.get_solution_as_string": {"executed_lines": [249], "summary": {"covered_lines": 1, "num_statements": 1, "percent_covered": 100.0, "percent_covered_display": "100", "missing_lines": 0, "excluded_lines": 0, "percent_statements_covered": 100.0, "percent_statements_covered_display": "100"}, "missing_lines": [], "excluded_lines": [], "start_line": 247}, "SudokuGenerator.generate_sudoku": {"executed_lines": [268, 270, 271, 272, 274, 275, 276, 277, 278, 279, 280, 283], "summary": {"covered_lines": 12, "num_statements": 13, "percent_covered": 92.3076923076923, "percent_covered_display": "92", "missing_lines": 1, "excluded_lines": 0, "percent_statements_covered": 92.3076923076923, "percent_statements_covered_display": "92"}, "missing_lines": [281], "excluded_lines": [], "start_line": 255}, "SudokuGenerator._generate_full_grid": {"executed_lines": [290, 291], "summary": {"covered_lines": 2, "num_statements": 2, "percent_covered": 100.0, "percent_covered_display": "100", "missing_lines": 0, "excluded_lines": 0, "percent_statements_covered": 100.0, "percent_statements_covered_display": "100"}, "missing_lines": [], "excluded_lines": [], "start_line": 285}, "SudokuGenerator._do_generate_full_grid": {"executed_lines": [300, 301, 302, 305, 306, 307, 308, 309, 310, 311, 312, 313, 316, 317, 318, 319, 321, 322, 324, 325, 328, 329, 330, 331, 332, 333, 334, 336, 337, 338, 341, 344, 345, 346, 349, 350, 351, 352, 353, 356, 359, 360, 362, 364, 369, 370, 372], "summary": {"covered_lines": 47, "num_statements": 53, "percent_covered": 88.67924528301887, "percent_covered_display": "89", "missing_lines": 6, "excluded_lines": 0, "percent_statements_covered": 88.67924528301887, "percent_statements_covered_display": "89"}, "missing_lines": [354, 355, 357, 367, 373, 375], "excluded_lines": [], "start_line": 293}, "SudokuGenerator._generate_init_pos": {"executed_lines": [383, 384, 385, 386, 388, 389, 390, 392, 394, 396, 397, 398, 399, 400, 401, 402, 404, 410, 411, 413, 417, 418, 421, 422, 423, 424, 425, 428, 430, 432, 433, 434, 435, 436], "summary": {"covered_lines": 34, "num_statements": 36, "percent_covered": 94.44444444444444, "percent_covered_display": "94", "missing_lines": 2, "excluded_lines": 0, "percent_statements_covered": 94.44444444444444, "percent_statements_covered_display": "94"}, "missing_lines": [406, 414], "excluded_lines": [], "start_line": 377}, "SudokuGenerator._generate_init_pos_pattern": {"executed_lines": [444, 445, 447, 448, 449, 451, 452], "summary": {"covered_lines": 7, "num_statements": 7, "percent_covered": 100.0, "percent_covered_display": "100", "missing_lines": 0, "excluded_lines": 0, "percent_statements_covered": 100.0, "percent_statements_covered_display": "100"}, "missing_lines": [], "excluded_lines": [], "start_line": 438}, "SudokuGenerator._solve_grid": {"executed_lines": [460, 461, 462, 463, 464], "summary": {"covered_lines": 5, "num_statements": 5, "percent_covered": 100.0, "percent_covered_display": "100", "missing_lines": 0, "excluded_lines": 0, "percent_statements_covered": 100.0, "percent_statements_covered_display": "100"}, "missing_lines": [], "excluded_lines": [], "start_line": 458}, "SudokuGenerator.solve_string": {"executed_lines": [468, 475, 476, 477, 478, 480, 481, 482, 483, 484, 488], "summary": {"covered_lines": 11, "num_statements": 18, "percent_covered": 61.111111111111114, "percent_covered_display": "61", "missing_lines": 7, "excluded_lines": 0, "percent_statements_covered": 61.111111111111114, "percent_statements_covered_display": "61"}, "missing_lines": [469, 470, 471, 472, 473, 485, 486], "excluded_lines": [], "start_line": 466}, "SudokuGenerator.solve_values": {"executed_lines": [497, 504, 505, 506, 507, 510, 511, 512, 513, 514, 516, 517, 518, 519, 520, 521, 524, 526, 530], "summary": {"covered_lines": 19, "num_statements": 26, "percent_covered": 73.07692307692308, "percent_covered_display": "73", "missing_lines": 7, "excluded_lines": 0, "percent_statements_covered": 73.07692307692308, "percent_statements_covered_display": "73"}, "missing_lines": [498, 499, 500, 501, 502, 527, 528], "excluded_lines": [], "start_line": 490}, "SudokuGenerator._solve": {"executed_lines": [542, 545], "summary": {"covered_lines": 2, "num_statements": 3, "percent_covered": 66.66666666666667, "percent_covered_display": "67", "missing_lines": 1, "excluded_lines": 0, "percent_statements_covered": 66.66666666666667, "percent_statements_covered_display": "67"}, "missing_lines": [543], "excluded_lines": [], "start_line": 536}, "SudokuGenerator._solve_c": {"executed_lines": [], "summary": {"covered_lines": 0, "num_statements": 7, "percent_covered": 0.0, "percent_covered_display": "0", "missing_lines": 7, "excluded_lines": 0, "percent_statements_covered": 0.0, "percent_statements_covered_display": "0"}, "missing_lines": [549, 550, 551, 552, 560, 561, 562], "excluded_lines": [], "start_line": 547}, "SudokuGenerator._solve_py": {"executed_lines": [569, 570, 573, 576, 578, 579, 580, 582, 583, 584, 585, 587, 588, 589, 590, 591, 594, 595, 596, 597, 598, 599, 600, 601, 602, 603, 605, 606, 608, 609, 611, 612, 615, 618, 619, 621, 622, 623, 624, 625, 626, 627, 630, 631, 634, 636, 641, 642, 644, 645], "summary": {"covered_lines": 50, "num_statements": 52, "percent_covered": 96.15384615384616, "percent_covered_display": "96", "missing_lines": 2, "excluded_lines": 0, "percent_statements_covered": 96.15384615384616, "percent_statements_covered_display": "96"}, "missing_lines": [574, 639], "excluded_lines": [], "start_line": 564}, "_rebuild_internal": {"executed_lines": [659, 660, 661, 664, 665, 668, 669, 671, 672, 673, 674, 675, 676, 677, 678, 679, 682, 683, 684, 685, 687, 688, 689, 690, 691, 692, 693], "summary": {"covered_lines": 27, "num_statements": 27, "percent_covered": 100.0, "percent_covered_display": "100", "missing_lines": 0, "excluded_lines": 0, "percent_statements_covered": 100.0, "percent_statements_covered_display": "100"}, "missing_lines": [], "excluded_lines": [], "start_line": 652}, "": {"executed_lines": [14, 16, 18, 31, 32, 38, 39, 45, 55, 58, 60, 71, 106, 154, 168, 201, 204, 217, 229, 239, 243, 247, 255, 285, 293, 377, 438, 458, 466, 490, 536, 547, 564, 652], "summary": {"covered_lines": 34, "num_statements": 35, "percent_covered": 97.14285714285714, "percent_covered_display": "97", "missing_lines": 1, "excluded_lines": 0, "percent_statements_covered": 97.14285714285714, "percent_statements_covered_display": "97"}, "missing_lines": [33], "excluded_lines": [], "start_line": 1}}, "classes": {"_StackEntry": {"executed_lines": [61, 62, 63, 64], "summary": {"covered_lines": 4, "num_statements": 4, "percent_covered": 100.0, "percent_covered_display": "100", "missing_lines": 0, "excluded_lines": 0, "percent_statements_covered": 100.0, "percent_statements_covered_display": "100"}, "missing_lines": [], "excluded_lines": [], "start_line": 55}, "SudokuGenerator": {"executed_lines": [205, 206, 207, 208, 209, 210, 211, 223, 224, 225, 226, 227, 234, 235, 236, 237, 241, 245, 249, 268, 270, 271, 272, 274, 275, 276, 277, 278, 279, 280, 283, 290, 291, 300, 301, 302, 305, 306, 307, 308, 309, 310, 311, 312, 313, 316, 317, 318, 319, 321, 322, 324, 325, 328, 329, 330, 331, 332, 333, 334, 336, 337, 338, 341, 344, 345, 346, 349, 350, 351, 352, 353, 356, 359, 360, 362, 364, 369, 370, 372, 383, 384, 385, 386, 388, 389, 390, 392, 394, 396, 397, 398, 399, 400, 401, 402, 404, 410, 411, 413, 417, 418, 421, 422, 423, 424, 425, 428, 430, 432, 433, 434, 435, 436, 444, 445, 447, 448, 449, 451, 452, 460, 461, 462, 463, 464, 468, 475, 476, 477, 478, 480, 481, 482, 483, 484, 488, 497, 504, 505, 506, 507, 510, 511, 512, 513, 514, 516, 517, 518, 519, 520, 521, 524, 526, 530, 542, 545, 569, 570, 573, 576, 578, 579, 580, 582, 583, 584, 585, 587, 588, 589, 590, 591, 594, 595, 596, 597, 598, 599, 600, 601, 602, 603, 605, 606, 608, 609, 611, 612, 615, 618, 619, 621, 622, 623, 624, 625, 626, 627, 630, 631, 634, 636, 641, 642, 644, 645], "summary": {"covered_lines": 208, "num_statements": 241, "percent_covered": 86.30705394190872, "percent_covered_display": "86", "missing_lines": 33, "excluded_lines": 0, "percent_statements_covered": 86.30705394190872, "percent_statements_covered_display": "86"}, "missing_lines": [281, 354, 355, 357, 367, 373, 375, 406, 414, 469, 470, 471, 472, 473, 485, 486, 498, 499, 500, 501, 502, 527, 528, 543, 549, 550, 551, 552, 560, 561, 562, 574, 639], "excluded_lines": [], "start_line": 201}, "": {"executed_lines": [14, 16, 18, 31, 32, 38, 39, 45, 55, 58, 60, 71, 77, 78, 79, 81, 82, 83, 85, 87, 88, 89, 90, 91, 92, 93, 98, 99, 101, 103, 106, 115, 118, 119, 127, 128, 129, 130, 131, 132, 133, 136, 137, 138, 139, 140, 141, 142, 143, 144, 145, 146, 147, 148, 149, 151, 154, 160, 161, 162, 163, 164, 165, 168, 174, 175, 176, 178, 180, 181, 182, 183, 186, 187, 188, 189, 191, 192, 194, 201, 204, 217, 229, 239, 243, 247, 255, 285, 293, 377, 438, 458, 466, 490, 536, 547, 564, 652, 659, 660, 661, 664, 665, 668, 669, 671, 672, 673, 674, 675, 676, 677, 678, 679, 682, 683, 684, 685, 687, 688, 689, 690, 691, 692, 693], "summary": {"covered_lines": 125, "num_statements": 127, "percent_covered": 98.4251968503937, "percent_covered_display": "98", "missing_lines": 2, "excluded_lines": 0, "percent_statements_covered": 98.4251968503937, "percent_statements_covered_display": "98"}, "missing_lines": [33, 116], "excluded_lines": [], "start_line": 1}}}, "src\\hodoku\\generator\\pattern.py": {"executed_lines": [9, 11, 13, 16, 17, 30, 31, 32, 34, 35, 36, 41, 42, 44, 46, 48, 54, 55], "summary": {"covered_lines": 18, "num_statements": 18, "percent_covered": 100.0, "percent_covered_display": "100", "missing_lines": 0, "excluded_lines": 0, "percent_statements_covered": 100.0, "percent_statements_covered_display": "100"}, "missing_lines": [], "excluded_lines": [], "functions": {"GeneratorPattern.__post_init__": {"executed_lines": [35, 36], "summary": {"covered_lines": 2, "num_statements": 2, "percent_covered": 100.0, "percent_covered_display": "100", "missing_lines": 0, "excluded_lines": 0, "percent_statements_covered": 100.0, "percent_statements_covered_display": "100"}, "missing_lines": [], "excluded_lines": [], "start_line": 34}, "GeneratorPattern.num_givens": {"executed_lines": [44], "summary": {"covered_lines": 1, "num_statements": 1, "percent_covered": 100.0, "percent_covered_display": "100", "missing_lines": 0, "excluded_lines": 0, "percent_statements_covered": 100.0, "percent_statements_covered_display": "100"}, "missing_lines": [], "excluded_lines": [], "start_line": 42}, "GeneratorPattern.clone": {"executed_lines": [48], "summary": {"covered_lines": 1, "num_statements": 1, "percent_covered": 100.0, "percent_covered_display": "100", "missing_lines": 0, "excluded_lines": 0, "percent_statements_covered": 100.0, "percent_statements_covered_display": "100"}, "missing_lines": [], "excluded_lines": [], "start_line": 46}, "GeneratorPattern.__str__": {"executed_lines": [55], "summary": {"covered_lines": 1, "num_statements": 1, "percent_covered": 100.0, "percent_covered_display": "100", "missing_lines": 0, "excluded_lines": 0, "percent_statements_covered": 100.0, "percent_statements_covered_display": "100"}, "missing_lines": [], "excluded_lines": [], "start_line": 54}, "": {"executed_lines": [9, 11, 13, 16, 17, 30, 31, 32, 34, 41, 42, 46, 54], "summary": {"covered_lines": 13, "num_statements": 13, "percent_covered": 100.0, "percent_covered_display": "100", "missing_lines": 0, "excluded_lines": 0, "percent_statements_covered": 100.0, "percent_statements_covered_display": "100"}, "missing_lines": [], "excluded_lines": [], "start_line": 1}}, "classes": {"GeneratorPattern": {"executed_lines": [35, 36, 44, 48, 55], "summary": {"covered_lines": 5, "num_statements": 5, "percent_covered": 100.0, "percent_covered_display": "100", "missing_lines": 0, "excluded_lines": 0, "percent_statements_covered": 100.0, "percent_statements_covered_display": "100"}, "missing_lines": [], "excluded_lines": [], "start_line": 17}, "": {"executed_lines": [9, 11, 13, 16, 17, 30, 31, 32, 34, 41, 42, 46, 54], "summary": {"covered_lines": 13, "num_statements": 13, "percent_covered": 100.0, "percent_covered_display": "100", "missing_lines": 0, "excluded_lines": 0, "percent_statements_covered": 100.0, "percent_statements_covered_display": "100"}, "missing_lines": [], "excluded_lines": [], "start_line": 1}}}, "src\\hodoku\\solver\\__init__.py": {"executed_lines": [], "summary": {"covered_lines": 0, "num_statements": 0, "percent_covered": 100.0, "percent_covered_display": "100", "missing_lines": 0, "excluded_lines": 0, "percent_statements_covered": 100.0, "percent_statements_covered_display": "100"}, "missing_lines": [], "excluded_lines": [], "functions": {"": {"executed_lines": [], "summary": {"covered_lines": 0, "num_statements": 0, "percent_covered": 100.0, "percent_covered_display": "100", "missing_lines": 0, "excluded_lines": 0, "percent_statements_covered": 100.0, "percent_statements_covered_display": "100"}, "missing_lines": [], "excluded_lines": [], "start_line": 1}}, "classes": {"": {"executed_lines": [], "summary": {"covered_lines": 0, "num_statements": 0, "percent_covered": 100.0, "percent_covered_display": "100", "missing_lines": 0, "excluded_lines": 0, "percent_statements_covered": 100.0, "percent_statements_covered_display": "100"}, "missing_lines": [], "excluded_lines": [], "start_line": 1}}}, "src\\hodoku\\solver\\als.py": {"executed_lines": [7, 9, 11, 12, 13, 15, 18, 25, 31, 33, 34, 35, 36, 37, 38, 39, 46, 49, 55, 56, 57, 58, 59, 60, 61, 63, 65, 66, 67, 68, 69, 70, 71, 72, 73, 74, 75, 76, 78, 90, 93, 101, 107, 109, 111, 112, 113, 114, 115, 117, 119, 120, 121, 122, 123, 124, 125, 126, 127, 128, 130, 131, 134, 139, 141, 142, 144, 145, 146, 147, 149, 152, 153, 155, 157, 159, 160, 162, 169, 175, 176, 178, 179, 180, 181, 183, 184, 186, 189, 204, 205, 206, 207, 208, 209, 210, 211, 212, 213, 214, 215, 216, 217, 225, 239, 240, 241, 242, 244, 245, 246, 247, 248, 249, 250, 251, 253, 254, 255, 256, 257, 258, 259, 260, 261, 262, 263, 265, 268, 270, 271, 272, 273, 274, 276, 277, 278, 279, 280, 281, 283, 290, 299, 300, 301, 302, 303, 304, 306, 307, 308, 309, 310, 311, 312, 313, 314, 315, 316, 317, 318, 319, 320, 323, 331, 332, 333, 334, 335, 336, 337, 338, 339, 340, 341, 342, 343, 344, 345, 346, 353, 354, 357, 371, 395, 396, 397, 398, 403, 409, 410, 411, 412, 419, 422, 424, 428, 437, 440, 441, 443, 446, 447, 448, 449, 450, 451, 456, 459, 460, 461, 462, 463, 464, 473, 475, 476, 477, 479, 480, 482, 483, 485, 488, 491, 492, 493, 494, 496, 497, 506, 508, 510, 511, 512, 513, 515, 516, 518, 519, 521, 522, 523, 524, 525, 526, 527, 528, 530, 531, 532, 533, 534, 535, 537, 543, 545, 546, 547, 548, 550, 551, 552, 553, 556, 557, 560, 561, 562, 564, 565, 568, 569, 571, 572, 575, 579, 580, 590, 592, 594, 595, 596, 597, 598, 600, 601, 602, 603, 604, 605, 606, 607, 608, 609, 610, 611, 612, 613, 614, 616, 620, 621, 622, 623, 624, 625, 626, 627, 628, 630, 636, 637, 638, 639, 640, 642, 643, 644, 646, 647, 648, 649, 655, 657, 659, 661, 662, 663, 664, 666, 667, 668, 670, 671, 672, 673, 679, 681, 683, 697, 700, 701, 702, 703, 705, 706, 707, 708, 710, 715, 716, 718, 720, 721, 722, 725, 728, 729, 730, 731, 732, 733, 737, 738, 739, 740, 741, 742, 743, 744, 746, 747, 748, 749, 750, 751, 752, 754, 755, 756, 758, 765, 766, 769, 770, 773, 774, 780, 810, 843, 867, 931, 987, 990, 992, 1003, 1011, 1013, 1014, 1015, 1017, 1018, 1019, 1020, 1022], "summary": {"covered_lines": 406, "num_statements": 603, "percent_covered": 67.33001658374793, "percent_covered_display": "67", "missing_lines": 197, "excluded_lines": 0, "percent_statements_covered": 67.33001658374793, "percent_statements_covered_display": "67"}, "missing_lines": [32, 83, 84, 85, 86, 87, 88, 91, 94, 156, 158, 266, 363, 364, 365, 366, 367, 368, 373, 374, 375, 377, 378, 379, 381, 384, 385, 386, 388, 389, 390, 392, 399, 400, 425, 426, 429, 430, 452, 453, 454, 465, 466, 467, 481, 499, 500, 501, 502, 503, 504, 517, 573, 582, 583, 584, 585, 586, 587, 588, 615, 698, 711, 712, 713, 726, 727, 735, 782, 783, 784, 785, 787, 788, 789, 790, 791, 792, 793, 795, 796, 797, 798, 799, 800, 802, 803, 808, 812, 813, 814, 816, 818, 819, 820, 821, 822, 823, 824, 826, 827, 828, 829, 830, 831, 833, 834, 838, 839, 841, 847, 849, 850, 851, 852, 853, 854, 855, 856, 857, 858, 859, 860, 861, 862, 863, 865, 880, 881, 883, 884, 885, 886, 887, 890, 891, 893, 894, 895, 898, 899, 901, 902, 903, 904, 905, 907, 908, 914, 917, 918, 919, 921, 922, 924, 925, 940, 942, 943, 944, 945, 946, 948, 949, 951, 952, 953, 954, 955, 957, 958, 960, 961, 962, 963, 965, 966, 967, 968, 969, 971, 972, 974, 975, 976, 977, 978, 979, 980, 981, 982, 984, 993, 994, 995, 996, 1016], "excluded_lines": [], "functions": {"_get_buddies_of_set": {"executed_lines": [31, 33, 34, 35, 36, 37, 38, 39], "summary": {"covered_lines": 8, "num_statements": 9, "percent_covered": 88.88888888888889, "percent_covered_display": "89", "missing_lines": 1, "excluded_lines": 0, "percent_statements_covered": 88.88888888888889, "percent_statements_covered_display": "89"}, "missing_lines": [32], "excluded_lines": [], "start_line": 25}, "Als.__init__": {"executed_lines": [56, 57, 58, 59, 60, 61], "summary": {"covered_lines": 6, "num_statements": 6, "percent_covered": 100.0, "percent_covered_display": "100", "missing_lines": 0, "excluded_lines": 0, "percent_statements_covered": 100.0, "percent_statements_covered_display": "100"}, "missing_lines": [], "excluded_lines": [], "start_line": 55}, "Als.compute_fields": {"executed_lines": [65, 66, 67, 68, 69, 70, 71, 72, 73, 74, 75, 76], "summary": {"covered_lines": 12, "num_statements": 12, "percent_covered": 100.0, "percent_covered_display": "100", "missing_lines": 0, "excluded_lines": 0, "percent_statements_covered": 100.0, "percent_statements_covered_display": "100"}, "missing_lines": [], "excluded_lines": [], "start_line": 63}, "Als.get_chain_penalty": {"executed_lines": [], "summary": {"covered_lines": 0, "num_statements": 6, "percent_covered": 0.0, "percent_covered_display": "0", "missing_lines": 6, "excluded_lines": 0, "percent_statements_covered": 0.0, "percent_statements_covered_display": "0"}, "missing_lines": [83, 84, 85, 86, 87, 88], "excluded_lines": [], "start_line": 78}, "Als.__eq__": {"executed_lines": [], "summary": {"covered_lines": 0, "num_statements": 1, "percent_covered": 0.0, "percent_covered_display": "0", "missing_lines": 1, "excluded_lines": 0, "percent_statements_covered": 0.0, "percent_statements_covered_display": "0"}, "missing_lines": [91], "excluded_lines": [], "start_line": 90}, "Als.__hash__": {"executed_lines": [], "summary": {"covered_lines": 0, "num_statements": 1, "percent_covered": 0.0, "percent_covered_display": "0", "missing_lines": 1, "excluded_lines": 0, "percent_statements_covered": 0.0, "percent_statements_covered_display": "0"}, "missing_lines": [94], "excluded_lines": [], "start_line": 93}, "RestrictedCommon.__init__": {"executed_lines": [111, 112, 113, 114, 115], "summary": {"covered_lines": 5, "num_statements": 5, "percent_covered": 100.0, "percent_covered_display": "100", "missing_lines": 0, "excluded_lines": 0, "percent_statements_covered": 100.0, "percent_statements_covered_display": "100"}, "missing_lines": [], "excluded_lines": [], "start_line": 109}, "RestrictedCommon.check_rc": {"executed_lines": [119, 120, 121, 122, 123, 124, 125, 126, 127, 128, 130, 131], "summary": {"covered_lines": 12, "num_statements": 12, "percent_covered": 100.0, "percent_covered_display": "100", "missing_lines": 0, "excluded_lines": 0, "percent_statements_covered": 100.0, "percent_statements_covered_display": "100"}, "missing_lines": [], "excluded_lines": [], "start_line": 117}, "_check_rc_int": {"executed_lines": [139, 141, 142, 144, 145, 146, 147, 149, 152, 153, 155, 157, 159, 160, 162], "summary": {"covered_lines": 15, "num_statements": 17, "percent_covered": 88.23529411764706, "percent_covered_display": "88", "missing_lines": 2, "excluded_lines": 0, "percent_statements_covered": 88.23529411764706, "percent_statements_covered_display": "88"}, "missing_lines": [156, 158], "excluded_lines": [], "start_line": 134}, "_collect_alses": {"executed_lines": [175, 176, 178, 179, 180, 181, 183, 184, 186], "summary": {"covered_lines": 9, "num_statements": 9, "percent_covered": 100.0, "percent_covered_display": "100", "missing_lines": 0, "excluded_lines": 0, "percent_statements_covered": 100.0, "percent_statements_covered_display": "100"}, "missing_lines": [], "excluded_lines": [], "start_line": 169}, "_check_als_recursive": {"executed_lines": [204, 205, 206, 207, 208, 209, 210, 211, 212, 213, 214, 215, 216, 217], "summary": {"covered_lines": 14, "num_statements": 14, "percent_covered": 100.0, "percent_covered_display": "100", "missing_lines": 0, "excluded_lines": 0, "percent_statements_covered": 100.0, "percent_statements_covered_display": "100"}, "missing_lines": [], "excluded_lines": [], "start_line": 189}, "_collect_rcs": {"executed_lines": [239, 240, 241, 242, 244, 245, 246, 247, 248, 249, 250, 251, 253, 254, 255, 256, 257, 258, 259, 260, 261, 262, 263, 265, 268, 270, 271, 272, 273, 274, 276, 277, 278, 279, 280, 281, 283], "summary": {"covered_lines": 37, "num_statements": 38, "percent_covered": 97.36842105263158, "percent_covered_display": "97", "missing_lines": 1, "excluded_lines": 0, "percent_statements_covered": 97.36842105263158, "percent_statements_covered_display": "97"}, "missing_lines": [266], "excluded_lines": [], "start_line": 225}, "_check_candidates_to_delete": {"executed_lines": [299, 300, 301, 302, 303, 304, 306, 307, 308, 309, 310, 311, 312, 313, 314, 315, 316, 317, 318, 319, 320], "summary": {"covered_lines": 21, "num_statements": 21, "percent_covered": 100.0, "percent_covered_display": "100", "missing_lines": 0, "excluded_lines": 0, "percent_statements_covered": 100.0, "percent_statements_covered_display": "100"}, "missing_lines": [], "excluded_lines": [], "start_line": 290}, "_check_doubly_linked_als": {"executed_lines": [331, 332, 333, 334, 335, 336, 337, 338, 339, 340, 341, 342, 343, 344, 345, 346], "summary": {"covered_lines": 16, "num_statements": 16, "percent_covered": 100.0, "percent_covered_display": "100", "missing_lines": 0, "excluded_lines": 0, "percent_statements_covered": 100.0, "percent_statements_covered_display": "100"}, "missing_lines": [], "excluded_lines": [], "start_line": 323}, "_als_index_count": {"executed_lines": [354], "summary": {"covered_lines": 1, "num_statements": 1, "percent_covered": 100.0, "percent_covered_display": "100", "missing_lines": 0, "excluded_lines": 0, "percent_statements_covered": 100.0, "percent_statements_covered_display": "100"}, "missing_lines": [], "excluded_lines": [], "start_line": 353}, "_als_index_summe": {"executed_lines": [], "summary": {"covered_lines": 0, "num_statements": 6, "percent_covered": 0.0, "percent_covered_display": "0", "missing_lines": 6, "excluded_lines": 0, "percent_statements_covered": 0.0, "percent_statements_covered_display": "0"}, "missing_lines": [363, 364, 365, 366, 367, 368], "excluded_lines": [], "start_line": 357}, "_als_cmp": {"executed_lines": [], "summary": {"covered_lines": 0, "num_statements": 14, "percent_covered": 0.0, "percent_covered_display": "0", "missing_lines": 14, "excluded_lines": 0, "percent_statements_covered": 0.0, "percent_statements_covered_display": "0"}, "missing_lines": [373, 374, 375, 377, 378, 379, 381, 384, 385, 386, 388, 389, 390, 392], "excluded_lines": [], "start_line": 371}, "_best_step": {"executed_lines": [396, 397, 398], "summary": {"covered_lines": 3, "num_statements": 5, "percent_covered": 60.0, "percent_covered_display": "60", "missing_lines": 2, "excluded_lines": 0, "percent_statements_covered": 60.0, "percent_statements_covered_display": "60"}, "missing_lines": [399, 400], "excluded_lines": [], "start_line": 395}, "_record_step": {"executed_lines": [409, 410, 411, 412], "summary": {"covered_lines": 4, "num_statements": 4, "percent_covered": 100.0, "percent_covered_display": "100", "missing_lines": 0, "excluded_lines": 0, "percent_statements_covered": 100.0, "percent_statements_covered_display": "100"}, "missing_lines": [], "excluded_lines": [], "start_line": 403}, "_RCForDeathBlossom.__init__": {"executed_lines": [], "summary": {"covered_lines": 0, "num_statements": 2, "percent_covered": 0.0, "percent_covered_display": "0", "missing_lines": 2, "excluded_lines": 0, "percent_statements_covered": 0.0, "percent_statements_covered_display": "0"}, "missing_lines": [425, 426], "excluded_lines": [], "start_line": 424}, "_RCForDeathBlossom.add_als_for_candidate": {"executed_lines": [], "summary": {"covered_lines": 0, "num_statements": 2, "percent_covered": 0.0, "percent_covered_display": "0", "missing_lines": 2, "excluded_lines": 0, "percent_statements_covered": 0.0, "percent_statements_covered_display": "0"}, "missing_lines": [429, 430], "excluded_lines": [], "start_line": 428}, "AlsSolver.__init__": {"executed_lines": [441], "summary": {"covered_lines": 1, "num_statements": 1, "percent_covered": 100.0, "percent_covered_display": "100", "missing_lines": 0, "excluded_lines": 0, "percent_statements_covered": 100.0, "percent_statements_covered_display": "100"}, "missing_lines": [], "excluded_lines": [], "start_line": 440}, "AlsSolver.get_step": {"executed_lines": [446, 447, 448, 449, 450, 451], "summary": {"covered_lines": 6, "num_statements": 9, "percent_covered": 66.66666666666667, "percent_covered_display": "67", "missing_lines": 3, "excluded_lines": 0, "percent_statements_covered": 66.66666666666667, "percent_statements_covered_display": "67"}, "missing_lines": [452, 453, 454], "excluded_lines": [], "start_line": 443}, "AlsSolver.find_all": {"executed_lines": [459, 460, 461, 462, 463, 464], "summary": {"covered_lines": 6, "num_statements": 9, "percent_covered": 66.66666666666667, "percent_covered_display": "67", "missing_lines": 3, "excluded_lines": 0, "percent_statements_covered": 66.66666666666667, "percent_statements_covered_display": "67"}, "missing_lines": [465, 466, 467], "excluded_lines": [], "start_line": 456}, "AlsSolver._find_als_xz": {"executed_lines": [475, 476, 477, 479, 480, 482, 483, 485, 488, 491, 492, 493, 494, 496, 497, 506], "summary": {"covered_lines": 16, "num_statements": 23, "percent_covered": 69.56521739130434, "percent_covered_display": "70", "missing_lines": 7, "excluded_lines": 0, "percent_statements_covered": 69.56521739130434, "percent_statements_covered_display": "70"}, "missing_lines": [481, 499, 500, 501, 502, 503, 504], "excluded_lines": [], "start_line": 473}, "AlsSolver._find_als_xz_all": {"executed_lines": [510, 511, 512, 513, 515, 516, 518, 519, 521, 522, 523, 524, 525, 526, 527, 528, 530, 531, 532, 533, 534, 535, 537], "summary": {"covered_lines": 23, "num_statements": 24, "percent_covered": 95.83333333333333, "percent_covered_display": "96", "missing_lines": 1, "excluded_lines": 0, "percent_statements_covered": 95.83333333333333, "percent_statements_covered_display": "96"}, "missing_lines": [517], "excluded_lines": [], "start_line": 508}, "AlsSolver._find_als_xy_wing": {"executed_lines": [545, 546, 547, 548, 550, 551, 552, 553, 556, 557, 560, 561, 562, 564, 565, 568, 569, 571, 572, 575, 579, 580, 590], "summary": {"covered_lines": 23, "num_statements": 31, "percent_covered": 74.19354838709677, "percent_covered_display": "74", "missing_lines": 8, "excluded_lines": 0, "percent_statements_covered": 74.19354838709677, "percent_statements_covered_display": "74"}, "missing_lines": [573, 582, 583, 584, 585, 586, 587, 588], "excluded_lines": [], "start_line": 543}, "AlsSolver._find_als_xy_wing_all": {"executed_lines": [594, 595, 596, 597, 598, 600, 601, 602, 603, 604, 605, 606, 607, 608, 609, 610, 611, 612, 613, 614, 616, 620, 621, 622, 623, 624, 625, 626, 627, 628, 630], "summary": {"covered_lines": 31, "num_statements": 32, "percent_covered": 96.875, "percent_covered_display": "97", "missing_lines": 1, "excluded_lines": 0, "percent_statements_covered": 96.875, "percent_statements_covered_display": "97"}, "missing_lines": [615], "excluded_lines": [], "start_line": 592}, "AlsSolver._find_als_xy_chain": {"executed_lines": [637, 638, 639, 640, 642, 643, 644, 646, 647, 648, 649, 655, 657], "summary": {"covered_lines": 13, "num_statements": 13, "percent_covered": 100.0, "percent_covered_display": "100", "missing_lines": 0, "excluded_lines": 0, "percent_statements_covered": 100.0, "percent_statements_covered_display": "100"}, "missing_lines": [], "excluded_lines": [], "start_line": 636}, "AlsSolver._find_als_xy_chain_all": {"executed_lines": [661, 662, 663, 664, 666, 667, 668, 670, 671, 672, 673, 679, 681], "summary": {"covered_lines": 13, "num_statements": 13, "percent_covered": 100.0, "percent_covered_display": "100", "missing_lines": 0, "excluded_lines": 0, "percent_statements_covered": 100.0, "percent_statements_covered_display": "100"}, "missing_lines": [], "excluded_lines": [], "start_line": 659}, "AlsSolv
[...]
9, 270, 271, 272, 273], "summary": {"covered_lines": 14, "num_statements": 14, "percent_covered": 100.0, "percent_covered_display": "100", "missing_lines": 0, "excluded_lines": 0, "percent_statements_covered": 100.0, "percent_statements_covered_display": "100"}, "missing_lines": [], "excluded_lines": [], "start_line": 250}, "UniquenessSolver._find_bug_plus_1": {"executed_lines": [287, 288, 289, 290, 291, 292, 293, 294, 295, 296, 297, 298, 299, 300, 302, 303, 304, 305, 306, 307, 309, 310, 311, 312, 314, 315, 316, 317, 319, 320, 322, 324, 325, 327, 329, 330, 332, 335, 336, 337, 338, 339, 340], "summary": {"covered_lines": 43, "num_statements": 50, "percent_covered": 86.0, "percent_covered_display": "86", "missing_lines": 7, "excluded_lines": 0, "percent_statements_covered": 86.0, "percent_statements_covered_display": "86"}, "missing_lines": [308, 313, 318, 323, 328, 331, 333], "excluded_lines": [], "start_line": 279}, "UniquenessSolver._find_ur": {"executed_lines": [348, 349, 350, 351, 354, 355, 356, 357, 358, 359, 360, 361, 365, 366, 369, 370, 372], "summary": {"covered_lines": 17, "num_statements": 18, "percent_covered": 94.44444444444444, "percent_covered_display": "94", "missing_lines": 1, "excluded_lines": 0, "percent_statements_covered": 94.44444444444444, "percent_statements_covered_display": "94"}, "missing_lines": [371], "excluded_lines": [], "start_line": 346}, "UniquenessSolver._find_ur_for_pair": {"executed_lines": [393, 394, 396, 404, 405, 406, 407, 408, 409, 410, 411, 412, 413, 415, 417, 418, 420, 421, 422, 423, 424, 425, 426, 427, 428, 429, 433, 434, 435, 436, 438, 442, 443, 444], "summary": {"covered_lines": 34, "num_statements": 35, "percent_covered": 97.14285714285714, "percent_covered_display": "97", "missing_lines": 1, "excluded_lines": 0, "percent_statements_covered": 97.14285714285714, "percent_statements_covered_display": "97"}, "missing_lines": [430], "excluded_lines": [], "start_line": 374}, "UniquenessSolver._find_ur_for_pair._has_cands": {"executed_lines": [397, 398], "summary": {"covered_lines": 2, "num_statements": 3, "percent_covered": 66.66666666666667, "percent_covered_display": "67", "missing_lines": 1, "excluded_lines": 0, "percent_statements_covered": 66.66666666666667, "percent_statements_covered_display": "67"}, "missing_lines": [399], "excluded_lines": [], "start_line": 396}, "UniquenessSolver._check_ur": {"executed_lines": [455, 456, 457, 460, 461, 462, 463, 464, 465, 467, 469, 471, 481, 490, 502, 503, 504, 505, 506, 507, 508, 509, 510, 537, 538, 539, 540, 541, 542, 543, 544, 545, 550, 551, 553, 561, 566, 571, 572, 573, 574, 575, 576, 577, 578, 580, 581, 582, 583, 584, 585, 587, 594, 595, 596, 597, 598, 600, 601, 602, 603, 604, 605, 606, 607, 608, 609, 610, 612, 614, 627, 628, 629, 630, 631, 632, 633, 635, 636, 640, 643, 644, 648, 649, 651], "summary": {"covered_lines": 85, "num_statements": 130, "percent_covered": 65.38461538461539, "percent_covered_display": "65", "missing_lines": 45, "excluded_lines": 0, "percent_statements_covered": 65.38461538461539, "percent_statements_covered_display": "65"}, "missing_lines": [491, 492, 493, 494, 495, 496, 497, 498, 499, 511, 512, 513, 514, 515, 516, 517, 518, 519, 520, 525, 526, 527, 528, 529, 530, 531, 532, 533, 567, 579, 586, 588, 589, 590, 611, 613, 615, 616, 617, 618, 619, 620, 621, 622, 641], "excluded_lines": [], "start_line": 446}, "UniquenessSolver._check_ur.emit": {"executed_lines": [], "summary": {"covered_lines": 0, "num_statements": 8, "percent_covered": 0.0, "percent_covered_display": "0", "missing_lines": 8, "excluded_lines": 0, "percent_statements_covered": 0.0, "percent_statements_covered_display": "0"}, "missing_lines": [472, 473, 474, 475, 476, 477, 478, 479], "excluded_lines": [], "start_line": 471}, "UniquenessSolver._check_ur.make_step": {"executed_lines": [482, 483, 484, 485, 486, 487], "summary": {"covered_lines": 6, "num_statements": 6, "percent_covered": 100.0, "percent_covered_display": "100", "missing_lines": 0, "excluded_lines": 0, "percent_statements_covered": 100.0, "percent_statements_covered_display": "100"}, "missing_lines": [], "excluded_lines": [], "start_line": 481}, "UniquenessSolver._check_ut3_recursive": {"executed_lines": [669, 670, 671, 672, 675, 676, 678, 679, 680, 682, 683, 684, 685, 686, 687, 688, 689, 690, 691, 692, 693, 696, 707, 708, 709, 710, 711, 712, 721, 726, 728], "summary": {"covered_lines": 31, "num_statements": 48, "percent_covered": 64.58333333333333, "percent_covered_display": "65", "missing_lines": 17, "excluded_lines": 0, "percent_statements_covered": 64.58333333333333, "percent_statements_covered_display": "65"}, "missing_lines": [694, 697, 698, 699, 700, 701, 702, 703, 704, 705, 713, 714, 715, 717, 718, 719, 727], "excluded_lines": [], "start_line": 653}, "UniquenessSolver._check_hidden_rect": {"executed_lines": [742, 743, 744, 745, 746, 748, 749, 751, 752, 753, 755, 757, 758, 759, 760, 762, 763, 764, 765, 766, 767, 768, 769, 770, 771, 772, 774, 775, 776, 777], "summary": {"covered_lines": 30, "num_statements": 30, "percent_covered": 100.0, "percent_covered_display": "100", "missing_lines": 0, "excluded_lines": 0, "percent_statements_covered": 100.0, "percent_statements_covered_display": "100"}, "missing_lines": [], "excluded_lines": [], "start_line": 730}, "UniquenessSolver._line_mask": {"executed_lines": [780, 781, 782, 783], "summary": {"covered_lines": 4, "num_statements": 4, "percent_covered": 100.0, "percent_covered_display": "100", "missing_lines": 0, "excluded_lines": 0, "percent_statements_covered": 100.0, "percent_statements_covered_display": "100"}, "missing_lines": [], "excluded_lines": [], "start_line": 779}, "UniquenessSolver._col_mask": {"executed_lines": [786, 787, 788, 789], "summary": {"covered_lines": 4, "num_statements": 4, "percent_covered": 100.0, "percent_covered_display": "100", "missing_lines": 0, "excluded_lines": 0, "percent_statements_covered": 100.0, "percent_statements_covered_display": "100"}, "missing_lines": [], "excluded_lines": [], "start_line": 785}, "_same_line_or_col": {"executed_lines": [793, 795, 796], "summary": {"covered_lines": 3, "num_statements": 4, "percent_covered": 75.0, "percent_covered_display": "75", "missing_lines": 1, "excluded_lines": 0, "percent_statements_covered": 75.0, "percent_statements_covered_display": "75"}, "missing_lines": [794], "excluded_lines": [], "start_line": 792}, "_same_block": {"executed_lines": [], "summary": {"covered_lines": 0, "num_statements": 6, "percent_covered": 0.0, "percent_covered_display": "0", "missing_lines": 6, "excluded_lines": 0, "percent_statements_covered": 0.0, "percent_statements_covered_display": "0"}, "missing_lines": [802, 803, 804, 805, 806, 807], "excluded_lines": [], "start_line": 800}, "": {"executed_lines": [7, 9, 10, 11, 13, 23, 29, 32, 35, 38, 47, 59, 84, 111, 180, 250, 279, 346, 374, 446, 653, 730, 779, 785, 792, 800], "summary": {"covered_lines": 26, "num_statements": 26, "percent_covered": 100.0, "percent_covered_display": "100", "missing_lines": 0, "excluded_lines": 0, "percent_statements_covered": 100.0, "percent_statements_covered_display": "100"}, "missing_lines": [], "excluded_lines": [], "start_line": 1}}, "classes": {"UniquenessSolver": {"executed_lines": [36, 39, 40, 41, 42, 43, 44, 48, 49, 50, 51, 52, 53, 54, 55, 56, 61, 62, 63, 64, 67, 68, 69, 70, 71, 72, 73, 74, 78, 95, 96, 98, 100, 101, 102, 104, 107, 109, 120, 121, 124, 125, 126, 127, 128, 129, 130, 131, 132, 134, 135, 136, 138, 139, 140, 141, 142, 145, 146, 147, 148, 150, 152, 156, 160, 164, 165, 178, 258, 260, 261, 262, 263, 264, 265, 266, 267, 269, 270, 271, 272, 273, 287, 288, 289, 290, 291, 292, 293, 294, 295, 296, 297, 298, 299, 300, 302, 303, 304, 305, 306, 307, 309, 310, 311, 312, 314, 315, 316, 317, 319, 320, 322, 324, 325, 327, 329, 330, 332, 335, 336, 337, 338, 339, 340, 348, 349, 350, 351, 354, 355, 356, 357, 358, 359, 360, 361, 365, 366, 369, 370, 372, 393, 394, 396, 397, 398, 404, 405, 406, 407, 408, 409, 410, 411, 412, 413, 415, 417, 418, 420, 421, 422, 423, 424, 425, 426, 427, 428, 429, 433, 434, 435, 436, 438, 442, 443, 444, 455, 456, 457, 460, 461, 462, 463, 464, 465, 467, 469, 471, 481, 482, 483, 484, 485, 486, 487, 490, 502, 503, 504, 505, 506, 507, 508, 509, 510, 537, 538, 539, 540, 541, 542, 543, 544, 545, 550, 551, 553, 561, 566, 571, 572, 573, 574, 575, 576, 577, 578, 580, 581, 582, 583, 584, 585, 587, 594, 595, 596, 597, 598, 600, 601, 602, 603, 604, 605, 606, 607, 608, 609, 610, 612, 614, 627, 628, 629, 630, 631, 632, 633, 635, 636, 640, 643, 644, 648, 649, 651, 669, 670, 671, 672, 675, 676, 678, 679, 680, 682, 683, 684, 685, 686, 687, 688, 689, 690, 691, 692, 693, 696, 707, 708, 709, 710, 711, 712, 721, 726, 728, 742, 743, 744, 745, 746, 748, 749, 751, 752, 753, 755, 757, 758, 759, 760, 762, 763, 764, 765, 766, 767, 768, 769, 770, 771, 772, 774, 775, 776, 777, 780, 781, 782, 783, 786, 787, 788, 789], "summary": {"covered_lines": 338, "num_statements": 476, "percent_covered": 71.00840336134453, "percent_covered_display": "71", "missing_lines": 138, "excluded_lines": 0, "percent_statements_covered": 71.00840336134453, "percent_statements_covered_display": "71"}, "missing_lines": [45, 57, 108, 154, 158, 162, 167, 168, 169, 170, 172, 176, 177, 188, 190, 191, 192, 193, 194, 195, 196, 197, 198, 199, 201, 203, 204, 205, 206, 207, 208, 209, 210, 212, 213, 216, 217, 218, 222, 223, 224, 225, 228, 229, 230, 232, 233, 234, 235, 236, 237, 238, 239, 240, 241, 242, 243, 244, 308, 313, 318, 323, 328, 331, 333, 371, 399, 430, 472, 473, 474, 475, 476, 477, 478, 479, 491, 492, 493, 494, 495, 496, 497, 498, 499, 511, 512, 513, 514, 515, 516, 517, 518, 519, 520, 525, 526, 527, 528, 529, 530, 531, 532, 533, 567, 579, 586, 588, 589, 590, 611, 613, 615, 616, 617, 618, 619, 620, 621, 622, 641, 694, 697, 698, 699, 700, 701, 702, 703, 704, 705, 713, 714, 715, 717, 718, 719, 727], "excluded_lines": [], "start_line": 32}, "": {"executed_lines": [7, 9, 10, 11, 13, 23, 29, 32, 35, 38, 47, 59, 84, 111, 180, 250, 279, 346, 374, 446, 653, 730, 779, 785, 792, 793, 795, 796, 800], "summary": {"covered_lines": 29, "num_statements": 36, "percent_covered": 80.55555555555556, "percent_covered_display": "81", "missing_lines": 7, "excluded_lines": 0, "percent_statements_covered": 80.55555555555556, "percent_statements_covered_display": "81"}, "missing_lines": [794, 802, 803, 804, 805, 806, 807], "excluded_lines": [], "start_line": 1}}}, "src\\hodoku\\solver\\wings.py": {"executed_lines": [6, 8, 9, 10, 13, 16, 17, 19, 20, 21, 22, 23, 24, 25, 28, 29, 30, 31, 32, 33, 34, 37, 38, 39, 40, 41, 42, 43, 44, 45, 46, 47, 48, 50, 51, 52, 54, 55, 56, 57, 59, 60, 61, 62, 63, 64, 65, 66, 68, 69, 70, 71, 72, 74, 75, 76, 81, 82, 83, 84, 87, 88, 89, 90, 92, 93, 94, 95, 96, 97, 99, 100, 102, 103, 104, 105, 106, 107, 109, 110, 111, 113, 114, 115, 116, 124, 125, 126, 127, 135, 141, 142, 144, 145, 147, 159, 160, 161, 162, 163, 164, 165, 166, 167, 168, 169, 171, 173, 174, 175, 176, 178, 179, 180, 181, 182, 183, 184, 185, 187, 188, 189, 191, 192, 195, 196, 197, 202, 203, 204, 205, 206, 208, 212, 214, 215, 217, 218, 219, 220, 223, 226, 227, 228, 230, 231, 232, 234, 235, 237, 239, 240, 241, 242, 244, 246, 247, 248, 251, 252, 253, 254, 256, 257, 258, 259, 260, 261, 267, 274, 275, 276, 277, 278, 280, 281, 283, 284, 287, 288, 290, 291, 292, 295, 296, 297, 298, 299, 302, 303, 304, 305, 306, 308, 310, 323, 325, 326, 327, 329, 330, 331, 332, 333, 334, 335, 336, 338, 340, 341, 342, 343, 345, 346, 347, 348, 350, 352, 353, 355, 358, 359, 360, 361, 362, 363, 364, 365, 366, 368, 369, 370, 371, 372, 373, 375, 381, 383, 384], "summary": {"covered_lines": 239, "num_statements": 255, "percent_covered": 93.72549019607843, "percent_covered_display": "94", "missing_lines": 16, "excluded_lines": 0, "percent_statements_covered": 93.72549019607843, "percent_statements_covered_display": "94"}, "missing_lines": [26, 35, 58, 67, 117, 120, 121, 122, 128, 131, 132, 133, 177, 186, 221, 351], "excluded_lines": [], "functions": {"WingSolver.__init__": {"executed_lines": [17], "summary": {"covered_lines": 1, "num_statements": 1, "percent_covered": 100.0, "percent_covered_display": "100", "missing_lines": 0, "excluded_lines": 0, "percent_statements_covered": 100.0, "percent_statements_covered_display": "100"}, "missing_lines": [], "excluded_lines": [], "start_line": 16}, "WingSolver.get_step": {"executed_lines": [20, 21, 22, 23, 24, 25], "summary": {"covered_lines": 6, "num_statements": 7, "percent_covered": 85.71428571428571, "percent_covered_display": "86", "missing_lines": 1, "excluded_lines": 0, "percent_statements_covered": 85.71428571428571, "percent_statements_covered_display": "86"}, "missing_lines": [26], "excluded_lines": [], "start_line": 19}, "WingSolver.find_all": {"executed_lines": [29, 30, 31, 32, 33, 34], "summary": {"covered_lines": 6, "num_statements": 7, "percent_covered": 85.71428571428571, "percent_covered_display": "86", "missing_lines": 1, "excluded_lines": 0, "percent_statements_covered": 85.71428571428571, "percent_statements_covered_display": "86"}, "missing_lines": [35], "excluded_lines": [], "start_line": 28}, "WingSolver._find_wing_all": {"executed_lines": [38, 39, 40, 41, 42, 43, 44, 45, 46, 47, 48, 50, 51, 52, 54, 55, 56, 57, 59, 60, 61, 62, 63, 64, 65, 66, 68, 69, 70, 71, 72, 74, 75, 76, 81, 82, 83, 84, 87, 88, 89, 90], "summary": {"covered_lines": 42, "num_statements": 44, "percent_covered": 95.45454545454545, "percent_covered_display": "95", "missing_lines": 2, "excluded_lines": 0, "percent_statements_covered": 95.45454545454545, "percent_statements_covered_display": "95"}, "missing_lines": [58, 67], "excluded_lines": [], "start_line": 37}, "WingSolver._find_w_wing_all": {"executed_lines": [93, 94, 95, 96, 97, 99, 100, 102, 103, 104, 105, 106, 107, 109, 110, 111, 113, 114, 115, 116, 124, 125, 126, 127, 135], "summary": {"covered_lines": 25, "num_statements": 33, "percent_covered": 75.75757575757575, "percent_covered_display": "76", "missing_lines": 8, "excluded_lines": 0, "percent_statements_covered": 75.75757575757575, "percent_statements_covered_display": "76"}, "missing_lines": [117, 120, 121, 122, 128, 131, 132, 133], "excluded_lines": [], "start_line": 92}, "WingSolver._find_xy_wing": {"executed_lines": [142], "summary": {"covered_lines": 1, "num_statements": 1, "percent_covered": 100.0, "percent_covered_display": "100", "missing_lines": 0, "excluded_lines": 0, "percent_statements_covered": 100.0, "percent_statements_covered_display": "100"}, "missing_lines": [], "excluded_lines": [], "start_line": 141}, "WingSolver._find_xyz_wing": {"executed_lines": [145], "summary": {"covered_lines": 1, "num_statements": 1, "percent_covered": 100.0, "percent_covered_display": "100", "missing_lines": 0, "excluded_lines": 0, "percent_statements_covered": 100.0, "percent_statements_covered_display": "100"}, "missing_lines": [], "excluded_lines": [], "start_line": 144}, "WingSolver._find_wing": {"executed_lines": [159, 160, 161, 162, 163, 164, 165, 166, 167, 168, 169, 171, 173, 174, 175, 176, 178, 179, 180, 181, 182, 183, 184, 185, 187, 188, 189, 191, 192, 195, 196, 197, 202, 203, 204, 205, 206], "summary": {"covered_lines": 37, "num_statements": 39, "percent_covered": 94.87179487179488, "percent_covered_display": "95", "missing_lines": 2, "excluded_lines": 0, "percent_statements_covered": 94.87179487179488, "percent_statements_covered_display": "95"}, "missing_lines": [177, 186], "excluded_lines": [], "start_line": 147}, "WingSolver._check_wing": {"executed_lines": [212, 214, 215, 217, 218, 219, 220, 223, 226, 227, 228, 230, 231, 232, 234, 235, 237, 239, 240, 241, 242, 244, 246, 247, 248, 251, 252, 253, 254, 256, 257, 258, 259, 260, 261], "summary": {"covered_lines": 35, "num_statements": 36, "percent_covered": 97.22222222222223, "percent_covered_display": "97", "missing_lines": 1, "excluded_lines": 0, "percent_statements_covered": 97.22222222222223, "percent_statements_covered_display": "97"}, "missing_lines": [221], "excluded_lines": [], "start_line": 208}, "WingSolver._find_w_wing": {"executed_lines": [274, 275, 276, 277, 278, 280, 281, 283, 284, 287, 288, 290, 291, 292, 295, 296, 297, 298, 299, 302, 303, 304, 305, 306, 308], "summary": {"covered_lines": 25, "num_statements": 25, "percent_covered": 100.0, "percent_covered_display": "100", "missing_lines": 0, "excluded_lines": 0, "percent_statements_covered": 100.0, "percent_statements_covered_display": "100"}, "missing_lines": [], "excluded_lines": [], "start_line": 267}, "WingSolver._check_w_link": {"executed_lines": [323, 325, 326, 327, 329, 330, 331, 332, 333, 334, 335, 336, 338, 340, 341, 342, 343, 345, 346, 347, 348, 350, 352, 353, 355, 358, 359, 360, 361, 362, 363, 364, 365, 366, 368, 369, 370, 371, 372, 373, 375], "summary": {"covered_lines": 41, "num_statements": 42, "percent_covered": 97.61904761904762, "percent_covered_display": "98", "missing_lines": 1, "excluded_lines": 0, "percent_statements_covered": 97.61904761904762, "percent_statements_covered_display": "98"}, "missing_lines": [351], "excluded_lines": [], "start_line": 310}, "WingSolver._unit_cells": {"executed_lines": [383, 384], "summary": {"covered_lines": 2, "num_statements": 2, "percent_covered": 100.0, "percent_covered_display": "100", "missing_lines": 0, "excluded_lines": 0, "percent_statements_covered": 100.0, "percent_statements_covered_display": "100"}, "missing_lines": [], "excluded_lines": [], "start_line": 381}, "": {"executed_lines": [6, 8, 9, 10, 13, 16, 19, 28, 37, 92, 141, 144, 147, 208, 267, 310, 381], "summary": {"covered_lines": 17, "num_statements": 17, "percent_covered": 100.0, "percent_covered_display": "100", "missing_lines": 0, "excluded_lines": 0, "percent_statements_covered": 100.0, "percent_statements_covered_display": "100"}, "missing_lines": [], "excluded_lines": [], "start_line": 1}}, "classes": {"WingSolver": {"executed_lines": [17, 20, 21, 22, 23, 24, 25, 29, 30, 31, 32, 33, 34, 38, 39, 40, 41, 42, 43, 44, 45, 46, 47, 48, 50, 51, 52, 54, 55, 56, 57, 59, 60, 61, 62, 63, 64, 65, 66, 68, 69, 70, 71, 72, 74, 75, 76, 81, 82, 83, 84, 87, 88, 89, 90, 93, 94, 95, 96, 97, 99, 100, 102, 103, 104, 105, 106, 107, 109, 110, 111, 113, 114, 115, 116, 124, 125, 126, 127, 135, 142, 145, 159, 160, 161, 162, 163, 164, 165, 166, 167, 168, 169, 171, 173, 174, 175, 176, 178, 179, 180, 181, 182, 183, 184, 185, 187, 188, 189, 191, 192, 195, 196, 197, 202, 203, 204, 205, 206, 212, 214, 215, 217, 218, 219, 220, 223, 226, 227, 228, 230, 231, 232, 234, 235, 237, 239, 240, 241, 242, 244, 246, 247, 248, 251, 252, 253, 254, 256, 257, 258, 259, 260, 261, 274, 275, 276, 277, 278, 280, 281, 283, 284, 287, 288, 290, 291, 292, 295, 296, 297, 298, 299, 302, 303, 304, 305, 306, 308, 323, 325, 326, 327, 329, 330, 331, 332, 333, 334, 335, 336, 338, 340, 341, 342, 343, 345, 346, 347, 348, 350, 352, 353, 355, 358, 359, 360, 361, 362, 363, 364, 365, 366, 368, 369, 370, 371, 372, 373, 375, 383, 384], "summary": {"covered_lines": 222, "num_statements": 238, "percent_covered": 93.27731092436974, "percent_covered_display": "93", "missing_lines": 16, "excluded_lines": 0, "percent_statements_covered": 93.27731092436974, "percent_statements_covered_display": "93"}, "missing_lines": [26, 35, 58, 67, 117, 120, 121, 122, 128, 131, 132, 133, 177, 186, 221, 351], "excluded_lines": [], "start_line": 13}, "": {"executed_lines": [6, 8, 9, 10, 13, 16, 19, 28, 37, 92, 141, 144, 147, 208, 267, 310, 381], "summary": {"covered_lines": 17, "num_statements": 17, "percent_covered": 100.0, "percent_covered_display": "100", "missing_lines": 0, "excluded_lines": 0, "percent_statements_covered": 100.0, "percent_statements_covered_display": "100"}, "missing_lines": [], "excluded_lines": [], "start_line": 1}}}}, "totals": {"covered_lines": 5053, "num_statements": 6712, "percent_covered": 75.28307508939213, "percent_covered_display": "75", "missing_lines": 1659, "excluded_lines": 0, "percent_statements_covered": 75.28307508939213, "percent_statements_covered_display": "75"}}