{"meta": {"format": 3, "version": "7.14.0", "timestamp": "2026-05-20T09:09:20.527480", "branch_coverage": false, "show_contexts": false}, "files": {"src/hodoku/__init__.py": {"executed_lines": [1, 2, 3, 4, 6], "summary": {"covered_lines": 5, "num_statements": 5, "percent_covered": 100.0, "percent_covered_display": "100", "missing_lines": 0, "excluded_lines": 0, "percent_statements_covered": 100.0, "percent_statements_covered_display": "100"}, "missing_lines": [], "excluded_lines": [], "functions": {"": {"executed_lines": [1, 2, 3, 4, 6], "summary": {"covered_lines": 5, "num_statements": 5, "percent_covered": 100.0, "percent_covered_display": "100", "missing_lines": 0, "excluded_lines": 0, "percent_statements_covered": 100.0, "percent_statements_covered_display": "100"}, "missing_lines": [], "excluded_lines": [], "start_line": 1}}, "classes": {"": {"executed_lines": [1, 2, 3, 4, 6], "summary": {"covered_lines": 5, "num_statements": 5, "percent_covered": 100.0, "percent_covered_display": "100", "missing_lines": 0, "excluded_lines": 0, "percent_statements_covered": 100.0, "percent_statements_covered_display": "100"}, "missing_lines": [], "excluded_lines": [], "start_line": 1}}}, "src/hodoku/api.py": {"executed_lines": [3, 5, 6, 8, 9, 10, 11, 12, 13, 14, 19, 21, 31, 41, 44, 49, 50, 51, 52, 53, 54, 58, 75, 82, 83, 84, 85, 86, 87, 88, 89, 90, 91, 92, 93, 94, 96, 97, 99, 100, 103, 104, 105, 106, 107, 108, 109, 110, 113, 116, 117, 118, 119, 120, 121, 122, 125, 126, 127, 128, 131, 134, 135, 136, 137, 138, 139, 141, 143, 144, 145, 153, 155, 156, 157, 158, 159, 160, 161, 162, 163, 164, 167, 169, 170, 171, 173, 175, 176, 177, 178, 180, 182, 183, 184, 185, 186, 187, 188, 189, 190, 191, 192, 194, 196, 197, 198, 199, 200, 201, 202, 203, 204, 205, 206, 207, 210, 217, 219, 220, 221, 222, 223, 224, 225, 227, 239, 240, 242, 243, 244, 245, 248, 249, 252, 259, 260, 261, 265, 266, 267, 268, 270, 277, 283, 284, 285, 286, 287, 288, 289, 290, 292], "summary": {"covered_lines": 153, "num_statements": 158, "percent_covered": 96.83544303797468, "percent_covered_display": "97", "missing_lines": 5, "excluded_lines": 2, "percent_statements_covered": 96.83544303797468, "percent_statements_covered_display": "97"}, "missing_lines": [165, 195, 246, 254, 272], "excluded_lines": [16, 17], "functions": {"_validate_puzzle": {"executed_lines": [82, 83, 84, 85, 86, 87, 88, 89, 90, 91, 92, 93, 94, 96, 97, 99, 100, 103, 104, 105, 106, 107, 108, 109, 110, 113], "summary": {"covered_lines": 26, "num_statements": 26, "percent_covered": 100.0, "percent_covered_display": "100", "missing_lines": 0, "excluded_lines": 0, "percent_statements_covered": 100.0, "percent_statements_covered_display": "100"}, "missing_lines": [], "excluded_lines": [], "start_line": 75}, "Solver.__init__": {"executed_lines": [135, 136, 137, 138, 139], "summary": {"covered_lines": 5, "num_statements": 5, "percent_covered": 100.0, "percent_covered_display": "100", "missing_lines": 0, "excluded_lines": 0, "percent_statements_covered": 100.0, "percent_statements_covered_display": "100"}, "missing_lines": [], "excluded_lines": [], "start_line": 134}, "Solver.solve": {"executed_lines": [143, 144, 145], "summary": {"covered_lines": 3, "num_statements": 3, "percent_covered": 100.0, "percent_covered_display": "100", "missing_lines": 0, "excluded_lines": 0, "percent_statements_covered": 100.0, "percent_statements_covered_display": "100"}, "missing_lines": [], "excluded_lines": [], "start_line": 141}, "Solver.get_hint": {"executed_lines": [155, 156, 157, 158, 159, 160, 161, 162, 163, 164], "summary": {"covered_lines": 10, "num_statements": 11, "percent_covered": 90.9090909090909, "percent_covered_display": "91", "missing_lines": 1, "excluded_lines": 0, "percent_statements_covered": 90.9090909090909, "percent_statements_covered_display": "91"}, "missing_lines": [165], "excluded_lines": [], "start_line": 153}, "Solver.rate": {"executed_lines": [169, 170, 171], "summary": {"covered_lines": 3, "num_statements": 3, "percent_covered": 100.0, "percent_covered_display": "100", "missing_lines": 0, "excluded_lines": 0, "percent_statements_covered": 100.0, "percent_statements_covered_display": "100"}, "missing_lines": [], "excluded_lines": [], "start_line": 167}, "Solver.find_all_steps": {"executed_lines": [175, 176, 177, 178], "summary": {"covered_lines": 4, "num_statements": 4, "percent_covered": 100.0, "percent_covered_display": "100", "missing_lines": 0, "excluded_lines": 0, "percent_statements_covered": 100.0, "percent_statements_covered_display": "100"}, "missing_lines": [], "excluded_lines": [], "start_line": 173}, "Solver._find_all_on_grid": {"executed_lines": [182, 183, 184, 185, 186, 187, 188, 189, 190, 191, 192, 194, 196, 197, 198, 199, 200, 201, 202, 203, 204, 205, 206, 207], "summary": {"covered_lines": 24, "num_statements": 25, "percent_covered": 96.0, "percent_covered_display": "96", "missing_lines": 1, "excluded_lines": 0, "percent_statements_covered": 96.0, "percent_statements_covered_display": "96"}, "missing_lines": [195], "excluded_lines": [], "start_line": 180}, "Generator.__init__": {"executed_lines": [220, 221, 222, 223, 224, 225], "summary": {"covered_lines": 6, "num_statements": 6, "percent_covered": 100.0, "percent_covered_display": "100", "missing_lines": 0, "excluded_lines": 0, "percent_statements_covered": 100.0, "percent_statements_covered_display": "100"}, "missing_lines": [], "excluded_lines": [], "start_line": 219}, "Generator.generate": {"executed_lines": [239, 240, 242, 243, 244, 245, 248, 249, 252, 259, 260, 261, 265, 266, 267, 268, 270], "summary": {"covered_lines": 17, "num_statements": 20, "percent_covered": 85.0, "percent_covered_display": "85", "missing_lines": 3, "excluded_lines": 0, "percent_statements_covered": 85.0, "percent_statements_covered_display": "85"}, "missing_lines": [246, 254, 272], "excluded_lines": [], "start_line": 227}, "Generator.validate": {"executed_lines": [283, 284, 285, 286, 287, 288, 289, 290, 292], "summary": {"covered_lines": 9, "num_statements": 9, "percent_covered": 100.0, "percent_covered_display": "100", "missing_lines": 0, "excluded_lines": 0, "percent_statements_covered": 100.0, "percent_statements_covered_display": "100"}, "missing_lines": [], "excluded_lines": [], "start_line": 277}, "": {"executed_lines": [3, 5, 6, 8, 9, 10, 11, 12, 13, 14, 19, 21, 31, 41, 44, 49, 50, 51, 52, 53, 54, 58, 75, 116, 117, 118, 119, 120, 121, 122, 125, 126, 127, 128, 131, 134, 141, 153, 167, 173, 180, 210, 217, 219, 227, 277], "summary": {"covered_lines": 46, "num_statements": 46, "percent_covered": 100.0, "percent_covered_display": "100", "missing_lines": 0, "excluded_lines": 2, "percent_statements_covered": 100.0, "percent_statements_covered_display": "100"}, "missing_lines": [], "excluded_lines": [16, 17], "start_line": 1}}, "classes": {"SolveResult": {"executed_lines": [], "summary": {"covered_lines": 0, "num_statements": 0, "percent_covered": 100.0, "percent_covered_display": "100", "missing_lines": 0, "excluded_lines": 0, "percent_statements_covered": 100.0, "percent_statements_covered_display": "100"}, "missing_lines": [], "excluded_lines": [], "start_line": 117}, "RatingResult": {"executed_lines": [], "summary": {"covered_lines": 0, "num_statements": 0, "percent_covered": 100.0, "percent_covered_display": "100", "missing_lines": 0, "excluded_lines": 0, "percent_statements_covered": 100.0, "percent_statements_covered_display": "100"}, "missing_lines": [], "excluded_lines": [], "start_line": 126}, "Solver": {"executed_lines": [135, 136, 137, 138, 139, 143, 144, 145, 155, 156, 157, 158, 159, 160, 161, 162, 163, 164, 169, 170, 171, 175, 176, 177, 178, 182, 183, 184, 185, 186, 187, 188, 189, 190, 191, 192, 194, 196, 197, 198, 199, 200, 201, 202, 203, 204, 205, 206, 207], "summary": {"covered_lines": 49, "num_statements": 51, "percent_covered": 96.07843137254902, "percent_covered_display": "96", "missing_lines": 2, "excluded_lines": 0, "percent_statements_covered": 96.07843137254902, "percent_statements_covered_display": "96"}, "missing_lines": [165, 195], "excluded_lines": [], "start_line": 131}, "Generator": {"executed_lines": [220, 221, 222, 223, 224, 225, 239, 240, 242, 243, 244, 245, 248, 249, 252, 259, 260, 261, 265, 266, 267, 268, 270, 283, 284, 285, 286, 287, 288, 289, 290, 292], "summary": {"covered_lines": 32, "num_statements": 35, "percent_covered": 91.42857142857143, "percent_covered_display": "91", "missing_lines": 3, "excluded_lines": 0, "percent_statements_covered": 91.42857142857143, "percent_statements_covered_display": "91"}, "missing_lines": [246, 254, 272], "excluded_lines": [], "start_line": 210}, "": {"executed_lines": [3, 5, 6, 8, 9, 10, 11, 12, 13, 14, 19, 21, 31, 41, 44, 49, 50, 51, 52, 53, 54, 58, 75, 82, 83, 84, 85, 86, 87, 88, 89, 90, 91, 92, 93, 94, 96, 97, 99, 100, 103, 104, 105, 106, 107, 108, 109, 110, 113, 116, 117, 118, 119, 120, 121, 122, 125, 126, 127, 128, 131, 134, 141, 153, 167, 173, 180, 210, 217, 219, 227, 277], "summary": {"covered_lines": 72, "num_statements": 72, "percent_covered": 100.0, "percent_covered_display": "100", "missing_lines": 0, "excluded_lines": 2, "percent_statements_covered": 100.0, "percent_statements_covered_display": "100"}, "missing_lines": [], "excluded_lines": [16, 17], "start_line": 1}}}, "src/hodoku/config.py": {"executed_lines": [8, 10, 11, 12, 13, 15, 25, 26, 27, 28, 35, 38, 40, 43, 44, 45, 46, 47, 48, 49, 50, 51, 52, 53, 56, 57, 58, 59, 60, 61, 62, 63, 64, 72, 84, 85, 86, 87, 88, 89, 90, 91, 92, 93, 94, 95, 96, 97, 98, 99, 100, 101, 102, 105, 107, 110, 112, 125, 126, 127, 128, 129, 130, 132, 133, 135, 137, 138, 139, 141, 142, 143, 144, 145, 146, 147, 148, 149, 151, 152, 154, 156, 157, 159, 160, 161, 162, 163, 164, 165, 166, 167, 169, 170, 172, 174, 175, 177, 179, 180, 181, 182, 183, 184, 185, 186, 189, 190, 191, 192, 193, 194, 195, 196, 197, 198, 199, 200, 201, 203, 204, 206, 207, 208, 209, 210, 211, 217], "summary": {"covered_lines": 128, "num_statements": 128, "percent_covered": 100.0, "percent_covered_display": "100", "missing_lines": 0, "excluded_lines": 2, "percent_statements_covered": 100.0, "percent_statements_covered_display": "100"}, "missing_lines": [], "excluded_lines": [17, 18], "functions": {"make_candidates": {"executed_lines": [40], "summary": {"covered_lines": 1, "num_statements": 1, "percent_covered": 100.0, "percent_covered_display": "100", "missing_lines": 0, "excluded_lines": 0, "percent_statements_covered": 100.0, "percent_statements_covered_display": "100"}, "missing_lines": [], "excluded_lines": [], "start_line": 38}, "_default_solve_search": {"executed_lines": [107], "summary": {"covered_lines": 1, "num_statements": 1, "percent_covered": 100.0, "percent_covered_display": "100", "missing_lines": 0, "excluded_lines": 0, "percent_statements_covered": 100.0, "percent_statements_covered_display": "100"}, "missing_lines": [], "excluded_lines": [], "start_line": 105}, "_default_find_all_search": {"executed_lines": [112], "summary": {"covered_lines": 1, "num_statements": 1, "percent_covered": 100.0, "percent_covered_display": "100", "missing_lines": 0, "excluded_lines": 0, "percent_statements_covered": 100.0, "percent_statements_covered_display": "100"}, "missing_lines": [], "excluded_lines": [], "start_line": 110}, "SolverConfig.solver_steps": {"executed_lines": [135, 137, 138, 139, 141, 142, 143, 144, 145, 146, 147, 148, 149], "summary": {"covered_lines": 13, "num_statements": 13, "percent_covered": 100.0, "percent_covered_display": "100", "missing_lines": 0, "excluded_lines": 0, "percent_statements_covered": 100.0, "percent_statements_covered_display": "100"}, "missing_lines": [], "excluded_lines": [], "start_line": 133}, "SolverConfig.all_steps": {"executed_lines": [154, 156, 157, 159, 160, 161, 162, 163, 164, 165, 166, 167], "summary": {"covered_lines": 12, "num_statements": 12, "percent_covered": 100.0, "percent_covered_display": "100", "missing_lines": 0, "excluded_lines": 0, "percent_statements_covered": 100.0, "percent_statements_covered_display": "100"}, "missing_lines": [], "excluded_lines": [], "start_line": 152}, "SolverConfig.step_config": {"executed_lines": [172, 174, 175, 177, 179, 180, 181, 182, 183, 184, 185, 186, 189, 190, 191, 192, 193, 194, 195, 196, 197, 198, 199, 200, 201], "summary": {"covered_lines": 25, "num_statements": 25, "percent_covered": 100.0, "percent_covered_display": "100", "missing_lines": 0, "excluded_lines": 0, "percent_statements_covered": 100.0, "percent_statements_covered_display": "100"}, "missing_lines": [], "excluded_lines": [], "start_line": 170}, "SolverConfig._difficulty_max_score": {"executed_lines": [206, 207, 208, 209, 210, 211], "summary": {"covered_lines": 6, "num_statements": 6, "percent_covered": 100.0, "percent_covered_display": "100", "missing_lines": 0, "excluded_lines": 0, "percent_statements_covered": 100.0, "percent_statements_covered_display": "100"}, "missing_lines": [], "excluded_lines": [], "start_line": 204}, "": {"executed_lines": [8, 10, 11, 12, 13, 15, 25, 26, 27, 28, 35, 38, 43, 44, 45, 46, 47, 48, 49, 50, 51, 52, 53, 56, 57, 58, 59, 60, 61, 62, 63, 64, 72, 84, 85, 86, 87, 88, 89, 90, 91, 92, 93, 94, 95, 96, 97, 98, 99, 100, 101, 102, 105, 110, 125, 126, 127, 128, 129, 130, 132, 133, 151, 152, 169, 170, 203, 204, 217], "summary": {"covered_lines": 69, "num_statements": 69, "percent_covered": 100.0, "percent_covered_display": "100", "missing_lines": 0, "excluded_lines": 2, "percent_statements_covered": 100.0, "percent_statements_covered_display": "100"}, "missing_lines": [], "excluded_lines": [17, 18], "start_line": 1}}, "classes": {"FishType": {"executed_lines": [], "summary": {"covered_lines": 0, "num_statements": 0, "percent_covered": 100.0, "percent_covered_display": "100", "missing_lines": 0, "excluded_lines": 0, "percent_statements_covered": 100.0, "percent_statements_covered_display": "100"}, "missing_lines": [], "excluded_lines": [], "start_line": 25}, "FishSearchConfig": {"executed_lines": [], "summary": {"covered_lines": 0, "num_statements": 0, "percent_covered": 100.0, "percent_covered_display": "100", "missing_lines": 0, "excluded_lines": 0, "percent_statements_covered": 100.0, "percent_statements_covered_display": "100"}, "missing_lines": [], "excluded_lines": [], "start_line": 44}, "KrakenFishSearchConfig": {"executed_lines": [], "summary": {"covered_lines": 0, "num_statements": 0, "percent_covered": 100.0, "percent_covered_display": "100", "missing_lines": 0, "excluded_lines": 0, "percent_statements_covered": 100.0, "percent_statements_covered_display": "100"}, "missing_lines": [], "excluded_lines": [], "start_line": 57}, "StepSearchConfig": {"executed_lines": [], "summary": {"covered_lines": 0, "num_statements": 0, "percent_covered": 100.0, "percent_covered_display": "100", "missing_lines": 0, "excluded_lines": 0, "percent_statements_covered": 100.0, "percent_statements_covered_display": "100"}, "missing_lines": [], "excluded_lines": [], "start_line": 85}, "SolverConfig": {"executed_lines": [135, 137, 138, 139, 141, 142, 143, 144, 145, 146, 147, 148, 149, 154, 156, 157, 159, 160, 161, 162, 163, 164, 165, 166, 167, 172, 174, 175, 177, 179, 180, 181, 182, 183, 184, 185, 186, 189, 190, 191, 192, 193, 194, 195, 196, 197, 198, 199, 200, 201, 206, 207, 208, 209, 210, 211], "summary": {"covered_lines": 56, "num_statements": 56, "percent_covered": 100.0, "percent_covered_display": "100", "missing_lines": 0, "excluded_lines": 0, "percent_statements_covered": 100.0, "percent_statements_covered_display": "100"}, "missing_lines": [], "excluded_lines": [], "start_line": 126}, "": {"executed_lines": [8, 10, 11, 12, 13, 15, 25, 26, 27, 28, 35, 38, 40, 43, 44, 45, 46, 47, 48, 49, 50, 51, 52, 53, 56, 57, 58, 59, 60, 61, 62, 63, 64, 72, 84, 85, 86, 87, 88, 89, 90, 91, 92, 93, 94, 95, 96, 97, 98, 99, 100, 101, 102, 105, 107, 110, 112, 125, 126, 127, 128, 129, 130, 132, 133, 151, 152, 169, 170, 203, 204, 217], "summary": {"covered_lines": 72, "num_statements": 72, "percent_covered": 100.0, "percent_covered_display": "100", "missing_lines": 0, "excluded_lines": 2, "percent_statements_covered": 100.0, "percent_statements_covered_display": "100"}, "missing_lines": [], "excluded_lines": [17, 18], "start_line": 1}}}, "src/hodoku/core/__init__.py": {"executed_lines": [], "summary": {"covered_lines": 0, "num_statements": 0, "percent_covered": 100.0, "percent_covered_display": "100", "missing_lines": 0, "excluded_lines": 0, "percent_statements_covered": 100.0, "percent_statements_covered_display": "100"}, "missing_lines": [], "excluded_lines": [], "functions": {"": {"executed_lines": [], "summary": {"covered_lines": 0, "num_statements": 0, "percent_covered": 100.0, "percent_covered_display": "100", "missing_lines": 0, "excluded_lines": 0, "percent_statements_covered": 100.0, "percent_statements_covered_display": "100"}, "missing_lines": [], "excluded_lines": [], "start_line": 1}}, "classes": {"": {"executed_lines": [], "summary": {"covered_lines": 0, "num_statements": 0, "percent_covered": 100.0, "percent_covered_display": "100", "missing_lines": 0, "excluded_lines": 0, "percent_statements_covered": 100.0, "percent_statements_covered_display": "100"}, "missing_lines": [], "excluded_lines": [], "start_line": 1}}}, "src/hodoku/core/cell_set.py": {"executed_lines": [3, 5, 7, 10, 16, 18, 19, 23, 24, 26, 27, 29, 30, 32, 33, 35, 36, 40, 41, 43, 44, 46, 47, 51, 52, 54, 55, 57, 58, 62, 63, 65, 66, 68, 69, 71, 73, 74, 75, 76, 78, 80, 81, 82, 84, 85, 89, 90, 91, 92, 93, 94, 96, 97, 99, 100, 101, 102, 104, 105, 107, 108, 109, 111, 112], "summary": {"covered_lines": 65, "num_statements": 65, "percent_covered": 100.0, "percent_covered_display": "100", "missing_lines": 0, "excluded_lines": 0, "percent_statements_covered": 100.0, "percent_statements_covered_display": "100"}, "missing_lines": [], "excluded_lines": [], "functions": {"CellSet.__init__": {"executed_lines": [19], "summary": {"covered_lines": 1, "num_statements": 1, "percent_covered": 100.0, "percent_covered_display": "100", "missing_lines": 0, "excluded_lines": 0, "percent_statements_covered": 100.0, "percent_statements_covered_display": "100"}, "missing_lines": [], "excluded_lines": [], "start_line": 18}, "CellSet.add": {"executed_lines": [24], "summary": {"covered_lines": 1, "num_statements": 1, "percent_covered": 100.0, "percent_covered_display": "100", "missing_lines": 0, "excluded_lines": 0, "percent_statements_covered": 100.0, "percent_statements_covered_display": "100"}, "missing_lines": [], "excluded_lines": [], "start_line": 23}, "CellSet.remove": {"executed_lines": [27], "summary": {"covered_lines": 1, "num_statements": 1, "percent_covered": 100.0, "percent_covered_display": "100", "missing_lines": 0, "excluded_lines": 0, "percent_statements_covered": 100.0, "percent_statements_covered_display": "100"}, "missing_lines": [], "excluded_lines": [], "start_line": 26}, "CellSet.clear": {"executed_lines": [30], "summary": {"covered_lines": 1, "num_statements": 1, "percent_covered": 100.0, "percent_covered_display": "100", "missing_lines": 0, "excluded_lines": 0, "percent_statements_covered": 100.0, "percent_statements_covered_display": "100"}, "missing_lines": [], "excluded_lines": [], "start_line": 29}, "CellSet.set_all": {"executed_lines": [33], "summary": {"covered_lines": 1, "num_statements": 1, "percent_covered": 100.0, "percent_covered_display": "100", "missing_lines": 0, "excluded_lines": 0, "percent_statements_covered": 100.0, "percent_statements_covered_display": "100"}, "missing_lines": [], "excluded_lines": [], "start_line": 32}, "CellSet.set": {"executed_lines": [36], "summary": {"covered_lines": 1, "num_statements": 1, "percent_covered": 100.0, "percent_covered_display": "100", "missing_lines": 0, "excluded_lines": 0, "percent_statements_covered": 100.0, "percent_statements_covered_display": "100"}, "missing_lines": [], "excluded_lines": [], "start_line": 35}, "CellSet.and_": {"executed_lines": [41], "summary": {"covered_lines": 1, "num_statements": 1, "percent_covered": 100.0, "percent_covered_display": "100", "missing_lines": 0, "excluded_lines": 0, "percent_statements_covered": 100.0, "percent_statements_covered_display": "100"}, "missing_lines": [], "excluded_lines": [], "start_line": 40}, "CellSet.or_": {"executed_lines": [44], "summary": {"covered_lines": 1, "num_statements": 1, "percent_covered": 100.0, "percent_covered_display": "100", "missing_lines": 0, "excluded_lines": 0, "percent_statements_covered": 100.0, "percent_statements_covered_display": "100"}, "missing_lines": [], "excluded_lines": [], "start_line": 43}, "CellSet.and_not": {"executed_lines": [47], "summary": {"covered_lines": 1, "num_statements": 1, "percent_covered": 100.0, "percent_covered_display": "100", "missing_lines": 0, "excluded_lines": 0, "percent_statements_covered": 100.0, "percent_statements_covered_display": "100"}, "missing_lines": [], "excluded_lines": [], "start_line": 46}, "CellSet.intersection": {"executed_lines": [52], "summary": {"covered_lines": 1, "num_statements": 1, "percent_covered": 100.0, "percent_covered_display": "100", "missing_lines": 0, "excluded_lines": 0, "percent_statements_covered": 100.0, "percent_statements_covered_display": "100"}, "missing_lines": [], "excluded_lines": [], "start_line": 51}, "CellSet.union": {"executed_lines": [55], "summary": {"covered_lines": 1, "num_statements": 1, "percent_covered": 100.0, "percent_covered_display": "100", "missing_lines": 0, "excluded_lines": 0, "percent_statements_covered": 100.0, "percent_statements_covered_display": "100"}, "missing_lines": [], "excluded_lines": [], "start_line": 54}, "CellSet.difference": {"executed_lines": [58], "summary": {"covered_lines": 1, "num_statements": 1, "percent_covered": 100.0, "percent_covered_display": "100", "missing_lines": 0, "excluded_lines": 0, "percent_statements_covered": 100.0, "percent_statements_covered_display": "100"}, "missing_lines": [], "excluded_lines": [], "start_line": 57}, "CellSet.contains": {"executed_lines": [63], "summary": {"covered_lines": 1, "num_statements": 1, "percent_covered": 100.0, "percent_covered_display": "100", "missing_lines": 0, "excluded_lines": 0, "percent_statements_covered": 100.0, "percent_statements_covered_display": "100"}, "missing_lines": [], "excluded_lines": [], "start_line": 62}, "CellSet.is_empty": {"executed_lines": [66], "summary": {"covered_lines": 1, "num_statements": 1, "percent_covered": 100.0, "percent_covered_display": "100", "missing_lines": 0, "excluded_lines": 0, "percent_statements_covered": 100.0, "percent_statements_covered_display": "100"}, "missing_lines": [], "excluded_lines": [], "start_line": 65}, "CellSet.size": {"executed_lines": [69], "summary": {"covered_lines": 1, "num_statements": 1, "percent_covered": 100.0, "percent_covered_display": "100", "missing_lines": 0, "excluded_lines": 0, "percent_statements_covered": 100.0, "percent_statements_covered_display": "100"}, "missing_lines": [], "excluded_lines": [], "start_line": 68}, "CellSet.get": {"executed_lines": [73, 74, 75, 76], "summary": {"covered_lines": 4, "num_statements": 4, "percent_covered": 100.0, "percent_covered_display": "100", "missing_lines": 0, "excluded_lines": 0, "percent_statements_covered": 100.0, "percent_statements_covered_display": "100"}, "missing_lines": [], "excluded_lines": [], "start_line": 71}, "CellSet.first": {"executed_lines": [80, 81, 82], "summary": {"covered_lines": 3, "num_statements": 3, "percent_covered": 100.0, "percent_covered_display": "100", "missing_lines": 0, "excluded_lines": 0, "percent_statements_covered": 100.0, "percent_statements_covered_display": "100"}, "missing_lines": [], "excluded_lines": [], "start_line": 78}, "CellSet.equals": {"executed_lines": [85], "summary": {"covered_lines": 1, "num_statements": 1, "percent_covered": 100.0, "percent_covered_display": "100", "missing_lines": 0, "excluded_lines": 0, "percent_statements_covered": 100.0, "percent_statements_covered_display": "100"}, "missing_lines": [], "excluded_lines": [], "start_line": 84}, "CellSet.__iter__": {"executed_lines": [90, 91, 92, 93, 94], "summary": {"covered_lines": 5, "num_statements": 5, "percent_covered": 100.0, "percent_covered_display": "100", "missing_lines": 0, "excluded_lines": 0, "percent_statements_covered": 100.0, "percent_statements_covered_display": "100"}, "missing_lines": [], "excluded_lines": [], "start_line": 89}, "CellSet.__len__": {"executed_lines": [97], "summary": {"covered_lines": 1, "num_statements": 1, "percent_covered": 100.0, "percent_covered_display": "100", "missing_lines": 0, "excluded_lines": 0, "percent_statements_covered": 100.0, "percent_statements_covered_display": "100"}, "missing_lines": [], "excluded_lines": [], "start_line": 96}, "CellSet.__eq__": {"executed_lines": [100, 101, 102], "summary": {"covered_lines": 3, "num_statements": 3, "percent_covered": 100.0, "percent_covered_display": "100", "missing_lines": 0, "excluded_lines": 0, "percent_statements_covered": 100.0, "percent_statements_covered_display": "100"}, "missing_lines": [], "excluded_lines": [], "start_line": 99}, "CellSet.__hash__": {"executed_lines": [105], "summary": {"covered_lines": 1, "num_statements": 1, "percent_covered": 100.0, "percent_covered_display": "100", "missing_lines": 0, "excluded_lines": 0, "percent_statements_covered": 100.0, "percent_statements_covered_display": "100"}, "missing_lines": [], "excluded_lines": [], "start_line": 104}, "CellSet.__repr__": {"executed_lines": [108, 109], "summary": {"covered_lines": 2, "num_statements": 2, "percent_covered": 100.0, "percent_covered_display": "100", "missing_lines": 0, "excluded_lines": 0, "percent_statements_covered": 100.0, "percent_statements_covered_display": "100"}, "missing_lines": [], "excluded_lines": [], "start_line": 107}, "CellSet.clone": {"executed_lines": [112], "summary": {"covered_lines": 1, "num_statements": 1, "percent_covered": 100.0, "percent_covered_display": "100", "missing_lines": 0, "excluded_lines": 0, "percent_statements_covered": 100.0, "percent_statements_covered_display": "100"}, "missing_lines": [], "excluded_lines": [], "start_line": 111}, "": {"executed_lines": [3, 5, 7, 10, 16, 18, 23, 26, 29, 32, 35, 40, 43, 46, 51, 54, 57, 62, 65, 68, 71, 78, 84, 89, 96, 99, 104, 107, 111], "summary": {"covered_lines": 29, "num_statements": 29, "percent_covered": 100.0, "percent_covered_display": "100", "missing_lines": 0, "excluded_lines": 0, "percent_statements_covered": 100.0, "percent_statements_covered_display": "100"}, "missing_lines": [], "excluded_lines": [], "start_line": 1}}, "classes": {"CellSet": {"executed_lines": [19, 24, 27, 30, 33, 36, 41, 44, 47, 52, 55, 58, 63, 66, 69, 73, 74, 75, 76, 80, 81, 82, 85, 90, 91, 92, 93, 94, 97, 100, 101, 102, 105, 108, 109, 112], "summary": {"covered_lines": 36, "num_statements": 36, "percent_covered": 100.0, "percent_covered_display": "100", "missing_lines": 0, "excluded_lines": 0, "percent_statements_covered": 100.0, "percent_statements_covered_display": "100"}, "missing_lines": [], "excluded_lines": [], "start_line": 10}, "": {"executed_lines": [3, 5, 7, 10, 16, 18, 23, 26, 29, 32, 35, 40, 43, 46, 51, 54, 57, 62, 65, 68, 71, 78, 84, 89, 96, 99, 104, 107, 111], "summary": {"covered_lines": 29, "num_statements": 29, "percent_covered": 100.0, "percent_covered_display": "100", "missing_lines": 0, "excluded_lines": 0, "percent_statements_covered": 100.0, "percent_statements_covered_display": "100"}, "missing_lines": [], "excluded_lines": [], "start_line": 1}}}, "src/hodoku/core/grid.py": {"executed_lines": [9, 11, 17, 18, 21, 24, 27, 36, 40, 41, 42, 43, 44, 45, 46, 47, 50, 53, 59, 60, 61, 62, 63, 64, 65, 66, 67, 68, 69, 70, 71, 72, 73, 74, 77, 80, 83, 86, 89, 92, 93, 100, 103, 114, 116, 118, 121, 122, 123, 125, 129, 130, 131, 132, 134, 137, 139, 145, 153, 154, 155, 156, 157, 158, 159, 160, 161, 162, 163, 164, 165, 166, 167, 168, 169, 170, 171, 173, 175, 177, 178, 184, 186, 187, 188, 189, 190, 191, 192, 193, 197, 198, 199, 200, 201, 202, 203, 205, 212, 213, 214, 217, 218, 219, 220, 221, 222, 225, 226, 227, 228, 229, 230, 231, 232, 233, 234, 235, 236, 238, 240, 246, 247, 249, 251, 252, 253, 254, 255, 256, 258, 259, 261, 262, 264, 265, 267, 268, 270, 271, 273, 274, 280, 281, 282, 283, 284, 285, 286, 287, 288, 289, 291, 293, 294, 295, 296, 297, 298, 299, 301, 302], "summary": {"covered_lines": 162, "num_statements": 162, "percent_covered": 100.0, "percent_covered_display": "100", "missing_lines": 0, "excluded_lines": 0, "percent_statements_covered": 100.0, "percent_statements_covered_display": "100"}, "missing_lines": [], "excluded_lines": [], "functions": {"_build_constraints": {"executed_lines": [41, 42, 43, 44, 45, 46, 47], "summary": {"covered_lines": 7, "num_statements": 7, "percent_covered": 100.0, "percent_covered_display": "100", "missing_lines": 0, "excluded_lines": 0, "percent_statements_covered": 100.0, "percent_statements_covered_display": "100"}, "missing_lines": [], "excluded_lines": [], "start_line": 40}, "_build_buddies": {"executed_lines": [60, 61, 62, 63, 64, 65, 66, 67, 68, 69, 70, 71, 72, 73, 74], "summary": {"covered_lines": 15, "num_statements": 15, "percent_covered": 100.0, "percent_covered_display": "100", "missing_lines": 0, "excluded_lines": 0, "percent_statements_covered": 100.0, "percent_statements_covered_display": "100"}, "missing_lines": [], "excluded_lines": [], "start_line": 59}, "Grid.__init__": {"executed_lines": [116, 118, 121, 122, 123, 125, 129, 130, 131, 132, 134, 137, 139], "summary": {"covered_lines": 13, "num_statements": 13, "percent_covered": 100.0, "percent_covered_display": "100", "missing_lines": 0, "excluded_lines": 0, "percent_statements_covered": 100.0, "percent_statements_covered_display": "100"}, "missing_lines": [], "excluded_lines": [], "start_line": 114}, "Grid.set_sudoku": {"executed_lines": [153, 154, 155, 156, 157, 158, 159, 160, 161, 162, 163, 164, 165, 166, 167, 168, 169, 170, 171], "summary": {"covered_lines": 19, "num_statements": 19, "percent_covered": 100.0, "percent_covered_display": "100", "missing_lines": 0, "excluded_lines": 0, "percent_statements_covered": 100.0, "percent_statements_covered_display": "100"}, "missing_lines": [], "excluded_lines": [], "start_line": 145}, "Grid.is_fixed": {"executed_lines": [175], "summary": {"covered_lines": 1, "num_statements": 1, "percent_covered": 100.0, "percent_covered_display": "100", "missing_lines": 0, "excluded_lines": 0, "percent_statements_covered": 100.0, "percent_statements_covered_display": "100"}, "missing_lines": [], "excluded_lines": [], "start_line": 173}, "Grid.get_sudoku_string": {"executed_lines": [178], "summary": {"covered_lines": 1, "num_statements": 1, "percent_covered": 100.0, "percent_covered_display": "100", "missing_lines": 0, "excluded_lines": 0, "percent_statements_covered": 100.0, "percent_statements_covered_display": "100"}, "missing_lines": [], "excluded_lines": [], "start_line": 177}, "Grid._del_cand": {"executed_lines": [186, 187, 188, 189, 190, 191, 192, 193, 197, 198, 199, 200, 201, 202, 203], "summary": {"covered_lines": 15, "num_statements": 15, "percent_covered": 100.0, "percent_covered_display": "100", "missing_lines": 0, "excluded_lines": 0, "percent_statements_covered": 100.0, "percent_statements_covered_display": "100"}, "missing_lines": [], "excluded_lines": [], "start_line": 184}, "Grid.set_cell": {"executed_lines": [212, 213, 214, 217, 218, 219, 220, 221, 222, 225, 226, 227, 228, 229, 230, 231, 232, 233, 234, 235, 236], "summary": {"covered_lines": 21, "num_statements": 21, "percent_covered": 100.0, "percent_covered_display": "100", "missing_lines": 0, "excluded_lines": 0, "percent_statements_covered": 100.0, "percent_statements_covered_display": "100"}, "missing_lines": [], "excluded_lines": [], "start_line": 205}, "Grid.del_candidate": {"executed_lines": [240], "summary": {"covered_lines": 1, "num_statements": 1, "percent_covered": 100.0, "percent_covered_display": "100", "missing_lines": 0, "excluded_lines": 0, "percent_statements_covered": 100.0, "percent_statements_covered_display": "100"}, "missing_lines": [], "excluded_lines": [], "start_line": 238}, "Grid.get_value": {"executed_lines": [247], "summary": {"covered_lines": 1, "num_statements": 1, "percent_covered": 100.0, "percent_covered_display": "100", "missing_lines": 0, "excluded_lines": 0, "percent_statements_covered": 100.0, "percent_statements_covered_display": "100"}, "missing_lines": [], "excluded_lines": [], "start_line": 246}, "Grid.get_candidates": {"executed_lines": [251, 252, 253, 254, 255, 256], "summary": {"covered_lines": 6, "num_statements": 6, "percent_covered": 100.0, "percent_covered_display": "100", "missing_lines": 0, "excluded_lines": 0, "percent_statements_covered": 100.0, "percent_statements_covered_display": "100"}, "missing_lines": [], "excluded_lines": [], "start_line": 249}, "Grid.is_solved": {"executed_lines": [259], "summary": {"covered_lines": 1, "num_statements": 1, "percent_covered": 100.0, "percent_covered_display": "100", "missing_lines": 0, "excluded_lines": 0, "percent_statements_covered": 100.0, "percent_statements_covered_display": "100"}, "missing_lines": [], "excluded_lines": [], "start_line": 258}, "Grid.unsolved_count": {"executed_lines": [262], "summary": {"covered_lines": 1, "num_statements": 1, "percent_covered": 100.0, "percent_covered_display": "100", "missing_lines": 0, "excluded_lines": 0, "percent_statements_covered": 100.0, "percent_statements_covered_display": "100"}, "missing_lines": [], "excluded_lines": [], "start_line": 261}, "Grid.unsolved_candidates_count": {"executed_lines": [265], "summary": {"covered_lines": 1, "num_statements": 1, "percent_covered": 100.0, "percent_covered_display": "100", "missing_lines": 0, "excluded_lines": 0, "percent_statements_covered": 100.0, "percent_statements_covered_display": "100"}, "missing_lines": [], "excluded_lines": [], "start_line": 264}, "Grid.get_solution": {"executed_lines": [268], "summary": {"covered_lines": 1, "num_statements": 1, "percent_covered": 100.0, "percent_covered_display": "100", "missing_lines": 0, "excluded_lines": 0, "percent_statements_covered": 100.0, "percent_statements_covered_display": "100"}, "missing_lines": [], "excluded_lines": [], "start_line": 267}, "Grid.set_solution": {"executed_lines": [271], "summary": {"covered_lines": 1, "num_statements": 1, "percent_covered": 100.0, "percent_covered_display": "100", "missing_lines": 0, "excluded_lines": 0, "percent_statements_covered": 100.0, "percent_statements_covered_display": "100"}, "missing_lines": [], "excluded_lines": [], "start_line": 270}, "Grid.is_solution_set": {"executed_lines": [274], "summary": {"covered_lines": 1, "num_statements": 1, "percent_covered": 100.0, "percent_covered_display": "100", "missing_lines": 0, "excluded_lines": 0, "percent_statements_covered": 100.0, "percent_statements_covered_display": "100"}, "missing_lines": [], "excluded_lines": [], "start_line": 273}, "Grid.clone": {"executed_lines": [281, 282, 283, 284, 285, 286, 287, 288, 289], "summary": {"covered_lines": 9, "num_statements": 9, "percent_covered": 100.0, "percent_covered_display": "100", "missing_lines": 0, "excluded_lines": 0, "percent_statements_covered": 100.0, "percent_statements_covered_display": "100"}, "missing_lines": [], "excluded_lines": [], "start_line": 280}, "Grid.set": {"executed_lines": [293, 294, 295, 296, 297, 298, 299], "summary": {"covered_lines": 7, "num_statements": 7, "percent_covered": 100.0, "percent_covered_display": "100", "missing_lines": 0, "excluded_lines": 0, "percent_statements_covered": 100.0, "percent_statements_covered_display": "100"}, "missing_lines": [], "excluded_lines": [], "start_line": 291}, "Grid.__repr__": {"executed_lines": [302], "summary": {"covered_lines": 1, "num_statements": 1, "percent_covered": 100.0, "percent_covered_display": "100", "missing_lines": 0, "excluded_lines": 0, "percent_statements_covered": 100.0, "percent_statements_covered_display": "100"}, "missing_lines": [], "excluded_lines": [], "start_line": 301}, "": {"executed_lines": [9, 11, 17, 18, 21, 24, 27, 36, 40, 50, 53, 59, 77, 80, 83, 86, 89, 92, 93, 100, 103, 114, 145, 173, 177, 184, 205, 238, 246, 249, 258, 261, 264, 267, 270, 273, 280, 291, 301], "summary": {"covered_lines": 39, "num_statements": 39, "percent_covered": 100.0, "percent_covered_display": "100", "missing_lines": 0, "excluded_lines": 0, "percent_statements_covered": 100.0, "percent_statements_covered_display": "100"}, "missing_lines": [], "excluded_lines": [], "start_line": 1}}, "classes": {"Grid": {"executed_lines": [116, 118, 121, 122, 123, 125, 129, 130, 131, 132, 134, 137, 139, 153, 154, 155, 156, 157, 158, 159, 160, 161, 162, 163, 164, 165, 166, 167, 168, 169, 170, 171, 175, 178, 186, 187, 188, 189, 190, 191, 192, 193, 197, 198, 199, 200, 201, 202, 203, 212, 213, 214, 217, 218, 219, 220, 221, 222, 225, 226, 227, 228, 229, 230, 231, 232, 233, 234, 235, 236, 240, 247, 251, 252, 253, 254, 255, 256, 259, 262, 265, 268, 271, 274, 281, 282, 283, 284, 285, 286, 287, 288, 289, 293, 294, 295, 296, 297, 298, 299, 302], "summary": {"covered_lines": 101, "num_statements": 101, "percent_covered": 100.0, "percent_covered_display": "100", "missing_lines": 0, "excluded_lines": 0, "percent_statements_covered": 100.0, "percent_statements_covered_display": "100"}, "missing_lines": [], "excluded_lines": [], "start_line": 100}, "": {"executed_lines": [9, 11, 17, 18, 21, 24, 27, 36, 40, 41, 42, 43, 44, 45, 46, 47, 50, 53, 59, 60, 61, 62, 63, 64, 65, 66, 67, 68, 69, 70, 71, 72, 73, 74, 77, 80, 83, 86, 89, 92, 93, 100, 103, 114, 145, 173, 177, 184, 205, 238, 246, 249, 258, 261, 264, 267, 270, 273, 280, 291, 301], "summary": {"covered_lines": 61, "num_statements": 61, "percent_covered": 100.0, "percent_covered_display": "100", "missing_lines": 0, "excluded_lines": 0, "percent_statements_covered": 100.0, "percent_statements_covered_display": "100"}, "missing_lines": [], "excluded_lines": [], "start_line": 1}}}, "src/hodoku/core/scoring.py": {"executed_lines": [11, 13, 15, 17, 18, 19, 22, 23, 24, 25, 26, 27, 28, 29, 30, 39, 53, 173, 179, 185, 210], "summary": {"covered_lines": 21, "num_statements": 21, "percent_covered": 100.0, "percent_covered_display": "100", "missing_lines": 0, "excluded_lines": 0, "percent_statements_covered": 100.0, "percent_statements_covered_display": "100"}, "missing_lines": [], "excluded_lines": [], "functions": {"": {"executed_lines": [11, 13, 15, 17, 18, 19, 22, 23, 24, 25, 26, 27, 28, 29, 30, 39, 53, 173, 179, 185, 210], "summary": {"covered_lines": 21, "num_statements": 21, "percent_covered": 100.0, "percent_covered_display": "100", "missing_lines": 0, "excluded_lines": 0, "percent_statements_covered": 100.0, "percent_statements_covered_display": "100"}, "missing_lines": [], "excluded_lines": [], "start_line": 1}}, "classes": {"StepConfig": {"executed_lines": [], "summary": {"covered_lines": 0, "num_statements": 0, "percent_covered": 100.0, "percent_covered_display": "100", "missing_lines": 0, "excluded_lines": 0, "percent_statements_covered": 100.0, "percent_statements_covered_display": "100"}, "missing_lines": [], "excluded_lines": [], "start_line": 23}, "": {"executed_lines": [11, 13, 15, 17, 18, 19, 22, 23, 24, 25, 26, 27, 28, 29, 30, 39, 53, 173, 179, 185, 210], "summary": {"covered_lines": 21, "num_statements": 21, "percent_covered": 100.0, "percent_covered_display": "100", "missing_lines": 0, "excluded_lines": 0, "percent_statements_covered": 100.0, "percent_statements_covered_display": "100"}, "missing_lines": [], "excluded_lines": [], "start_line": 1}}}, "src/hodoku/core/solution_step.py": {"executed_lines": [1, 3, 5, 8, 9, 12, 13, 15, 16, 18, 19, 22, 23, 25, 26, 29, 30, 34, 37, 38, 39, 42, 43, 44, 45, 46, 47, 50, 51, 52, 55, 56, 59, 60, 63, 64, 65, 67, 68, 70, 71, 73, 74, 76, 77, 79, 81, 82, 83, 84, 85, 86, 87, 88, 89, 90, 92, 94, 95, 96, 97, 98, 100, 102, 103, 104, 105, 107, 121, 122, 123, 124, 126, 132, 133, 134, 136, 137, 138, 139, 143, 144, 145, 146, 147, 149, 150], "summary": {"covered_lines": 87, "num_statements": 87, "percent_covered": 100.0, "percent_covered_display": "100", "missing_lines": 0, "excluded_lines": 0, "percent_statements_covered": 100.0, "percent_statements_covered_display": "100"}, "missing_lines": [], "excluded_lines": [], "functions": {"_cell_name": {"executed_lines": [9], "summary": {"covered_lines": 1, "num_statements": 1, "percent_covered": 100.0, "percent_covered_display": "100", "missing_lines": 0, "excluded_lines": 0, "percent_statements_covered": 100.0, "percent_statements_covered_display": "100"}, "missing_lines": [], "excluded_lines": [], "start_line": 8}, "Candidate.__str__": {"executed_lines": [19], "summary": {"covered_lines": 1, "num_statements": 1, "percent_covered": 100.0, "percent_covered_display": "100", "missing_lines": 0, "excluded_lines": 0, "percent_statements_covered": 100.0, "percent_statements_covered_display": "100"}, "missing_lines": [], "excluded_lines": [], "start_line": 18}, "SolutionStep.add_index": {"executed_lines": [68], "summary": {"covered_lines": 1, "num_statements": 1, "percent_covered": 100.0, "percent_covered_display": "100", "missing_lines": 0, "excluded_lines": 0, "percent_statements_covered": 100.0, "percent_statements_covered_display": "100"}, "missing_lines": [], "excluded_lines": [], "start_line": 67}, "SolutionStep.add_value": {"executed_lines": [71], "summary": {"covered_lines": 1, "num_statements": 1, "percent_covered": 100.0, "percent_covered_display": "100", "missing_lines": 0, "excluded_lines": 0, "percent_statements_covered": 100.0, "percent_statements_covered_display": "100"}, "missing_lines": [], "excluded_lines": [], "start_line": 70}, "SolutionStep.add_candidate_to_delete": {"executed_lines": [74], "summary": {"covered_lines": 1, "num_statements": 1, "percent_covered": 100.0, "percent_covered_display": "100", "missing_lines": 0, "excluded_lines": 0, "percent_statements_covered": 100.0, "percent_statements_covered_display": "100"}, "missing_lines": [], "excluded_lines": [], "start_line": 73}, "SolutionStep.add_als": {"executed_lines": [77], "summary": {"covered_lines": 1, "num_statements": 1, "percent_covered": 100.0, "percent_covered_display": "100", "missing_lines": 0, "excluded_lines": 0, "percent_statements_covered": 100.0, "percent_statements_covered_display": "100"}, "missing_lines": [], "excluded_lines": [], "start_line": 76}, "SolutionStep.reset": {"executed_lines": [81, 82, 83, 84, 85, 86, 87, 88, 89, 90], "summary": {"covered_lines": 10, "num_statements": 10, "percent_covered": 100.0, "percent_covered_display": "100", "missing_lines": 0, "excluded_lines": 0, "percent_statements_covered": 100.0, "percent_statements_covered_display": "100"}, "missing_lines": [], "excluded_lines": [], "start_line": 79}, "SolutionStep.is_net": {"executed_lines": [94, 95, 96, 97, 98], "summary": {"covered_lines": 5, "num_statements": 5, "percent_covered": 100.0, "percent_covered_display": "100", "missing_lines": 0, "excluded_lines": 0, "percent_statements_covered": 100.0, "percent_statements_covered_display": "100"}, "missing_lines": [], "excluded_lines": [], "start_line": 92}, "SolutionStep.get_chain_length": {"executed_lines": [102, 103, 104, 105], "summary": {"covered_lines": 4, "num_statements": 4, "percent_covered": 100.0, "percent_covered_display": "100", "missing_lines": 0, "excluded_lines": 0, "percent_statements_covered": 100.0, "percent_statements_covered_display": "100"}, "missing_lines": [], "excluded_lines": [], "start_line": 100}, "SolutionStep.get_candidate_string": {"executed_lines": [121, 122, 123, 124], "summary": {"covered_lines": 4, "num_statements": 4, "percent_covered": 100.0, "percent_covered_display": "100", "missing_lines": 0, "excluded_lines": 0, "percent_statements_covered": 100.0, "percent_statements_covered_display": "100"}, "missing_lines": [], "excluded_lines": [], "start_line": 107}, "SolutionStep.get_single_candidate_string": {"executed_lines": [132, 133, 134], "summary": {"covered_lines": 3, "num_statements": 3, "percent_covered": 100.0, "percent_covered_display": "100", "missing_lines": 0, "excluded_lines": 0, "percent_statements_covered": 100.0, "percent_statements_covered_display": "100"}, "missing_lines": [], "excluded_lines": [], "start_line": 126}, "SolutionStep.__str__": {"executed_lines": [137, 138, 139, 143, 144, 145, 146, 147], "summary": {"covered_lines": 8, "num_statements": 8, "percent_covered": 100.0, "percent_covered_display": "100", "missing_lines": 0, "excluded_lines": 0, "percent_statements_covered": 100.0, "percent_statements_covered_display": "100"}, "missing_lines": [], "excluded_lines": [], "start_line": 136}, "SolutionStep.__repr__": {"executed_lines": [150], "summary": {"covered_lines": 1, "num_statements": 1, "percent_covered": 100.0, "percent_covered_display": "100", "missing_lines": 0, "excluded_lines": 0, "percent_statements_covered": 100.0, "percent_statements_covered_display": "100"}, "missing_lines": [], "excluded_lines": [], "start_line": 149}, "": {"executed_lines": [1, 3, 5, 8, 12, 13, 15, 16, 18, 22, 23, 25, 26, 29, 30, 34, 37, 38, 39, 42, 43, 44, 45, 46, 47, 50, 51, 52, 55, 56, 59, 60, 63, 64, 65, 67, 70, 73, 76, 79, 92, 100, 107, 126, 136, 149], "summary": {"covered_lines": 46, "num_statements": 46, "percent_covered": 100.0, "percent_covered_display": "100", "missing_lines": 0, "excluded_lines": 0, "percent_statements_covered": 100.0, "percent_statements_covered_display": "100"}, "missing_lines": [], "excluded_lines": [], "start_line": 1}}, "classes": {"Candidate": {"executed_lines": [19], "summary": {"covered_lines": 1, "num_statements": 1, "percent_covered": 100.0, "percent_covered_display": "100", "missing_lines": 0, "excluded_lines": 0, "percent_statements_covered": 100.0, "percent_statements_covered_display": "100"}, "missing_lines": [], "excluded_lines": [], "start_line": 13}, "Entity": {"executed_lines": [], "summary": {"covered_lines": 0, "num_statements": 0, "percent_covered": 100.0, "percent_covered_display": "100", "missing_lines": 0, "excluded_lines": 0, "percent_statements_covered": 100.0, "percent_statements_covered_display": "100"}, "missing_lines": [], "excluded_lines": [], "start_line": 23}, "SolutionStep": {"executed_lines": [68, 71, 74, 77, 81, 82, 83, 84, 85, 86, 87, 88, 89, 90, 94, 95, 96, 97, 98, 102, 103, 104, 105, 121, 122, 123, 124, 132, 133, 134, 137, 138, 139, 143, 144, 145, 146, 147, 150], "summary": {"covered_lines": 39, "num_statements": 39, "percent_covered": 100.0, "percent_covered_display": "100", "missing_lines": 0, "excluded_lines": 0, "percent_statements_covered": 100.0, "percent_statements_covered_display": "100"}, "missing_lines": [], "excluded_lines": [], "start_line": 30}, "": {"executed_lines": [1, 3, 5, 8, 9, 12, 13, 15, 16, 18, 22, 23, 25, 26, 29, 30, 34, 37, 38, 39, 42, 43, 44, 45, 46, 47, 50, 51, 52, 55, 56, 59, 60, 63, 64, 65, 67, 70, 73, 76, 79, 92, 100, 107, 126, 136, 149], "summary": {"covered_lines": 47, "num_statements": 47, "percent_covered": 100.0, "percent_covered_display": "100", "missing_lines": 0, "excluded_lines": 0, "percent_statements_covered": 100.0, "percent_statements_covered_display": "100"}, "missing_lines": [], "excluded_lines": [], "start_line": 1}}}, "src/hodoku/core/types.py": {"executed_lines": [1, 4, 5, 6, 7, 8, 9, 10, 13, 14, 15, 16, 17, 18, 19, 20, 21, 22, 23, 24, 25, 26, 27, 28, 29, 30, 31, 34, 36, 37, 38, 40, 41, 42, 43, 45, 46, 47, 48, 49, 50, 52, 53, 54, 55, 56, 57, 59, 60, 61, 62, 63, 64, 65, 66, 67, 68, 69, 70, 72, 73, 74, 75, 76, 77, 78, 79, 80, 81, 82, 83, 85, 86, 87, 88, 89, 90, 91, 92, 93, 94, 95, 96, 98, 99, 101, 102, 103, 104, 105, 106, 108, 109, 110, 111, 113, 114, 115, 116, 117, 118, 119, 120, 121, 122, 124, 125, 126, 128, 129, 130, 131, 132, 133, 134, 135, 136, 138, 139, 140, 141, 142, 144, 145, 146, 147, 149, 150, 151, 153, 154, 156, 157], "summary": {"covered_lines": 133, "num_statements": 133, "percent_covered": 100.0, "percent_covered_display": "100", "missing_lines": 0, "excluded_lines": 0, "percent_statements_covered": 100.0, "percent_statements_covered_display": "100"}, "missing_lines": [], "excluded_lines": [], "functions": {"SolutionType.is_single": {"executed_lines": [157], "summary": {"covered_lines": 1, "num_statements": 1, "percent_covered": 100.0, "percent_covered_display": "100", "missing_lines": 0, "excluded_lines": 0, "percent_statements_covered": 100.0, "percent_statements_covered_display": "100"}, "missing_lines": [], "excluded_lines": [], "start_line": 156}, "": {"executed_lines": [1, 4, 5, 6, 7, 8, 9, 10, 13, 14, 15, 16, 17, 18, 19, 20, 21, 22, 23, 24, 25, 26, 27, 28, 29, 30, 31, 34, 36, 37, 38, 40, 41, 42, 43, 45, 46, 47, 48, 49, 50, 52, 53, 54, 55, 56, 57, 59, 60, 61, 62, 63, 64, 65, 66, 67, 68, 69, 70, 72, 73, 74, 75, 76, 77, 78, 79, 80, 81, 82, 83, 85, 86, 87, 88, 89, 90, 91, 92, 93, 94, 95, 96, 98, 99, 101, 102, 103, 104, 105, 106, 108, 109, 110, 111, 113, 114, 115, 116, 117, 118, 119, 120, 121, 122, 124, 125, 126, 128, 129, 130, 131, 132, 133, 134, 135, 136, 138, 139, 140, 141, 142, 144, 145, 146, 147, 149, 150, 151, 153, 154, 156], "summary": {"covered_lines": 132, "num_statements": 132, "percent_covered": 100.0, "percent_covered_display": "100", "missing_lines": 0, "excluded_lines": 0, "percent_statements_covered": 100.0, "percent_statements_covered_display": "100"}, "missing_lines": [], "excluded_lines": [], "start_line": 1}}, "classes": {"DifficultyType": {"executed_lines": [], "summary": {"covered_lines": 0, "num_statements": 0, "percent_covered": 100.0, "percent_covered_display": "100", "missing_lines": 0, "excluded_lines": 0, "percent_statements_covered": 100.0, "percent_statements_covered_display": "100"}, "missing_lines": [], "excluded_lines": [], "start_line": 4}, "SolutionCategory": {"executed_lines": [], "summary": {"covered_lines": 0, "num_statements": 0, "percent_covered": 100.0, "percent_covered_display": "100", "missing_lines": 0, "excluded_lines": 0, "percent_statements_covered": 100.0, "percent_statements_covered_display": "100"}, "missing_lines": [], "excluded_lines": [], "start_line": 13}, "SolutionType": {"executed_lines": [157], "summary": {"covered_lines": 1, "num_statements": 1, "percent_covered": 100.0, "percent_covered_display": "100", "missing_lines": 0, "excluded_lines": 0, "percent_statements_covered": 100.0, "percent_statements_covered_display": "100"}, "missing_lines": [], "excluded_lines": [], "start_line": 34}, "": {"executed_lines": [1, 4, 5, 6, 7, 8, 9, 10, 13, 14, 15, 16, 17, 18, 19, 20, 21, 22, 23, 24, 25, 26, 27, 28, 29, 30, 31, 34, 36, 37, 38, 40, 41, 42, 43, 45, 46, 47, 48, 49, 50, 52, 53, 54, 55, 56, 57, 59, 60, 61, 62, 63, 64, 65, 66, 67, 68, 69, 70, 72, 73, 74, 75, 76, 77, 78, 79, 80, 81, 82, 83, 85, 86, 87, 88, 89, 90, 91, 92, 93, 94, 95, 96, 98, 99, 101, 102, 103, 104, 105, 106, 108, 109, 110, 111, 113, 114, 115, 116, 117, 118, 119, 120, 121, 122, 124, 125, 126, 128, 129, 130, 131, 132, 133, 134, 135, 136, 138, 139, 140, 141, 142, 144, 145, 146, 147, 149, 150, 151, 153, 154, 156], "summary": {"covered_lines": 132, "num_statements": 132, "percent_covered": 100.0, "percent_covered_display": "100", "missing_lines": 0, "excluded_lines": 0, "percent_statements_covered": 100.0, "percent_statements_covered_display": "100"}, "missing_lines": [], "excluded_lines": [], "start_line": 1}}}, "src/hodoku/generator/__init__.py": {"executed_lines": [1, 2, 4], "summary": {"covered_lines": 3, "num_statements": 3, "percent_covered": 100.0, "percent_covered_display": "100", "missing_lines": 0, "excluded_lines": 0, "percent_statements_covered": 100.0, "percent_statements_covered_display": "100"}, "missing_lines": [], "excluded_lines": [], "functions": {"": {"executed_lines": [1, 2, 4], "summary": {"covered_lines": 3, "num_statements": 3, "percent_covered": 100.0, "percent_covered_display": "100", "missing_lines": 0, "excluded_lines": 0, "percent_statements_covered": 100.0, "percent_statements_covered_display": "100"}, "missing_lines": [], "excluded_lines": [], "start_line": 1}}, "classes": {"": {"executed_lines": [1, 2, 4], "summary": {"covered_lines": 3, "num_statements": 3, "percent_covered": 100.0, "percent_covered_display": "100", "missing_lines": 0, "excluded_lines": 0, "percent_statements_covered": 100.0, "percent_statements_covered_display": "100"}, "missing_lines": [], "excluded_lines": [], "start_line": 1}}}, "src/hodoku/generator/generator.py": {"executed_lines": [14, 16, 17, 19, 32, 33, 34, 35, 36, 41, 42, 48, 58, 61, 63, 64, 65, 66, 67, 74, 80, 81, 82, 84, 85, 86, 88, 90, 91, 92, 93, 94, 95, 96, 101, 102, 104, 106, 109, 118, 121, 122, 130, 131, 132, 133, 134, 135, 136, 139, 140, 141, 142, 143, 144, 145, 146, 147, 148, 149, 150, 151, 152, 154, 157, 163, 164, 165, 166, 167, 168, 171, 177, 178, 179, 181, 183, 184, 185, 186, 189, 190, 191, 192, 194, 195, 197, 204, 207, 208, 209, 210, 211, 212, 213, 214, 220, 226, 227, 228, 229, 230, 232, 237, 238, 239, 240, 242, 244, 246, 248, 250, 252, 258, 271, 273, 274, 275, 277, 278, 279, 280, 281, 282, 283, 286, 288, 293, 294, 296, 303, 304, 305, 308, 309, 310, 311, 312, 313, 314, 315, 316, 319, 320, 321, 322, 324, 325, 327, 328, 331, 332, 333, 334, 335, 336, 337, 339, 340, 341, 344, 347, 348, 349, 352, 353, 354, 355, 356, 359, 362, 363, 365, 367, 372, 373, 375, 380, 386, 387, 388, 389, 391, 392, 393, 395, 397, 399, 400, 401, 402, 403, 404, 405, 407, 413, 414, 416, 420, 421, 424, 425, 426, 427, 428, 431, 433, 435, 436, 437, 438, 439, 441, 447, 448, 450, 451, 452, 454, 455, 461, 463, 464, 465, 466, 467, 469, 471, 472, 473, 474, 475, 476, 478, 479, 480, 481, 483, 484, 485, 486, 487, 491, 493, 500, 501, 502, 503, 504, 505, 507, 508, 509, 510, 513, 514, 515, 516, 517, 519, 520, 521, 522, 523, 524, 527, 529, 533, 539, 545, 546, 548, 550, 552, 553, 554, 555, 563, 564, 565, 567, 572, 573, 576, 579, 581, 582, 583, 585, 586, 587, 588, 590, 591, 592, 593, 594, 597, 598, 599, 600, 601, 602, 603, 604, 605, 606, 608, 609, 611, 612, 614, 615, 618, 621, 622, 624, 625, 626, 627, 628, 629, 630, 633, 634, 637, 639, 644, 645, 647, 648, 655, 662, 663, 664, 667, 668, 671, 672, 674, 675, 676, 677, 678, 679, 680, 681, 682, 685, 686, 687, 688, 690, 691, 692, 693, 694, 695, 696], "summary": {"covered_lines": 359, "num_statements": 375, "percent_covered": 95.73333333333333, "percent_covered_display": "96", "missing_lines": 16, "excluded_lines": 0, "percent_statements_covered": 95.73333333333333, "percent_statements_covered_display": "96"}, "missing_lines": [119, 284, 357, 358, 360, 370, 376, 378, 409, 417, 488, 489, 530, 531, 577, 642], "excluded_lines": [], "functions": {"_StackEntry.__init__": {"executed_lines": [64, 65, 66, 67], "summary": {"covered_lines": 4, "num_statements": 4, "percent_covered": 100.0, "percent_covered_display": "100", "missing_lines": 0, "excluded_lines": 0, "percent_statements_covered": 100.0, "percent_statements_covered_display": "100"}, "missing_lines": [], "excluded_lines": [], "start_line": 63}, "_del_cand_valid": {"executed_lines": [80, 81, 82, 84, 85, 86, 88, 90, 91, 92, 93, 94, 95, 96, 101, 102, 104, 106], "summary": {"covered_lines": 18, "num_statements": 18, "percent_covered": 100.0, "percent_covered_display": "100", "missing_lines": 0, "excluded_lines": 0, "percent_statements_covered": 100.0, "percent_statements_covered_display": "100"}, "missing_lines": [], "excluded_lines": [], "start_line": 74}, "_set_cell_valid": {"executed_lines": [118, 121, 122, 130, 131, 132, 133, 134, 135, 136, 139, 140, 141, 142, 143, 144, 145, 146, 147, 148, 149, 150, 151, 152, 154], "summary": {"covered_lines": 25, "num_statements": 26, "percent_covered": 96.15384615384616, "percent_covered_display": "96", "missing_lines": 1, "excluded_lines": 0, "percent_statements_covered": 96.15384615384616, "percent_statements_covered_display": "96"}, "missing_lines": [119], "excluded_lines": [], "start_line": 109}, "_copy_state": {"executed_lines": [163, 164, 165, 166, 167, 168], "summary": {"covered_lines": 6, "num_statements": 6, "percent_covered": 100.0, "percent_covered_display": "100", "missing_lines": 0, "excluded_lines": 0, "percent_statements_covered": 100.0, "percent_statements_covered_display": "100"}, "missing_lines": [], "excluded_lines": [], "start_line": 157}, "_set_all_exposed_singles": {"executed_lines": [177, 178, 179, 181, 183, 184, 185, 186, 189, 190, 191, 192, 194, 195, 197], "summary": {"covered_lines": 15, "num_statements": 15, "percent_covered": 100.0, "percent_covered_display": "100", "missing_lines": 0, "excluded_lines": 0, "percent_statements_covered": 100.0, "percent_statements_covered_display": "100"}, "missing_lines": [], "excluded_lines": [], "start_line": 171}, "SudokuGenerator.__init__": {"executed_lines": [208, 209, 210, 211, 212, 213, 214], "summary": {"covered_lines": 7, "num_statements": 7, "percent_covered": 100.0, "percent_covered_display": "100", "missing_lines": 0, "excluded_lines": 0, "percent_statements_covered": 100.0, "percent_statements_covered_display": "100"}, "missing_lines": [], "excluded_lines": [], "start_line": 207}, "SudokuGenerator.valid_solution": {"executed_lines": [226, 227, 228, 229, 230], "summary": {"covered_lines": 5, "num_statements": 5, "percent_covered": 100.0, "percent_covered_display": "100", "missing_lines": 0, "excluded_lines": 0, "percent_statements_covered": 100.0, "percent_statements_covered_display": "100"}, "missing_lines": [], "excluded_lines": [], "start_line": 220}, "SudokuGenerator.get_number_of_solutions": {"executed_lines": [237, 238, 239, 240], "summary": {"covered_lines": 4, "num_statements": 4, "percent_covered": 100.0, "percent_covered_display": "100", "missing_lines": 0, "excluded_lines": 0, "percent_statements_covered": 100.0, "percent_statements_covered_display": "100"}, "missing_lines": [], "excluded_lines": [], "start_line": 232}, "SudokuGenerator.get_solution": {"executed_lines": [244], "summary": {"covered_lines": 1, "num_statements": 1, "percent_covered": 100.0, "percent_covered_display": "100", "missing_lines": 0, "excluded_lines": 0, "percent_statements_covered": 100.0, "percent_statements_covered_display": "100"}, "missing_lines": [], "excluded_lines": [], "start_line": 242}, "SudokuGenerator.get_solution_count": {"executed_lines": [248], "summary": {"covered_lines": 1, "num_statements": 1, "percent_covered": 100.0, "percent_covered_display": "100", "missing_lines": 0, "excluded_lines": 0, "percent_statements_covered": 100.0, "percent_statements_covered_display": "100"}, "missing_lines": [], "excluded_lines": [], "start_line": 246}, "SudokuGenerator.get_solution_as_string": {"executed_lines": [252], "summary": {"covered_lines": 1, "num_statements": 1, "percent_covered": 100.0, "percent_covered_display": "100", "missing_lines": 0, "excluded_lines": 0, "percent_statements_covered": 100.0, "percent_statements_covered_display": "100"}, "missing_lines": [], "excluded_lines": [], "start_line": 250}, "SudokuGenerator.generate_sudoku": {"executed_lines": [271, 273, 274, 275, 277, 278, 279, 280, 281, 282, 283, 286], "summary": {"covered_lines": 12, "num_statements": 13, "percent_covered": 92.3076923076923, "percent_covered_display": "92", "missing_lines": 1, "excluded_lines": 0, "percent_statements_covered": 92.3076923076923, "percent_statements_covered_display": "92"}, "missing_lines": [284], "excluded_lines": [], "start_line": 258}, "SudokuGenerator._generate_full_grid": {"executed_lines": [293, 294], "summary": {"covered_lines": 2, "num_statements": 2, "percent_covered": 100.0, "percent_covered_display": "100", "missing_lines": 0, "excluded_lines": 0, "percent_statements_covered": 100.0, "percent_statements_covered_display": "100"}, "missing_lines": [], "excluded_lines": [], "start_line": 288}, "SudokuGenerator._do_generate_full_grid": {"executed_lines": [303, 304, 305, 308, 309, 310, 311, 312, 313, 314, 315, 316, 319, 320, 321, 322, 324, 325, 327, 328, 331, 332, 333, 334, 335, 336, 337, 339, 340, 341, 344, 347, 348, 349, 352, 353, 354, 355, 356, 359, 362, 363, 365, 367, 372, 373, 375], "summary": {"covered_lines": 47, "num_statements": 53, "percent_covered": 88.67924528301887, "percent_covered_display": "89", "missing_lines": 6, "excluded_lines": 0, "percent_statements_covered": 88.67924528301887, "percent_statements_covered_display": "89"}, "missing_lines": [357, 358, 360, 370, 376, 378], "excluded_lines": [], "start_line": 296}, "SudokuGenerator._generate_init_pos": {"executed_lines": [386, 387, 388, 389, 391, 392, 393, 395, 397, 399, 400, 401, 402, 403, 404, 405, 407, 413, 414, 416, 420, 421, 424, 425, 426, 427, 428, 431, 433, 435, 436, 437, 438, 439], "summary": {"covered_lines": 34, "num_statements": 36, "percent_covered": 94.44444444444444, "percent_covered_display": "94", "missing_lines": 2, "excluded_lines": 0, "percent_statements_covered": 94.44444444444444, "percent_statements_covered_display": "94"}, "missing_lines": [409, 417], "excluded_lines": [], "start_line": 380}, "SudokuGenerator._generate_init_pos_pattern": {"executed_lines": [447, 448, 450, 451, 452, 454, 455], "summary": {"covered_lines": 7, "num_statements": 7, "percent_covered": 100.0, "percent_covered_display": "100", "missing_lines": 0, "excluded_lines": 0, "percent_statements_covered": 100.0, "percent_statements_covered_display": "100"}, "missing_lines": [], "excluded_lines": [], "start_line": 441}, "SudokuGenerator._solve_grid": {"executed_lines": [463, 464, 465, 466, 467], "summary": {"covered_lines": 5, "num_statements": 5, "percent_covered": 100.0, "percent_covered_display": "100", "missing_lines": 0, "excluded_lines": 0, "percent_statements_covered": 100.0, "percent_statements_covered_display": "100"}, "missing_lines": [], "excluded_lines": [], "start_line": 461}, "SudokuGenerator.solve_string": {"executed_lines": [471, 472, 473, 474, 475, 476, 478, 479, 480, 481, 483, 484, 485, 486, 487, 491], "summary": {"covered_lines": 16, "num_statements": 18, "percent_covered": 88.88888888888889, "percent_covered_display": "89", "missing_lines": 2, "excluded_lines": 0, "percent_statements_covered": 88.88888888888889, "percent_statements_covered_display": "89"}, "missing_lines": [488, 489], "excluded_lines": [], "start_line": 469}, "SudokuGenerator.solve_values": {"executed_lines": [500, 501, 502, 503, 504, 505, 507, 508, 509, 510, 513, 514, 515, 516, 517, 519, 520, 521, 522, 523, 524, 527, 529, 533], "summary": {"covered_lines": 24, "num_statements": 26, "percent_covered": 92.3076923076923, "percent_covered_display": "92", "missing_lines": 2, "excluded_lines": 0, "percent_statements_covered": 92.3076923076923, "percent_statements_covered_display": "92"}, "missing_lines": [530, 531], "excluded_lines": [], "start_line": 493}, "SudokuGenerator._solve": {"executed_lines": [545, 546, 548], "summary": {"covered_lines": 3, "num_statements": 3, "percent_covered": 100.0, "percent_covered_display": "100", "missing_lines": 0, "excluded_lines": 0, "percent_statements_covered": 100.0, "percent_statements_covered_display": "100"}, "missing_lines": [], "excluded_lines": [], "start_line": 539}, "SudokuGenerator._solve_c": {"executed_lines": [552, 553, 554, 555, 563, 564, 565], "summary": {"covered_lines": 7, "num_statements": 7, "percent_covered": 100.0, "percent_covered_display": "100", "missing_lines": 0, "excluded_lines": 0, "percent_statements_covered": 100.0, "percent_statements_covered_display": "100"}, "missing_lines": [], "excluded_lines": [], "start_line": 550}, "SudokuGenerator._solve_py": {"executed_lines": [572, 573, 576, 579, 581, 582, 583, 585, 586, 587, 588, 590, 591, 592, 593, 594, 597, 598, 599, 600, 601, 602, 603, 604, 605, 606, 608, 609, 611, 612, 614, 615, 618, 621, 622, 624, 625, 626, 627, 628, 629, 630, 633, 634, 637, 639, 644, 645, 647, 648], "summary": {"covered_lines": 50, "num_statements": 52, "percent_covered": 96.15384615384616, "percent_covered_display": "96", "missing_lines": 2, "excluded_lines": 0, "percent_statements_covered": 96.15384615384616, "percent_statements_covered_display": "96"}, "missing_lines": [577, 642], "excluded_lines": [], "start_line": 567}, "_rebuild_internal": {"executed_lines": [662, 663, 664, 667, 668, 671, 672, 674, 675, 676, 677, 678, 679, 680, 681, 682, 685, 686, 687, 688, 690, 691, 692, 693, 694, 695, 696], "summary": {"covered_lines": 27, "num_statements": 27, "percent_covered": 100.0, "percent_covered_display": "100", "missing_lines": 0, "excluded_lines": 0, "percent_statements_covered": 100.0, "percent_statements_covered_display": "100"}, "missing_lines": [], "excluded_lines": [], "start_line": 655}, "": {"executed_lines": [14, 16, 17, 19, 32, 33, 34, 35, 36, 41, 42, 48, 58, 61, 63, 74, 109, 157, 171, 204, 207, 220, 232, 242, 246, 250, 258, 288, 296, 380, 441, 461, 469, 493, 539, 550, 567, 655], "summary": {"covered_lines": 38, "num_statements": 38, "percent_covered": 100.0, "percent_covered_display": "100", "missing_lines": 0, "excluded_lines": 0, "percent_statements_covered": 100.0, "percent_statements_covered_display": "100"}, "missing_lines": [], "excluded_lines": [], "start_line": 1}}, "classes": {"_StackEntry": {"executed_lines": [64, 65, 66, 67], "summary": {"covered_lines": 4, "num_statements": 4, "percent_covered": 100.0, "percent_covered_display": "100", "missing_lines": 0, "excluded_lines": 0, "percent_statements_covered": 100.0, "percent_statements_covered_display": "100"}, "missing_lines": [], "excluded_lines": [], "start_line": 58}, "SudokuGenerator": {"executed_lines": [208, 209, 210, 211, 212, 213, 214, 226, 227, 228, 229, 230, 237, 238, 239, 240, 244, 248, 252, 271, 273, 274, 275, 277, 278, 279, 280, 281, 282, 283, 286, 293, 294, 303, 304, 305, 308, 309, 310, 311, 312, 313, 314, 315, 316, 319, 320, 321, 322, 324, 325, 327, 328, 331, 332, 333, 334, 335, 336, 337, 339, 340, 341, 344, 347, 348, 349, 352, 353, 354, 355, 356, 359, 362, 363, 365, 367, 372, 373, 375, 386, 387, 388, 389, 391, 392, 393, 395, 397, 399, 400, 401, 402, 403, 404, 405, 407, 413, 414, 416, 420, 421, 424, 425, 426, 427, 428, 431, 433, 435, 436, 437, 438, 439, 447, 448, 450, 451, 452, 454, 455, 463, 464, 465, 466, 467, 471, 472, 473, 474, 475, 476, 478, 479, 480, 481, 483, 484, 485, 486, 487, 491, 500, 501, 502, 503, 504, 505, 507, 508, 509, 510, 513, 514, 515, 516, 517, 519, 520, 521, 522, 523, 524, 527, 529, 533, 545, 546, 548, 552, 553, 554, 555, 563, 564, 565, 572, 573, 576, 579, 581, 582, 583, 585, 586, 587, 588, 590, 591, 592, 593, 594, 597, 598, 599, 600, 601, 602, 603, 604, 605, 606, 608, 609, 611, 612, 614, 615, 618, 621, 622, 624, 625, 626, 627, 628, 629, 630, 633, 634, 637, 639, 644, 645, 647, 648], "summary": {"covered_lines": 226, "num_statements": 241, "percent_covered": 93.7759336099585, "percent_covered_display": "94", "missing_lines": 15, "excluded_lines": 0, "percent_statements_covered": 93.7759336099585, "percent_statements_covered_display": "94"}, "missing_lines": [284, 357, 358, 360, 370, 376, 378, 409, 417, 488, 489, 530, 531, 577, 642], "excluded_lines": [], "start_line": 204}, "": {"executed_lines": [14, 16, 17, 19, 32, 33, 34, 35, 36, 41, 42, 48, 58, 61, 63, 74, 80, 81, 82, 84, 85, 86, 88, 90, 91, 92, 93, 94, 95, 96, 101, 102, 104, 106, 109, 118, 121, 122, 130, 131, 132, 133, 134, 135, 136, 139, 140, 141, 142, 143, 144, 145, 146, 147, 148, 149, 150, 151, 152, 154, 157, 163, 164, 165, 166, 167, 168, 171, 177, 178, 179, 181, 183, 184, 185, 186, 189, 190, 191, 192, 194, 195, 197, 204, 207, 220, 232, 242, 246, 250, 258, 288, 296, 380, 441, 461, 469, 493, 539, 550, 567, 655, 662, 663, 664, 667, 668, 671, 672, 674, 675, 676, 677, 678, 679, 680, 681, 682, 685, 686, 687, 688, 690, 691, 692, 693, 694, 695, 696], "summary": {"covered_lines": 129, "num_statements": 130, "percent_covered": 99.23076923076923, "percent_covered_display": "99", "missing_lines": 1, "excluded_lines": 0, "percent_statements_covered": 99.23076923076923, "percent_statements_covered_display": "99"}, "missing_lines": [119], "excluded_lines": [], "start_line": 1}}}, "src/hodoku/generator/pattern.py": {"executed_lines": [9, 11, 13, 16, 17, 30, 31, 32, 34, 35, 36, 41, 42, 44, 46, 48, 54, 55], "summary": {"covered_lines": 18, "num_statements": 18, "percent_covered": 100.0, "percent_covered_display": "100", "missing_lines": 0, "excluded_lines": 0, "percent_statements_covered": 100.0, "percent_statements_covered_display": "100"}, "missing_lines": [], "excluded_lines": [], "functions": {"GeneratorPattern.__post_init__": {"executed_lines": [35, 36], "summary": {"covered_lines": 2, "num_statements": 2, "percent_covered": 100.0, "percent_covered_display": "100", "missing_lines": 0, "excluded_lines": 0, "percent_statements_covered": 100.0, "percent_statements_covered_display": "100"}, "missing_lines": [], "excluded_lines": [], "start_line": 34}, "GeneratorPattern.num_givens": {"executed_lines": [44], "summary": {"covered_lines": 1, "num_statements": 1, "percent_covered": 100.0, "percent_covered_display": "100", "missing_lines": 0, "excluded_lines": 0, "percent_statements_covered": 100.0, "percent_statements_covered_display": "100"}, "missing_lines": [], "excluded_lines": [], "start_line": 42}, "GeneratorPattern.clone": {"executed_lines": [48], "summary": {"covered_lines": 1, "num_statements": 1, "percent_covered": 100.0, "percent_covered_display": "100", "missing_lines": 0, "excluded_lines": 0, "percent_statements_covered": 100.0, "percent_statements_covered_display": "100"}, "missing_lines": [], "excluded_lines": [], "start_line": 46}, "GeneratorPattern.__str__": {"executed_lines": [55], "summary": {"covered_lines": 1, "num_statements": 1, "percent_covered": 100.0, "percent_covered_display": "100", "missing_lines": 0, "excluded_lines": 0, "percent_statements_covered": 100.0, "percent_statements_covered_display": "100"}, "missing_lines": [], "excluded_lines": [], "start_line": 54}, "": {"executed_lines": [9, 11, 13, 16, 17, 30, 31, 32, 34, 41, 42, 46, 54], "summary": {"covered_lines": 13, "num_statements": 13, "percent_covered": 100.0, "percent_covered_display": "100", "missing_lines": 0, "excluded_lines": 0, "percent_statements_covered": 100.0, "percent_statements_covered_display": "100"}, "missing_lines": [], "excluded_lines": [], "start_line": 1}}, "classes": {"GeneratorPattern": {"executed_lines": [35, 36, 44, 48, 55], "summary": {"covered_lines": 5, "num_statements": 5, "percent_covered": 100.0, "percent_covered_display": "100", "missing_lines": 0, "excluded_lines": 0, "percent_statements_covered": 100.0, "percent_statements_covered_display": "100"}, "missing_lines": [], "excluded_lines": [], "start_line": 17}, "": {"executed_lines": [9, 11, 13, 16, 17, 30, 31, 32, 34, 41, 42, 46, 54], "summary": {"covered_lines": 13, "num_statements": 13, "percent_covered": 100.0, "percent_covered_display": "100", "missing_lines": 0, "excluded_lines": 0, "percent_statements_covered": 100.0, "percent_statements_covered_display": "100"}, "missing_lines": [], "excluded_lines": [], "start_line": 1}}}, "src/hodoku/solver/__init__.py": {"executed_lines": [], "summary": {"covered_lines": 0, "num_statements": 0, "percent_covered": 100.0, "percent_covered_display": "100", "missing_lines": 0, "excluded_lines": 0, "percent_statements_covered": 100.0, "percent_statements_covered_display": "100"}, "missing_lines": [], "excluded_lines": [], "functions": {"": {"executed_lines": [], "summary": {"covered_lines": 0, "num_statements": 0, "percent_covered": 100.0, "percent_covered_display": "100", "missing_lines": 0, "excluded_lines": 0, "percent_statements_covered": 100.0, "percent_statements_covered_display": "100"}, "missing_lines": [], "excluded_lines": [], "start_line": 1}}, "classes": {"": {"executed_lines": [], "summary": {"covered_lines": 0, "num_statements": 0, "percent_covered": 100.0, "percent_covered_display": "100", "missing_lines": 0, "excluded_lines": 0, "percent_statements_covered": 100.0, "percent_statements_covered_display": "100"}, "missing_lines": [], "excluded_lines": [], "start_line": 1}}}, "src/hodoku/solver/als.py": {"executed_lines": [7, 9, 10, 12, 13, 14, 19, 22, 29, 35, 37, 38, 39, 40, 41, 42, 43, 50, 53, 59, 60, 61, 62, 63, 64, 65, 67, 69, 70, 71, 72, 73, 74, 75, 76, 77, 78, 79, 80, 82, 87, 88, 90, 92, 94, 97, 105, 111, 113, 115, 116, 117, 118, 119, 121, 123, 124, 125, 126, 127, 128, 129, 130, 131, 132, 134, 135, 138, 143, 145, 146, 148, 149, 150, 151, 153, 156, 157, 159, 161, 163, 164, 166, 173, 179, 180, 182, 183, 184, 185, 187, 188, 190, 193, 208, 209, 210, 211, 212, 213, 214, 215, 216, 217, 218, 219, 220, 221, 229, 243, 244, 245, 246, 248, 249, 250, 251, 252, 253, 254, 255, 257, 258, 259, 260, 261, 262, 263, 264, 265, 266, 267, 269, 270, 272, 274, 275, 276, 277, 278, 280, 281, 282, 283, 284, 285, 287, 294, 303, 304, 305, 306, 307, 308, 310, 311, 312, 313, 314, 315, 316, 317, 318, 319, 320, 321, 322, 323, 324, 327, 335, 336, 337, 338, 339, 340, 341, 342, 343, 344, 345, 346, 347, 348, 349, 350, 357, 358, 361, 367, 368, 369, 370, 371, 372, 375, 377, 378, 379, 381, 382, 383, 385, 399, 400, 401, 402, 403, 404, 407, 413, 414, 415, 416, 423, 426, 428, 429, 430, 432, 433, 434, 441, 444, 445, 446, 447, 449, 451, 454, 455, 456, 457, 458, 459, 460, 461, 466, 469, 470, 471, 472, 473, 474, 475, 476, 477, 478, 485, 487, 488, 489, 491, 492, 494, 495, 497, 500, 503, 504, 505, 506, 508, 509, 511, 512, 513, 514, 515, 516, 518, 520, 522, 523, 524, 525, 527, 528, 530, 531, 533, 534, 535, 536, 537, 538, 539, 540, 542, 543, 544, 545, 546, 547, 549, 555, 557, 558, 559, 560, 562, 563, 564, 565, 568, 569, 572, 573, 574, 576, 577, 580, 581, 583, 584, 587, 591, 592, 594, 595, 596, 597, 598, 599, 600, 602, 604, 606, 607, 608, 609, 610, 612, 613, 614, 615, 616, 617, 618, 619, 620, 621, 622, 623, 624, 625, 626, 627, 628, 632, 633, 634, 635, 636, 637, 638, 639, 640, 642, 648, 649, 650, 651, 652, 654, 655, 656, 658, 659, 660, 661, 667, 669, 671, 673, 674, 675, 676, 678, 679, 680, 682, 683, 684, 685, 691, 693, 695, 709, 712, 713, 714, 715, 717, 718, 719, 720, 722, 727, 728, 730, 732, 733, 734, 737, 740, 741, 742, 743, 744, 745, 749, 750, 751, 752, 753, 754, 755, 756, 758, 759, 760, 761, 762, 763, 764, 766, 767, 768, 770, 777, 778, 781, 782, 785, 786, 792, 794, 795, 796, 797, 799, 800, 801, 802, 803, 804, 805, 807, 808, 809, 810, 811, 812, 814, 815, 820, 822, 855, 859, 861, 862, 863, 864, 865, 866, 867, 868, 869, 870, 871, 872, 873, 874, 875, 877, 879, 892, 895, 896, 897, 899, 902, 905, 906, 907, 910, 911, 913, 914, 915, 916, 917, 919, 920, 926, 929, 930, 931, 933, 936, 937, 943, 952, 954, 955, 956, 957, 958, 960, 961, 963, 964, 965, 966, 967, 969, 972, 973, 974, 975, 977, 978, 979, 980, 981, 983, 984, 986, 987, 988, 989, 990, 991, 992, 993, 994, 996, 999, 1002, 1004, 1005, 1006, 1007, 1008, 1015, 1023, 1025, 1026, 1027, 1029, 1030, 1031, 1032, 1034], "summary": {"covered_lines": 555, "num_statements": 611, "percent_covered": 90.83469721767594, "percent_covered_display": "91", "missing_lines": 56, "excluded_lines": 2, "percent_statements_covered": 90.83469721767594, "percent_statements_covered_display": "91"}, "missing_lines": [36, 89, 91, 95, 98, 160, 162, 388, 389, 390, 392, 393, 394, 396, 462, 463, 464, 479, 493, 529, 585, 710, 723, 724, 725, 738, 739, 747, 824, 825, 826, 828, 830, 831, 832, 833, 834, 835, 836, 838, 839, 840, 841, 842, 843, 845, 846, 850, 851, 853, 893, 898, 903, 934, 970, 1028], "excluded_lines": [16, 17], "functions": {"_get_buddies_of_set": {"executed_lines": [35, 37, 38, 39, 40, 41, 42, 43], "summary": {"covered_lines": 8, "num_statements": 9, "percent_covered": 88.88888888888889, "percent_covered_display": "89", "missing_lines": 1, "excluded_lines": 0, "percent_statements_covered": 88.88888888888889, "percent_statements_covered_display": "89"}, "missing_lines": [36], "excluded_lines": [], "start_line": 29}, "Als.__init__": {"executed_lines": [60, 61, 62, 63, 64, 65], "summary": {"covered_lines": 6, "num_statements": 6, "percent_covered": 100.0, "percent_covered_display": "100", "missing_lines": 0, "excluded_lines": 0, "percent_statements_covered": 100.0, "percent_statements_covered_display": "100"}, "missing_lines": [], "excluded_lines": [], "start_line": 59}, "Als.compute_fields": {"executed_lines": [69, 70, 71, 72, 73, 74, 75, 76, 77, 78, 79, 80], "summary": {"covered_lines": 12, "num_statements": 12, "percent_covered": 100.0, "percent_covered_display": "100", "missing_lines": 0, "excluded_lines": 0, "percent_statements_covered": 100.0, "percent_statements_covered_display": "100"}, "missing_lines": [], "excluded_lines": [], "start_line": 67}, "Als.get_chain_penalty": {"executed_lines": [87, 88, 90, 92], "summary": {"covered_lines": 4, "num_statements": 6, "percent_covered": 66.66666666666667, "percent_covered_display": "67", "missing_lines": 2, "excluded_lines": 0, "percent_statements_covered": 66.66666666666667, "percent_statements_covered_display": "67"}, "missing_lines": [89, 91], "excluded_lines": [], "start_line": 82}, "Als.__eq__": {"executed_lines": [], "summary": {"covered_lines": 0, "num_statements": 1, "percent_covered": 0.0, "percent_covered_display": "0", "missing_lines": 1, "excluded_lines": 0, "percent_statements_covered": 0.0, "percent_statements_covered_display": "0"}, "missing_lines": [95], "excluded_lines": [], "start_line": 94}, "Als.__hash__": {"executed_lines": [], "summary": {"covered_lines": 0, "num_statements": 1, "percent_covered": 0.0, "percent_covered_display": "0", "missing_lines": 1, "excluded_lines": 0, "percent_statements_covered": 0.0, "percent_statements_covered_display": "0"}, "missing_lines": [98], "excluded_lines": [], "start_line": 97}, "RestrictedCommon.__init__": {"executed_lines": [115, 116, 117, 118, 119], "summary": {"covered_lines": 5, "num_statements": 5, "percent_covered": 100.0, "percent_covered_display": "100", "missing_lines": 0, "excluded_lines": 0, "percent_statements_covered": 100.0, "percent_statements_covered_display": "100"}, "missing_lines": [], "excluded_lines": [], "start_line": 113}, "RestrictedCommon.check_rc": {"executed_lines": [123, 124, 125, 126, 127, 128, 129, 130, 131, 132, 134, 135], "summary": {"covered_lines": 12, "num_statements": 12, "percent_covered": 100.0, "percent_covered_display": "100", "missing_lines": 0, "excluded_lines": 0, "percent_statements_covered": 100.0, "percent_statements_covered_display": "100"}, "missing_lines": [], "excluded_lines": [], "start_line": 121}, "_check_rc_int": {"executed_lines": [143, 145, 146, 148, 149, 150, 151, 153, 156, 157, 159, 161, 163, 164, 166], "summary": {"covered_lines": 15, "num_statements": 17, "percent_covered": 88.23529411764706, "percent_covered_display": "88", "missing_lines": 2, "excluded_lines": 0, "percent_statements_covered": 88.23529411764706, "percent_statements_covered_display": "88"}, "missing_lines": [160, 162], "excluded_lines": [], "start_line": 138}, "_collect_alses": {"executed_lines": [179, 180, 182, 183, 184, 185, 187, 188, 190], "summary": {"covered_lines": 9, "num_statements": 9, "percent_covered": 100.0, "percent_covered_display": "100", "missing_lines": 0, "excluded_lines": 0, "percent_statements_covered": 100.0, "percent_statements_covered_display": "100"}, "missing_lines": [], "excluded_lines": [], "start_line": 173}, "_check_als_recursive": {"executed_lines": [208, 209, 210, 211, 212, 213, 214, 215, 216, 217, 218, 219, 220, 221], "summary": {"covered_lines": 14, "num_statements": 14, "percent_covered": 100.0, "percent_covered_display": "100", "missing_lines": 0, "excluded_lines": 0, "percent_statements_covered": 100.0, "percent_statements_covered_display": "100"}, "missing_lines": [], "excluded_lines": [], "start_line": 193}, "_collect_rcs": {"executed_lines": [243, 244, 245, 246, 248, 249, 250, 251, 252, 253, 254, 255, 257, 258, 259, 260, 261, 262, 263, 264, 265, 266, 267, 269, 270, 272, 274, 275, 276, 277, 278, 280, 281, 282, 283, 284, 285, 287], "summary": {"covered_lines": 38, "num_statements": 38, "percent_covered": 100.0, "percent_covered_display": "100", "missing_lines": 0, "excluded_lines": 0, "percent_statements_covered": 100.0, "percent_statements_covered_disp
[...]
es": [258, 260, 261, 262, 263, 264, 265, 266, 267, 269, 270, 271, 272, 273], "summary": {"covered_lines": 14, "num_statements": 14, "percent_covered": 100.0, "percent_covered_display": "100", "missing_lines": 0, "excluded_lines": 0, "percent_statements_covered": 100.0, "percent_statements_covered_display": "100"}, "missing_lines": [], "excluded_lines": [], "start_line": 250}, "UniquenessSolver._find_bug_plus_1": {"executed_lines": [287, 288, 289, 290, 291, 292, 293, 294, 295, 296, 297, 298, 299, 300, 302, 303, 304, 305, 306, 307, 309, 310, 311, 312, 313, 314, 315, 316, 317, 318, 319, 320, 322, 324, 325, 327, 329, 330, 332, 333, 335, 336, 337, 338, 339, 340], "summary": {"covered_lines": 46, "num_statements": 50, "percent_covered": 92.0, "percent_covered_display": "92", "missing_lines": 4, "excluded_lines": 0, "percent_statements_covered": 92.0, "percent_statements_covered_display": "92"}, "missing_lines": [308, 323, 328, 331], "excluded_lines": [], "start_line": 279}, "UniquenessSolver._find_ur": {"executed_lines": [348, 349, 350, 351, 354, 355, 356, 357, 358, 359, 360, 361, 365, 366, 369, 370, 372], "summary": {"covered_lines": 17, "num_statements": 18, "percent_covered": 94.44444444444444, "percent_covered_display": "94", "missing_lines": 1, "excluded_lines": 0, "percent_statements_covered": 94.44444444444444, "percent_statements_covered_display": "94"}, "missing_lines": [371], "excluded_lines": [], "start_line": 346}, "UniquenessSolver._find_ur_for_pair": {"executed_lines": [393, 394, 396, 404, 405, 406, 407, 408, 409, 410, 411, 412, 413, 415, 417, 418, 420, 421, 422, 423, 424, 425, 426, 427, 428, 429, 433, 434, 435, 436, 438, 442, 443, 444], "summary": {"covered_lines": 34, "num_statements": 35, "percent_covered": 97.14285714285714, "percent_covered_display": "97", "missing_lines": 1, "excluded_lines": 0, "percent_statements_covered": 97.14285714285714, "percent_statements_covered_display": "97"}, "missing_lines": [430], "excluded_lines": [], "start_line": 374}, "UniquenessSolver._find_ur_for_pair._has_cands": {"executed_lines": [397, 398], "summary": {"covered_lines": 2, "num_statements": 3, "percent_covered": 66.66666666666667, "percent_covered_display": "67", "missing_lines": 1, "excluded_lines": 0, "percent_statements_covered": 66.66666666666667, "percent_statements_covered_display": "67"}, "missing_lines": [399], "excluded_lines": [], "start_line": 396}, "UniquenessSolver._check_ur": {"executed_lines": [455, 456, 457, 460, 461, 462, 463, 464, 465, 467, 469, 471, 481, 490, 491, 492, 493, 494, 495, 496, 497, 498, 499, 502, 503, 504, 505, 506, 507, 508, 509, 510, 511, 512, 513, 514, 515, 516, 517, 518, 519, 520, 525, 526, 527, 528, 529, 530, 531, 532, 533, 537, 538, 539, 540, 541, 542, 543, 544, 545, 550, 551, 553, 561, 566, 567, 571, 572, 573, 574, 575, 576, 577, 578, 579, 580, 581, 582, 583, 584, 585, 586, 587, 588, 589, 590, 594, 595, 596, 597, 598, 600, 601, 602, 603, 604, 605, 606, 607, 608, 609, 610, 611, 612, 613, 614, 615, 616, 617, 618, 619, 620, 621, 622, 627, 628, 629, 630, 631, 632, 633, 635, 636, 640, 641, 643, 644, 648, 649, 651], "summary": {"covered_lines": 130, "num_statements": 130, "percent_covered": 100.0, "percent_covered_display": "100", "missing_lines": 0, "excluded_lines": 0, "percent_statements_covered": 100.0, "percent_statements_covered_display": "100"}, "missing_lines": [], "excluded_lines": [], "start_line": 446}, "UniquenessSolver._check_ur.emit": {"executed_lines": [472, 473, 474, 475, 476, 477, 478, 479], "summary": {"covered_lines": 8, "num_statements": 8, "percent_covered": 100.0, "percent_covered_display": "100", "missing_lines": 0, "excluded_lines": 0, "percent_statements_covered": 100.0, "percent_statements_covered_display": "100"}, "missing_lines": [], "excluded_lines": [], "start_line": 471}, "UniquenessSolver._check_ur.make_step": {"executed_lines": [482, 483, 484, 485, 486, 487], "summary": {"covered_lines": 6, "num_statements": 6, "percent_covered": 100.0, "percent_covered_display": "100", "missing_lines": 0, "excluded_lines": 0, "percent_statements_covered": 100.0, "percent_statements_covered_display": "100"}, "missing_lines": [], "excluded_lines": [], "start_line": 481}, "UniquenessSolver._check_ut3_recursive": {"executed_lines": [669, 670, 671, 672, 675, 676, 678, 679, 680, 682, 683, 684, 685, 686, 687, 688, 689, 690, 691, 692, 693, 694, 696, 697, 698, 699, 700, 701, 702, 703, 704, 705, 707, 708, 709, 710, 711, 712, 713, 714, 715, 717, 718, 719, 721, 726, 727, 728], "summary": {"covered_lines": 48, "num_statements": 48, "percent_covered": 100.0, "percent_covered_display": "100", "missing_lines": 0, "excluded_lines": 0, "percent_statements_covered": 100.0, "percent_statements_covered_display": "100"}, "missing_lines": [], "excluded_lines": [], "start_line": 653}, "UniquenessSolver._check_hidden_rect": {"executed_lines": [742, 743, 744, 745, 746, 748, 749, 751, 752, 753, 755, 757, 758, 759, 760, 762, 763, 764, 765, 766, 767, 768, 769, 770, 771, 772, 774, 775, 776, 777], "summary": {"covered_lines": 30, "num_statements": 30, "percent_covered": 100.0, "percent_covered_display": "100", "missing_lines": 0, "excluded_lines": 0, "percent_statements_covered": 100.0, "percent_statements_covered_display": "100"}, "missing_lines": [], "excluded_lines": [], "start_line": 730}, "UniquenessSolver._line_mask": {"executed_lines": [780, 781, 782, 783], "summary": {"covered_lines": 4, "num_statements": 4, "percent_covered": 100.0, "percent_covered_display": "100", "missing_lines": 0, "excluded_lines": 0, "percent_statements_covered": 100.0, "percent_statements_covered_display": "100"}, "missing_lines": [], "excluded_lines": [], "start_line": 779}, "UniquenessSolver._col_mask": {"executed_lines": [786, 787, 788, 789], "summary": {"covered_lines": 4, "num_statements": 4, "percent_covered": 100.0, "percent_covered_display": "100", "missing_lines": 0, "excluded_lines": 0, "percent_statements_covered": 100.0, "percent_statements_covered_display": "100"}, "missing_lines": [], "excluded_lines": [], "start_line": 785}, "_same_line_or_col": {"executed_lines": [793, 795, 796], "summary": {"covered_lines": 3, "num_statements": 4, "percent_covered": 75.0, "percent_covered_display": "75", "missing_lines": 1, "excluded_lines": 0, "percent_statements_covered": 75.0, "percent_statements_covered_display": "75"}, "missing_lines": [794], "excluded_lines": [], "start_line": 792}, "_same_block": {"executed_lines": [802, 804, 805, 806, 807], "summary": {"covered_lines": 5, "num_statements": 6, "percent_covered": 83.33333333333333, "percent_covered_display": "83", "missing_lines": 1, "excluded_lines": 0, "percent_statements_covered": 83.33333333333333, "percent_statements_covered_display": "83"}, "missing_lines": [803], "excluded_lines": [], "start_line": 800}, "": {"executed_lines": [7, 9, 10, 11, 13, 23, 29, 32, 35, 38, 47, 59, 84, 111, 180, 250, 279, 346, 374, 446, 653, 730, 779, 785, 792, 800], "summary": {"covered_lines": 26, "num_statements": 26, "percent_covered": 100.0, "percent_covered_display": "100", "missing_lines": 0, "excluded_lines": 0, "percent_statements_covered": 100.0, "percent_statements_covered_display": "100"}, "missing_lines": [], "excluded_lines": [], "start_line": 1}}, "classes": {"UniquenessSolver": {"executed_lines": [36, 39, 40, 41, 42, 43, 44, 48, 49, 50, 51, 52, 53, 54, 55, 56, 61, 62, 63, 64, 67, 68, 69, 70, 71, 72, 73, 74, 78, 95, 96, 98, 100, 101, 102, 104, 107, 108, 109, 120, 121, 124, 125, 126, 127, 128, 129, 130, 131, 132, 134, 135, 136, 138, 139, 140, 141, 142, 145, 146, 147, 148, 150, 152, 154, 156, 158, 160, 162, 164, 165, 167, 168, 169, 170, 172, 176, 177, 178, 188, 190, 191, 193, 194, 195, 196, 197, 198, 199, 201, 203, 204, 205, 206, 207, 208, 209, 210, 212, 213, 216, 217, 218, 222, 223, 224, 225, 228, 229, 230, 232, 233, 234, 235, 236, 237, 238, 239, 240, 241, 242, 243, 244, 258, 260, 261, 262, 263, 264, 265, 266, 267, 269, 270, 271, 272, 273, 287, 288, 289, 290, 291, 292, 293, 294, 295, 296, 297, 298, 299, 300, 302, 303, 304, 305, 306, 307, 309, 310, 311, 312, 313, 314, 315, 316, 317, 318, 319, 320, 322, 324, 325, 327, 329, 330, 332, 333, 335, 336, 337, 338, 339, 340, 348, 349, 350, 351, 354, 355, 356, 357, 358, 359, 360, 361, 365, 366, 369, 370, 372, 393, 394, 396, 397, 398, 404, 405, 406, 407, 408, 409, 410, 411, 412, 413, 415, 417, 418, 420, 421, 422, 423, 424, 425, 426, 427, 428, 429, 433, 434, 435, 436, 438, 442, 443, 444, 455, 456, 457, 460, 461, 462, 463, 464, 465, 467, 469, 471, 472, 473, 474, 475, 476, 477, 478, 479, 481, 482, 483, 484, 485, 486, 487, 490, 491, 492, 493, 494, 495, 496, 497, 498, 499, 502, 503, 504, 505, 506, 507, 508, 509, 510, 511, 512, 513, 514, 515, 516, 517, 518, 519, 520, 525, 526, 527, 528, 529, 530, 531, 532, 533, 537, 538, 539, 540, 541, 542, 543, 544, 545, 550, 551, 553, 561, 566, 567, 571, 572, 573, 574, 575, 576, 577, 578, 579, 580, 581, 582, 583, 584, 585, 586, 587, 588, 589, 590, 594, 595, 596, 597, 598, 600, 601, 602, 603, 604, 605, 606, 607, 608, 609, 610, 611, 612, 613, 614, 615, 616, 617, 618, 619, 620, 621, 622, 627, 628, 629, 630, 631, 632, 633, 635, 636, 640, 641, 643, 644, 648, 649, 651, 669, 670, 671, 672, 675, 676, 678, 679, 680, 682, 683, 684, 685, 686, 687, 688, 689, 690, 691, 692, 693, 694, 696, 697, 698, 699, 700, 701, 702, 703, 704, 705, 707, 708, 709, 710, 711, 712, 713, 714, 715, 717, 718, 719, 721, 726, 727, 728, 742, 743, 744, 745, 746, 748, 749, 751, 752, 753, 755, 757, 758, 759, 760, 762, 763, 764, 765, 766, 767, 768, 769, 770, 771, 772, 774, 775, 776, 777, 780, 781, 782, 783, 786, 787, 788, 789], "summary": {"covered_lines": 466, "num_statements": 476, "percent_covered": 97.89915966386555, "percent_covered_display": "98", "missing_lines": 10, "excluded_lines": 0, "percent_statements_covered": 97.89915966386555, "percent_statements_covered_display": "98"}, "missing_lines": [45, 57, 192, 308, 323, 328, 331, 371, 399, 430], "excluded_lines": [], "start_line": 32}, "": {"executed_lines": [7, 9, 10, 11, 13, 23, 29, 32, 35, 38, 47, 59, 84, 111, 180, 250, 279, 346, 374, 446, 653, 730, 779, 785, 792, 793, 795, 796, 800, 802, 804, 805, 806, 807], "summary": {"covered_lines": 34, "num_statements": 36, "percent_covered": 94.44444444444444, "percent_covered_display": "94", "missing_lines": 2, "excluded_lines": 0, "percent_statements_covered": 94.44444444444444, "percent_statements_covered_display": "94"}, "missing_lines": [794, 803], "excluded_lines": [], "start_line": 1}}}, "src/hodoku/solver/wings.py": {"executed_lines": [6, 8, 9, 10, 13, 16, 17, 19, 20, 21, 22, 23, 24, 25, 28, 29, 30, 31, 32, 33, 34, 37, 38, 39, 40, 41, 42, 43, 44, 45, 46, 47, 48, 50, 51, 52, 54, 55, 56, 57, 59, 60, 61, 62, 63, 64, 65, 66, 68, 69, 70, 71, 72, 74, 75, 76, 81, 82, 83, 84, 87, 88, 89, 90, 92, 93, 94, 95, 96, 97, 99, 100, 102, 103, 104, 105, 106, 107, 109, 110, 111, 113, 114, 115, 116, 117, 120, 121, 122, 124, 125, 126, 127, 128, 131, 132, 133, 135, 141, 142, 144, 145, 147, 159, 160, 161, 162, 163, 164, 165, 166, 167, 168, 169, 171, 173, 174, 175, 176, 178, 179, 180, 181, 182, 183, 184, 185, 187, 188, 189, 191, 192, 195, 196, 197, 202, 203, 204, 205, 206, 208, 212, 214, 215, 217, 218, 219, 220, 223, 226, 227, 228, 230, 231, 232, 234, 235, 237, 239, 240, 241, 242, 244, 246, 247, 248, 251, 252, 253, 254, 256, 257, 258, 259, 260, 261, 267, 274, 275, 276, 277, 278, 280, 281, 283, 284, 287, 288, 290, 291, 292, 295, 296, 297, 298, 299, 302, 303, 304, 305, 306, 308, 310, 323, 325, 326, 327, 329, 330, 331, 332, 333, 334, 335, 336, 338, 340, 341, 342, 343, 345, 346, 347, 348, 350, 351, 352, 353, 355, 358, 359, 360, 361, 362, 363, 364, 365, 366, 368, 369, 370, 371, 372, 373, 375, 381, 383, 384], "summary": {"covered_lines": 248, "num_statements": 255, "percent_covered": 97.25490196078431, "percent_covered_display": "97", "missing_lines": 7, "excluded_lines": 0, "percent_statements_covered": 97.25490196078431, "percent_statements_covered_display": "97"}, "missing_lines": [26, 35, 58, 67, 177, 186, 221], "excluded_lines": [], "functions": {"WingSolver.__init__": {"executed_lines": [17], "summary": {"covered_lines": 1, "num_statements": 1, "percent_covered": 100.0, "percent_covered_display": "100", "missing_lines": 0, "excluded_lines": 0, "percent_statements_covered": 100.0, "percent_statements_covered_display": "100"}, "missing_lines": [], "excluded_lines": [], "start_line": 16}, "WingSolver.get_step": {"executed_lines": [20, 21, 22, 23, 24, 25], "summary": {"covered_lines": 6, "num_statements": 7, "percent_covered": 85.71428571428571, "percent_covered_display": "86", "missing_lines": 1, "excluded_lines": 0, "percent_statements_covered": 85.71428571428571, "percent_statements_covered_display": "86"}, "missing_lines": [26], "excluded_lines": [], "start_line": 19}, "WingSolver.find_all": {"executed_lines": [29, 30, 31, 32, 33, 34], "summary": {"covered_lines": 6, "num_statements": 7, "percent_covered": 85.71428571428571, "percent_covered_display": "86", "missing_lines": 1, "excluded_lines": 0, "percent_statements_covered": 85.71428571428571, "percent_statements_covered_display": "86"}, "missing_lines": [35], "excluded_lines": [], "start_line": 28}, "WingSolver._find_wing_all": {"executed_lines": [38, 39, 40, 41, 42, 43, 44, 45, 46, 47, 48, 50, 51, 52, 54, 55, 56, 57, 59, 60, 61, 62, 63, 64, 65, 66, 68, 69, 70, 71, 72, 74, 75, 76, 81, 82, 83, 84, 87, 88, 89, 90], "summary": {"covered_lines": 42, "num_statements": 44, "percent_covered": 95.45454545454545, "percent_covered_display": "95", "missing_lines": 2, "excluded_lines": 0, "percent_statements_covered": 95.45454545454545, "percent_statements_covered_display": "95"}, "missing_lines": [58, 67], "excluded_lines": [], "start_line": 37}, "WingSolver._find_w_wing_all": {"executed_lines": [93, 94, 95, 96, 97, 99, 100, 102, 103, 104, 105, 106, 107, 109, 110, 111, 113, 114, 115, 116, 117, 120, 121, 122, 124, 125, 126, 127, 128, 131, 132, 133, 135], "summary": {"covered_lines": 33, "num_statements": 33, "percent_covered": 100.0, "percent_covered_display": "100", "missing_lines": 0, "excluded_lines": 0, "percent_statements_covered": 100.0, "percent_statements_covered_display": "100"}, "missing_lines": [], "excluded_lines": [], "start_line": 92}, "WingSolver._find_xy_wing": {"executed_lines": [142], "summary": {"covered_lines": 1, "num_statements": 1, "percent_covered": 100.0, "percent_covered_display": "100", "missing_lines": 0, "excluded_lines": 0, "percent_statements_covered": 100.0, "percent_statements_covered_display": "100"}, "missing_lines": [], "excluded_lines": [], "start_line": 141}, "WingSolver._find_xyz_wing": {"executed_lines": [145], "summary": {"covered_lines": 1, "num_statements": 1, "percent_covered": 100.0, "percent_covered_display": "100", "missing_lines": 0, "excluded_lines": 0, "percent_statements_covered": 100.0, "percent_statements_covered_display": "100"}, "missing_lines": [], "excluded_lines": [], "start_line": 144}, "WingSolver._find_wing": {"executed_lines": [159, 160, 161, 162, 163, 164, 165, 166, 167, 168, 169, 171, 173, 174, 175, 176, 178, 179, 180, 181, 182, 183, 184, 185, 187, 188, 189, 191, 192, 195, 196, 197, 202, 203, 204, 205, 206], "summary": {"covered_lines": 37, "num_statements": 39, "percent_covered": 94.87179487179488, "percent_covered_display": "95", "missing_lines": 2, "excluded_lines": 0, "percent_statements_covered": 94.87179487179488, "percent_statements_covered_display": "95"}, "missing_lines": [177, 186], "excluded_lines": [], "start_line": 147}, "WingSolver._check_wing": {"executed_lines": [212, 214, 215, 217, 218, 219, 220, 223, 226, 227, 228, 230, 231, 232, 234, 235, 237, 239, 240, 241, 242, 244, 246, 247, 248, 251, 252, 253, 254, 256, 257, 258, 259, 260, 261], "summary": {"covered_lines": 35, "num_statements": 36, "percent_covered": 97.22222222222223, "percent_covered_display": "97", "missing_lines": 1, "excluded_lines": 0, "percent_statements_covered": 97.22222222222223, "percent_statements_covered_display": "97"}, "missing_lines": [221], "excluded_lines": [], "start_line": 208}, "WingSolver._find_w_wing": {"executed_lines": [274, 275, 276, 277, 278, 280, 281, 283, 284, 287, 288, 290, 291, 292, 295, 296, 297, 298, 299, 302, 303, 304, 305, 306, 308], "summary": {"covered_lines": 25, "num_statements": 25, "percent_covered": 100.0, "percent_covered_display": "100", "missing_lines": 0, "excluded_lines": 0, "percent_statements_covered": 100.0, "percent_statements_covered_display": "100"}, "missing_lines": [], "excluded_lines": [], "start_line": 267}, "WingSolver._check_w_link": {"executed_lines": [323, 325, 326, 327, 329, 330, 331, 332, 333, 334, 335, 336, 338, 340, 341, 342, 343, 345, 346, 347, 348, 350, 351, 352, 353, 355, 358, 359, 360, 361, 362, 363, 364, 365, 366, 368, 369, 370, 371, 372, 373, 375], "summary": {"covered_lines": 42, "num_statements": 42, "percent_covered": 100.0, "percent_covered_display": "100", "missing_lines": 0, "excluded_lines": 0, "percent_statements_covered": 100.0, "percent_statements_covered_display": "100"}, "missing_lines": [], "excluded_lines": [], "start_line": 310}, "WingSolver._unit_cells": {"executed_lines": [383, 384], "summary": {"covered_lines": 2, "num_statements": 2, "percent_covered": 100.0, "percent_covered_display": "100", "missing_lines": 0, "excluded_lines": 0, "percent_statements_covered": 100.0, "percent_statements_covered_display": "100"}, "missing_lines": [], "excluded_lines": [], "start_line": 381}, "": {"executed_lines": [6, 8, 9, 10, 13, 16, 19, 28, 37, 92, 141, 144, 147, 208, 267, 310, 381], "summary": {"covered_lines": 17, "num_statements": 17, "percent_covered": 100.0, "percent_covered_display": "100", "missing_lines": 0, "excluded_lines": 0, "percent_statements_covered": 100.0, "percent_statements_covered_display": "100"}, "missing_lines": [], "excluded_lines": [], "start_line": 1}}, "classes": {"WingSolver": {"executed_lines": [17, 20, 21, 22, 23, 24, 25, 29, 30, 31, 32, 33, 34, 38, 39, 40, 41, 42, 43, 44, 45, 46, 47, 48, 50, 51, 52, 54, 55, 56, 57, 59, 60, 61, 62, 63, 64, 65, 66, 68, 69, 70, 71, 72, 74, 75, 76, 81, 82, 83, 84, 87, 88, 89, 90, 93, 94, 95, 96, 97, 99, 100, 102, 103, 104, 105, 106, 107, 109, 110, 111, 113, 114, 115, 116, 117, 120, 121, 122, 124, 125, 126, 127, 128, 131, 132, 133, 135, 142, 145, 159, 160, 161, 162, 163, 164, 165, 166, 167, 168, 169, 171, 173, 174, 175, 176, 178, 179, 180, 181, 182, 183, 184, 185, 187, 188, 189, 191, 192, 195, 196, 197, 202, 203, 204, 205, 206, 212, 214, 215, 217, 218, 219, 220, 223, 226, 227, 228, 230, 231, 232, 234, 235, 237, 239, 240, 241, 242, 244, 246, 247, 248, 251, 252, 253, 254, 256, 257, 258, 259, 260, 261, 274, 275, 276, 277, 278, 280, 281, 283, 284, 287, 288, 290, 291, 292, 295, 296, 297, 298, 299, 302, 303, 304, 305, 306, 308, 323, 325, 326, 327, 329, 330, 331, 332, 333, 334, 335, 336, 338, 340, 341, 342, 343, 345, 346, 347, 348, 350, 351, 352, 353, 355, 358, 359, 360, 361, 362, 363, 364, 365, 366, 368, 369, 370, 371, 372, 373, 375, 383, 384], "summary": {"covered_lines": 231, "num_statements": 238, "percent_covered": 97.05882352941177, "percent_covered_display": "97", "missing_lines": 7, "excluded_lines": 0, "percent_statements_covered": 97.05882352941177, "percent_statements_covered_display": "97"}, "missing_lines": [26, 35, 58, 67, 177, 186, 221], "excluded_lines": [], "start_line": 13}, "": {"executed_lines": [6, 8, 9, 10, 13, 16, 19, 28, 37, 92, 141, 144, 147, 208, 267, 310, 381], "summary": {"covered_lines": 17, "num_statements": 17, "percent_covered": 100.0, "percent_covered_display": "100", "missing_lines": 0, "excluded_lines": 0, "percent_statements_covered": 100.0, "percent_statements_covered_display": "100"}, "missing_lines": [], "excluded_lines": [], "start_line": 1}}}}, "totals": {"covered_lines": 6309, "num_statements": 6597, "percent_covered": 95.6343792633015, "percent_covered_display": "96", "missing_lines": 288, "excluded_lines": 18, "percent_statements_covered": 95.6343792633015, "percent_statements_covered_display": "96"}}